mode: set
helixtrack.ru/core/internal/config/config.go:71.47,73.16 2 1
helixtrack.ru/core/internal/config/config.go:73.16,75.3 1 1
helixtrack.ru/core/internal/config/config.go:77.2,78.54 2 1
helixtrack.ru/core/internal/config/config.go:78.54,80.3 1 1
helixtrack.ru/core/internal/config/config.go:83.2,86.42 2 1
helixtrack.ru/core/internal/config/config.go:86.42,88.3 1 1
helixtrack.ru/core/internal/config/config.go:90.2,90.21 1 1
helixtrack.ru/core/internal/config/config.go:94.34,95.25 1 1
helixtrack.ru/core/internal/config/config.go:95.25,97.3 1 1
helixtrack.ru/core/internal/config/config.go:98.2,98.29 1 1
helixtrack.ru/core/internal/config/config.go:98.29,100.3 1 1
helixtrack.ru/core/internal/config/config.go:101.2,101.23 1 1
helixtrack.ru/core/internal/config/config.go:101.23,103.3 1 1
helixtrack.ru/core/internal/config/config.go:105.2,105.27 1 1
helixtrack.ru/core/internal/config/config.go:105.27,107.3 1 1
helixtrack.ru/core/internal/config/config.go:108.2,108.64 1 1
helixtrack.ru/core/internal/config/config.go:108.64,110.3 1 1
helixtrack.ru/core/internal/config/config.go:111.2,111.71 1 1
helixtrack.ru/core/internal/config/config.go:111.71,113.3 1 0
helixtrack.ru/core/internal/config/config.go:116.2,116.44 1 1
helixtrack.ru/core/internal/config/config.go:116.44,118.3 1 1
helixtrack.ru/core/internal/config/config.go:119.2,119.41 1 1
helixtrack.ru/core/internal/config/config.go:119.41,121.3 1 1
helixtrack.ru/core/internal/config/config.go:122.2,122.76 1 1
helixtrack.ru/core/internal/config/config.go:122.76,124.3 1 0
helixtrack.ru/core/internal/config/config.go:125.2,125.47 1 1
helixtrack.ru/core/internal/config/config.go:125.47,126.23 1 0
helixtrack.ru/core/internal/config/config.go:126.23,129.4 2 0
helixtrack.ru/core/internal/config/config.go:134.35,135.27 1 1
helixtrack.ru/core/internal/config/config.go:135.27,137.3 1 1
helixtrack.ru/core/internal/config/config.go:139.2,139.39 1 1
helixtrack.ru/core/internal/config/config.go:139.39,140.29 1 1
helixtrack.ru/core/internal/config/config.go:140.29,142.4 1 0
helixtrack.ru/core/internal/config/config.go:143.3,143.50 1 1
helixtrack.ru/core/internal/config/config.go:143.50,145.4 1 1
helixtrack.ru/core/internal/config/config.go:146.3,146.21 1 1
helixtrack.ru/core/internal/config/config.go:146.21,147.31 1 1
helixtrack.ru/core/internal/config/config.go:147.31,149.5 1 1
helixtrack.ru/core/internal/config/config.go:150.4,150.30 1 1
helixtrack.ru/core/internal/config/config.go:150.30,152.5 1 0
helixtrack.ru/core/internal/config/config.go:156.2,156.66 1 1
helixtrack.ru/core/internal/config/config.go:156.66,158.3 1 1
helixtrack.ru/core/internal/config/config.go:160.2,160.64 1 1
helixtrack.ru/core/internal/config/config.go:160.64,162.3 1 0
helixtrack.ru/core/internal/config/config.go:164.2,164.35 1 1
helixtrack.ru/core/internal/config/config.go:164.35,165.36 1 1
helixtrack.ru/core/internal/config/config.go:165.36,167.4 1 1
helixtrack.ru/core/internal/config/config.go:168.3,168.70 1 1
helixtrack.ru/core/internal/config/config.go:168.70,170.4 1 0
helixtrack.ru/core/internal/config/config.go:171.3,171.36 1 1
helixtrack.ru/core/internal/config/config.go:171.36,173.4 1 0
helixtrack.ru/core/internal/config/config.go:174.3,174.40 1 1
helixtrack.ru/core/internal/config/config.go:174.40,176.4 1 0
helixtrack.ru/core/internal/config/config.go:180.2,180.78 1 1
helixtrack.ru/core/internal/config/config.go:180.78,182.3 1 0
helixtrack.ru/core/internal/config/config.go:183.2,183.72 1 1
helixtrack.ru/core/internal/config/config.go:183.72,185.3 1 0
helixtrack.ru/core/internal/config/config.go:187.2,187.12 1 1
helixtrack.ru/core/internal/config/config.go:191.55,192.26 1 1
helixtrack.ru/core/internal/config/config.go:192.26,194.3 1 1
helixtrack.ru/core/internal/config/config.go:195.2,195.12 1 1
helixtrack.ru/core/internal/config/config.go:199.46,201.21 2 1
helixtrack.ru/core/internal/config/config.go:201.21,203.3 1 1
helixtrack.ru/core/internal/config/config.go:204.2,204.62 1 1
helixtrack.ru/core/internal/logger/logger.go:20.45,22.55 1 1
helixtrack.ru/core/internal/logger/logger.go:22.55,24.3 1 0
helixtrack.ru/core/internal/logger/logger.go:27.2,28.21 2 1
helixtrack.ru/core/internal/logger/logger.go:28.21,29.64 1 1
helixtrack.ru/core/internal/logger/logger.go:29.64,31.4 1 1
helixtrack.ru/core/internal/logger/logger.go:35.2,42.31 6 1
helixtrack.ru/core/internal/logger/logger.go:42.31,44.3 1 1
helixtrack.ru/core/internal/logger/logger.go:47.2,75.12 7 1
helixtrack.ru/core/internal/logger/logger.go:79.24,80.25 1 1
helixtrack.ru/core/internal/logger/logger.go:80.25,84.3 2 1
helixtrack.ru/core/internal/logger/logger.go:85.2,85.21 1 1
helixtrack.ru/core/internal/logger/logger.go:89.38,90.20 1 1
helixtrack.ru/core/internal/logger/logger.go:90.20,92.3 1 1
helixtrack.ru/core/internal/logger/logger.go:93.2,93.16 1 1
helixtrack.ru/core/internal/logger/logger.go:97.19,98.25 1 1
helixtrack.ru/core/internal/logger/logger.go:98.25,100.3 1 1
helixtrack.ru/core/internal/logger/logger.go:101.2,101.12 1 1
helixtrack.ru/core/internal/logger/logger.go:105.45,107.2 1 1
helixtrack.ru/core/internal/logger/logger.go:110.44,112.2 1 1
helixtrack.ru/core/internal/logger/logger.go:115.44,117.2 1 1
helixtrack.ru/core/internal/logger/logger.go:120.45,122.2 1 1
helixtrack.ru/core/internal/logger/logger.go:125.45,127.2 1 0
helixtrack.ru/core/internal/logger/logger.go:130.51,132.2 1 1
helixtrack.ru/core/internal/logger/logger.go:135.50,137.2 1 1
helixtrack.ru/core/internal/logger/logger.go:140.50,142.2 1 1
helixtrack.ru/core/internal/logger/logger.go:145.51,147.2 1 1
helixtrack.ru/core/internal/logger/logger.go:150.51,152.2 1 0
helixtrack.ru/core/internal/database/database.go:44.63,48.18 3 1
helixtrack.ru/core/internal/database/database.go:49.16,51.17 2 1
helixtrack.ru/core/internal/database/database.go:51.17,53.4 1 0
helixtrack.ru/core/internal/database/database.go:56.3,57.17 2 1
helixtrack.ru/core/internal/database/database.go:57.17,60.4 2 1
helixtrack.ru/core/internal/database/database.go:63.3,63.26 1 1
helixtrack.ru/core/internal/database/database.go:65.18,77.17 3 0
helixtrack.ru/core/internal/database/database.go:77.17,79.4 1 0
helixtrack.ru/core/internal/database/database.go:82.3,83.26 2 0
helixtrack.ru/core/internal/database/database.go:85.10,86.68 1 1
helixtrack.ru/core/internal/database/database.go:90.2,90.36 1 1
helixtrack.ru/core/internal/database/database.go:90.36,93.3 2 0
helixtrack.ru/core/internal/database/database.go:95.2,98.8 1 1
helixtrack.ru/core/internal/database/database.go:102.95,104.2 1 1
helixtrack.ru/core/internal/database/database.go:107.88,109.2 1 1
helixtrack.ru/core/internal/database/database.go:112.95,114.2 1 1
helixtrack.ru/core/internal/database/database.go:117.58,119.2 1 1
helixtrack.ru/core/internal/database/database.go:122.28,124.2 1 1
helixtrack.ru/core/internal/database/database.go:127.46,129.2 1 1
helixtrack.ru/core/internal/database/database.go:132.31,134.2 1 1
helixtrack.ru/core/internal/database/optimized_database.go:97.53,124.2 1 1
helixtrack.ru/core/internal/database/optimized_database.go:127.108,131.18 3 1
helixtrack.ru/core/internal/database/optimized_database.go:132.16,136.33 2 1
helixtrack.ru/core/internal/database/optimized_database.go:136.33,143.28 4 1
helixtrack.ru/core/internal/database/optimized_database.go:143.28,145.5 1 1
helixtrack.ru/core/internal/database/optimized_database.go:149.3,163.33 11 1
helixtrack.ru/core/internal/database/optimized_database.go:163.33,165.4 1 1
helixtrack.ru/core/internal/database/optimized_database.go:165.9,168.4 1 1
helixtrack.ru/core/internal/database/optimized_database.go:170.3,170.17 1 1
helixtrack.ru/core/internal/database/optimized_database.go:170.17,172.4 1 0
helixtrack.ru/core/internal/database/optimized_database.go:176.3,176.23 1 1
helixtrack.ru/core/internal/database/optimized_database.go:176.23,179.4 2 1
helixtrack.ru/core/internal/database/optimized_database.go:179.9,182.4 2 0
helixtrack.ru/core/internal/database/optimized_database.go:184.18,196.34 2 0
helixtrack.ru/core/internal/database/optimized_database.go:196.34,198.4 1 0
helixtrack.ru/core/internal/database/optimized_database.go:199.3,199.33 1 0
helixtrack.ru/core/internal/database/optimized_database.go:199.33,201.4 1 0
helixtrack.ru/core/internal/database/optimized_database.go:203.3,204.17 2 0
helixtrack.ru/core/internal/database/optimized_database.go:204.17,206.4 1 0
helixtrack.ru/core/internal/database/optimized_database.go:209.3,210.44 2 0
helixtrack.ru/core/internal/database/optimized_database.go:212.10,213.68 1 1
helixtrack.ru/core/internal/database/optimized_database.go:217.2,224.46 5 1
helixtrack.ru/core/internal/database/optimized_database.go:224.46,227.3 2 1
helixtrack.ru/core/internal/database/optimized_database.go:230.2,230.28 1 1
helixtrack.ru/core/internal/database/optimized_database.go:230.28,231.23 1 0
helixtrack.ru/core/internal/database/optimized_database.go:231.23,233.4 1 0
helixtrack.ru/core/internal/database/optimized_database.go:235.3,239.55 3 0
helixtrack.ru/core/internal/database/optimized_database.go:242.2,247.8 1 1
helixtrack.ru/core/internal/database/optimized_database.go:251.104,257.2 4 0
helixtrack.ru/core/internal/database/optimized_database.go:260.97,266.2 4 1
helixtrack.ru/core/internal/database/optimized_database.go:269.104,275.2 4 1
helixtrack.ru/core/internal/database/optimized_database.go:278.112,283.16 4 0
helixtrack.ru/core/internal/database/optimized_database.go:283.16,285.3 1 0
helixtrack.ru/core/internal/database/optimized_database.go:287.2,288.40 2 0
helixtrack.ru/core/internal/database/optimized_database.go:292.105,297.16 4 0
helixtrack.ru/core/internal/database/optimized_database.go:297.16,300.3 1 0
helixtrack.ru/core/internal/database/optimized_database.go:302.2,303.43 2 0
helixtrack.ru/core/internal/database/optimized_database.go:307.112,312.16 4 0
helixtrack.ru/core/internal/database/optimized_database.go:312.16,314.3 1 0
helixtrack.ru/core/internal/database/optimized_database.go:316.2,317.39 2 0
helixtrack.ru/core/internal/database/optimized_database.go:321.93,327.12 4 0
helixtrack.ru/core/internal/database/optimized_database.go:327.12,329.3 1 0
helixtrack.ru/core/internal/database/optimized_database.go:332.2,337.12 4 0
helixtrack.ru/core/internal/database/optimized_database.go:337.12,339.3 1 0
helixtrack.ru/core/internal/database/optimized_database.go:342.2,343.16 2 0
helixtrack.ru/core/internal/database/optimized_database.go:343.16,345.3 1 0
helixtrack.ru/core/internal/database/optimized_database.go:347.2,348.18 2 0
helixtrack.ru/core/internal/database/optimized_database.go:352.55,357.35 4 1
helixtrack.ru/core/internal/database/optimized_database.go:357.35,358.38 1 0
helixtrack.ru/core/internal/database/optimized_database.go:358.38,360.4 1 0
helixtrack.ru/core/internal/database/optimized_database.go:363.2,364.16 2 1
helixtrack.ru/core/internal/database/optimized_database.go:368.67,372.2 1 0
helixtrack.ru/core/internal/database/optimized_database.go:375.37,380.2 2 1
helixtrack.ru/core/internal/database/optimized_database.go:383.55,385.2 1 1
helixtrack.ru/core/internal/database/optimized_database.go:388.40,390.2 1 0
helixtrack.ru/core/internal/database/optimized_database.go:393.49,404.22 9 0
helixtrack.ru/core/internal/database/optimized_database.go:404.22,406.3 1 0
helixtrack.ru/core/internal/database/optimized_database.go:408.2,424.3 4 0
helixtrack.ru/core/internal/database/optimized_database.go:428.45,432.2 3 1
helixtrack.ru/core/internal/database/optimized_database.go:435.53,439.2 3 0
helixtrack.ru/core/internal/database/optimized_database.go:442.62,446.2 3 1
helixtrack.ru/core/internal/metrics/metrics.go:70.28,76.2 1 1
helixtrack.ru/core/internal/metrics/metrics.go:79.94,85.43 3 1
helixtrack.ru/core/internal/metrics/metrics.go:85.43,88.3 2 1
helixtrack.ru/core/internal/metrics/metrics.go:88.8,88.50 1 1
helixtrack.ru/core/internal/metrics/metrics.go:88.50,90.3 1 1
helixtrack.ru/core/internal/metrics/metrics.go:90.8,90.50 1 1
helixtrack.ru/core/internal/metrics/metrics.go:90.50,93.3 2 1
helixtrack.ru/core/internal/metrics/metrics.go:93.8,93.30 1 1
helixtrack.ru/core/internal/metrics/metrics.go:93.30,96.3 2 1
helixtrack.ru/core/internal/metrics/metrics.go:99.2,102.6 2 1
helixtrack.ru/core/internal/metrics/metrics.go:102.6,104.27 2 1
helixtrack.ru/core/internal/metrics/metrics.go:104.27,105.9 1 1
helixtrack.ru/core/internal/metrics/metrics.go:107.3,107.72 1 1
helixtrack.ru/core/internal/metrics/metrics.go:107.72,108.9 1 1
helixtrack.ru/core/internal/metrics/metrics.go:113.2,113.6 1 1
helixtrack.ru/core/internal/metrics/metrics.go:113.6,115.27 2 1
helixtrack.ru/core/internal/metrics/metrics.go:115.27,116.9 1 1
helixtrack.ru/core/internal/metrics/metrics.go:118.3,118.72 1 1
helixtrack.ru/core/internal/metrics/metrics.go:118.72,119.9 1 1
helixtrack.ru/core/internal/metrics/metrics.go:124.2,129.63 4 1
helixtrack.ru/core/internal/metrics/metrics.go:133.96,140.13 5 1
helixtrack.ru/core/internal/metrics/metrics.go:140.13,144.14 3 1
helixtrack.ru/core/internal/metrics/metrics.go:144.14,151.4 2 1
helixtrack.ru/core/internal/metrics/metrics.go:152.3,152.24 1 1
helixtrack.ru/core/internal/metrics/metrics.go:156.2,160.6 3 1
helixtrack.ru/core/internal/metrics/metrics.go:160.6,162.27 2 1
helixtrack.ru/core/internal/metrics/metrics.go:162.27,163.9 1 1
helixtrack.ru/core/internal/metrics/metrics.go:165.3,165.72 1 1
helixtrack.ru/core/internal/metrics/metrics.go:165.72,166.9 1 1
helixtrack.ru/core/internal/metrics/metrics.go:171.2,171.6 1 1
helixtrack.ru/core/internal/metrics/metrics.go:171.6,173.27 2 1
helixtrack.ru/core/internal/metrics/metrics.go:173.27,174.9 1 1
helixtrack.ru/core/internal/metrics/metrics.go:176.3,176.72 1 1
helixtrack.ru/core/internal/metrics/metrics.go:176.72,177.9 1 1
helixtrack.ru/core/internal/metrics/metrics.go:182.2,182.43 1 1
helixtrack.ru/core/internal/metrics/metrics.go:182.43,184.3 1 1
helixtrack.ru/core/internal/metrics/metrics.go:184.8,184.50 1 1
helixtrack.ru/core/internal/metrics/metrics.go:184.50,186.3 1 1
helixtrack.ru/core/internal/metrics/metrics.go:186.8,186.50 1 1
helixtrack.ru/core/internal/metrics/metrics.go:186.50,188.3 1 1
helixtrack.ru/core/internal/metrics/metrics.go:188.8,188.30 1 1
helixtrack.ru/core/internal/metrics/metrics.go:188.30,190.3 1 1
helixtrack.ru/core/internal/metrics/metrics.go:194.69,207.23 12 1
helixtrack.ru/core/internal/metrics/metrics.go:207.23,209.3 1 1
helixtrack.ru/core/internal/metrics/metrics.go:211.2,213.26 3 1
helixtrack.ru/core/internal/metrics/metrics.go:213.26,215.3 1 1
helixtrack.ru/core/internal/metrics/metrics.go:217.2,237.22 5 1
helixtrack.ru/core/internal/metrics/metrics.go:237.22,240.46 3 1
helixtrack.ru/core/internal/metrics/metrics.go:240.46,255.4 2 1
helixtrack.ru/core/internal/metrics/metrics.go:256.3,256.25 1 1
helixtrack.ru/core/internal/metrics/metrics.go:259.2,259.16 1 1
helixtrack.ru/core/internal/metrics/metrics.go:263.27,284.2 17 1
helixtrack.ru/core/internal/metrics/metrics.go:287.58,288.30 1 1
helixtrack.ru/core/internal/metrics/metrics.go:288.30,297.3 4 1
helixtrack.ru/core/internal/metrics/metrics.go:304.34,306.2 1 1
helixtrack.ru/core/internal/metrics/metrics.go:326.65,331.22 3 1
helixtrack.ru/core/internal/metrics/metrics.go:331.22,332.37 1 1
helixtrack.ru/core/internal/metrics/metrics.go:332.37,335.4 2 1
helixtrack.ru/core/internal/metrics/metrics.go:338.2,346.20 2 1
helixtrack.ru/core/internal/metrics/metrics.go:346.20,348.3 1 1
helixtrack.ru/core/internal/metrics/metrics.go:350.2,350.15 1 1
