mode: atomic
helixtrack.ru/core/main.go:22.13,29.18 4 0
helixtrack.ru/core/main.go:29.18,32.3 2 0
helixtrack.ru/core/main.go:35.2,36.16 2 0
helixtrack.ru/core/main.go:36.16,39.3 2 0
helixtrack.ru/core/main.go:42.2,45.51 2 0
helixtrack.ru/core/main.go:45.51,48.3 2 0
helixtrack.ru/core/main.go:49.2,56.16 5 0
helixtrack.ru/core/main.go:56.16,58.3 1 0
helixtrack.ru/core/main.go:61.2,61.12 1 0
helixtrack.ru/core/main.go:61.12,62.37 1 0
helixtrack.ru/core/main.go:62.37,64.4 1 0
helixtrack.ru/core/main.go:68.2,78.42 7 0
helixtrack.ru/core/main.go:78.42,81.3 2 0
helixtrack.ru/core/main.go:83.2,83.43 1 0
helixtrack.ru/core/internal/config/config.go:89.47,91.16 2 7
helixtrack.ru/core/internal/config/config.go:91.16,93.3 1 1
helixtrack.ru/core/internal/config/config.go:95.2,96.54 2 6
helixtrack.ru/core/internal/config/config.go:96.54,98.3 1 1
helixtrack.ru/core/internal/config/config.go:101.2,104.42 2 5
helixtrack.ru/core/internal/config/config.go:104.42,106.3 1 2
helixtrack.ru/core/internal/config/config.go:108.2,108.21 1 3
helixtrack.ru/core/internal/config/config.go:112.34,113.25 1 6
helixtrack.ru/core/internal/config/config.go:113.25,115.3 1 1
helixtrack.ru/core/internal/config/config.go:116.2,116.29 1 6
helixtrack.ru/core/internal/config/config.go:116.29,118.3 1 5
helixtrack.ru/core/internal/config/config.go:119.2,119.23 1 6
helixtrack.ru/core/internal/config/config.go:119.23,121.3 1 6
helixtrack.ru/core/internal/config/config.go:123.2,123.27 1 6
helixtrack.ru/core/internal/config/config.go:123.27,125.3 1 1
helixtrack.ru/core/internal/config/config.go:126.2,126.64 1 6
helixtrack.ru/core/internal/config/config.go:126.64,128.3 1 1
helixtrack.ru/core/internal/config/config.go:129.2,129.71 1 6
helixtrack.ru/core/internal/config/config.go:129.71,131.3 1 0
helixtrack.ru/core/internal/config/config.go:134.2,134.44 1 6
helixtrack.ru/core/internal/config/config.go:134.44,136.3 1 6
helixtrack.ru/core/internal/config/config.go:137.2,137.41 1 6
helixtrack.ru/core/internal/config/config.go:137.41,139.3 1 6
helixtrack.ru/core/internal/config/config.go:140.2,140.76 1 6
helixtrack.ru/core/internal/config/config.go:140.76,142.3 1 0
helixtrack.ru/core/internal/config/config.go:143.2,143.47 1 6
helixtrack.ru/core/internal/config/config.go:143.47,144.23 1 0
helixtrack.ru/core/internal/config/config.go:144.23,147.4 2 0
helixtrack.ru/core/internal/config/config.go:151.2,151.28 1 6
helixtrack.ru/core/internal/config/config.go:151.28,153.3 1 6
helixtrack.ru/core/internal/config/config.go:154.2,154.37 1 6
helixtrack.ru/core/internal/config/config.go:154.37,156.3 1 6
helixtrack.ru/core/internal/config/config.go:157.2,157.38 1 6
helixtrack.ru/core/internal/config/config.go:157.38,159.3 1 6
helixtrack.ru/core/internal/config/config.go:160.2,160.37 1 6
helixtrack.ru/core/internal/config/config.go:160.37,162.3 1 6
helixtrack.ru/core/internal/config/config.go:163.2,163.39 1 6
helixtrack.ru/core/internal/config/config.go:163.39,165.3 1 6
helixtrack.ru/core/internal/config/config.go:166.2,166.38 1 6
helixtrack.ru/core/internal/config/config.go:166.38,168.3 1 6
helixtrack.ru/core/internal/config/config.go:169.2,169.40 1 6
helixtrack.ru/core/internal/config/config.go:169.40,171.3 1 6
helixtrack.ru/core/internal/config/config.go:172.2,172.33 1 6
helixtrack.ru/core/internal/config/config.go:172.33,174.3 1 6
helixtrack.ru/core/internal/config/config.go:175.2,175.39 1 6
helixtrack.ru/core/internal/config/config.go:175.39,177.3 1 6
helixtrack.ru/core/internal/config/config.go:178.2,178.40 1 6
helixtrack.ru/core/internal/config/config.go:178.40,180.3 1 6
helixtrack.ru/core/internal/config/config.go:186.35,187.27 1 11
helixtrack.ru/core/internal/config/config.go:187.27,189.3 1 2
helixtrack.ru/core/internal/config/config.go:191.2,191.39 1 9
helixtrack.ru/core/internal/config/config.go:191.39,192.29 1 9
helixtrack.ru/core/internal/config/config.go:192.29,194.4 1 0
helixtrack.ru/core/internal/config/config.go:195.3,195.50 1 9
helixtrack.ru/core/internal/config/config.go:195.50,197.4 1 1
helixtrack.ru/core/internal/config/config.go:198.3,198.21 1 8
helixtrack.ru/core/internal/config/config.go:198.21,199.31 1 2
helixtrack.ru/core/internal/config/config.go:199.31,201.5 1 1
helixtrack.ru/core/internal/config/config.go:202.4,202.30 1 1
helixtrack.ru/core/internal/config/config.go:202.30,204.5 1 0
helixtrack.ru/core/internal/config/config.go:208.2,208.66 1 7
helixtrack.ru/core/internal/config/config.go:208.66,210.3 1 2
helixtrack.ru/core/internal/config/config.go:212.2,212.64 1 5
helixtrack.ru/core/internal/config/config.go:212.64,214.3 1 0
helixtrack.ru/core/internal/config/config.go:216.2,216.35 1 5
helixtrack.ru/core/internal/config/config.go:216.35,217.36 1 2
helixtrack.ru/core/internal/config/config.go:217.36,219.4 1 1
helixtrack.ru/core/internal/config/config.go:220.3,220.70 1 1
helixtrack.ru/core/internal/config/config.go:220.70,222.4 1 0
helixtrack.ru/core/internal/config/config.go:223.3,223.36 1 1
helixtrack.ru/core/internal/config/config.go:223.36,225.4 1 0
helixtrack.ru/core/internal/config/config.go:226.3,226.40 1 1
helixtrack.ru/core/internal/config/config.go:226.40,228.4 1 0
helixtrack.ru/core/internal/config/config.go:232.2,232.78 1 4
helixtrack.ru/core/internal/config/config.go:232.78,234.3 1 0
helixtrack.ru/core/internal/config/config.go:235.2,235.72 1 4
helixtrack.ru/core/internal/config/config.go:235.72,237.3 1 0
helixtrack.ru/core/internal/config/config.go:239.2,239.12 1 4
helixtrack.ru/core/internal/config/config.go:243.55,244.26 1 4
helixtrack.ru/core/internal/config/config.go:244.26,246.3 1 2
helixtrack.ru/core/internal/config/config.go:247.2,247.12 1 2
helixtrack.ru/core/internal/config/config.go:251.46,253.21 2 2
helixtrack.ru/core/internal/config/config.go:253.21,255.3 1 1
helixtrack.ru/core/internal/config/config.go:256.2,256.62 1 1
helixtrack.ru/core/internal/config/config.go:260.55,262.2 1 0
helixtrack.ru/core/internal/config/config.go:265.44,267.2 1 0
helixtrack.ru/core/internal/middleware/jwt.go:21.90,26.2 1 8
helixtrack.ru/core/internal/middleware/jwt.go:29.52,30.30 1 7
helixtrack.ru/core/internal/middleware/jwt.go:30.30,33.23 2 7
helixtrack.ru/core/internal/middleware/jwt.go:33.23,40.4 2 1
helixtrack.ru/core/internal/middleware/jwt.go:43.3,44.46 2 6
helixtrack.ru/core/internal/middleware/jwt.go:44.46,51.4 2 1
helixtrack.ru/core/internal/middleware/jwt.go:53.3,57.17 3 5
helixtrack.ru/core/internal/middleware/jwt.go:57.17,64.4 2 3
helixtrack.ru/core/internal/middleware/jwt.go:67.3,70.11 3 2
helixtrack.ru/core/internal/middleware/jwt.go:75.107,77.2 1 0
helixtrack.ru/core/internal/middleware/jwt.go:80.107,82.55 1 5
helixtrack.ru/core/internal/middleware/jwt.go:82.55,84.3 1 2
helixtrack.ru/core/internal/middleware/jwt.go:87.2,87.44 1 3
helixtrack.ru/core/internal/middleware/jwt.go:91.93,94.21 2 3
helixtrack.ru/core/internal/middleware/jwt.go:94.21,96.3 1 0
helixtrack.ru/core/internal/middleware/jwt.go:98.2,98.114 1 3
helixtrack.ru/core/internal/middleware/jwt.go:98.114,100.58 1 3
helixtrack.ru/core/internal/middleware/jwt.go:100.58,102.4 1 0
helixtrack.ru/core/internal/middleware/jwt.go:103.3,103.32 1 3
helixtrack.ru/core/internal/middleware/jwt.go:106.2,106.16 1 3
helixtrack.ru/core/internal/middleware/jwt.go:106.16,108.3 1 2
helixtrack.ru/core/internal/middleware/jwt.go:110.2,110.71 1 1
helixtrack.ru/core/internal/middleware/jwt.go:110.71,112.3 1 1
helixtrack.ru/core/internal/middleware/jwt.go:114.2,114.39 1 0
helixtrack.ru/core/internal/middleware/jwt.go:118.58,120.13 2 5
helixtrack.ru/core/internal/middleware/jwt.go:120.13,122.3 1 1
helixtrack.ru/core/internal/middleware/jwt.go:124.2,125.22 2 4
helixtrack.ru/core/internal/middleware/jwt.go:129.49,131.13 2 3
helixtrack.ru/core/internal/middleware/jwt.go:131.13,133.3 1 1
helixtrack.ru/core/internal/middleware/jwt.go:135.2,136.24 2 2
helixtrack.ru/core/internal/middleware/performance.go:17.55,18.69 1 4
helixtrack.ru/core/internal/middleware/performance.go:18.69,20.3 1 0
helixtrack.ru/core/internal/middleware/performance.go:23.2,24.27 1 4
helixtrack.ru/core/internal/middleware/performance.go:24.27,27.4 2 2
helixtrack.ru/core/internal/middleware/performance.go:30.2,30.30 1 4
helixtrack.ru/core/internal/middleware/performance.go:30.30,32.64 1 4
helixtrack.ru/core/internal/middleware/performance.go:32.64,35.4 2 2
helixtrack.ru/core/internal/middleware/performance.go:38.3,38.44 1 2
helixtrack.ru/core/internal/middleware/performance.go:38.44,41.4 2 0
helixtrack.ru/core/internal/middleware/performance.go:44.3,59.11 8 2
helixtrack.ru/core/internal/middleware/performance.go:69.62,71.2 1 3
helixtrack.ru/core/internal/middleware/performance.go:73.65,75.2 1 1
helixtrack.ru/core/internal/middleware/performance.go:85.51,91.2 1 4
helixtrack.ru/core/internal/middleware/performance.go:112.57,124.2 4 3
helixtrack.ru/core/internal/middleware/performance.go:127.47,132.13 4 18
helixtrack.ru/core/internal/middleware/performance.go:132.13,136.14 3 3
helixtrack.ru/core/internal/middleware/performance.go:136.14,144.4 2 3
helixtrack.ru/core/internal/middleware/performance.go:145.3,145.17 1 3
helixtrack.ru/core/internal/middleware/performance.go:148.2,148.22 1 18
helixtrack.ru/core/internal/middleware/performance.go:152.36,161.30 6 25
helixtrack.ru/core/internal/middleware/performance.go:161.30,163.3 1 4
helixtrack.ru/core/internal/middleware/performance.go:164.2,167.22 2 25
helixtrack.ru/core/internal/middleware/performance.go:167.22,170.3 2 23
helixtrack.ru/core/internal/middleware/performance.go:172.2,172.14 1 2
helixtrack.ru/core/internal/middleware/performance.go:176.38,182.6 4 3
helixtrack.ru/core/internal/middleware/performance.go:182.6,183.10 1 5
helixtrack.ru/core/internal/middleware/performance.go:184.19,185.16 1 2
helixtrack.ru/core/internal/middleware/performance.go:186.25,187.10 1 1
helixtrack.ru/core/internal/middleware/performance.go:193.34,198.38 4 2
helixtrack.ru/core/internal/middleware/performance.go:198.38,203.15 4 2
helixtrack.ru/core/internal/middleware/performance.go:203.15,205.4 1 0
helixtrack.ru/core/internal/middleware/performance.go:210.32,213.2 2 1
helixtrack.ru/core/internal/middleware/performance.go:216.65,219.30 2 2
helixtrack.ru/core/internal/middleware/performance.go:219.30,223.26 2 17
helixtrack.ru/core/internal/middleware/performance.go:223.26,230.4 3 1
helixtrack.ru/core/internal/middleware/performance.go:232.3,232.11 1 16
helixtrack.ru/core/internal/middleware/performance.go:246.57,254.2 1 3
helixtrack.ru/core/internal/middleware/performance.go:278.66,283.2 1 2
helixtrack.ru/core/internal/middleware/performance.go:286.40,290.18 3 5
helixtrack.ru/core/internal/middleware/performance.go:291.19,292.14 1 3
helixtrack.ru/core/internal/middleware/performance.go:294.17,296.57 1 2
helixtrack.ru/core/internal/middleware/performance.go:296.57,300.4 3 1
helixtrack.ru/core/internal/middleware/performance.go:301.3,301.15 1 1
helixtrack.ru/core/internal/middleware/performance.go:303.21,305.47 1 0
helixtrack.ru/core/internal/middleware/performance.go:305.47,308.4 2 0
helixtrack.ru/core/internal/middleware/performance.go:309.3,309.15 1 0
helixtrack.ru/core/internal/middleware/performance.go:311.10,312.15 1 0
helixtrack.ru/core/internal/middleware/performance.go:317.43,324.31 5 2
helixtrack.ru/core/internal/middleware/performance.go:324.31,326.44 1 2
helixtrack.ru/core/internal/middleware/performance.go:326.44,331.4 4 1
helixtrack.ru/core/internal/middleware/performance.go:336.43,345.29 6 5
helixtrack.ru/core/internal/middleware/performance.go:345.29,347.43 1 5
helixtrack.ru/core/internal/middleware/performance.go:347.43,350.4 2 2
helixtrack.ru/core/internal/middleware/performance.go:353.3,353.48 1 3
helixtrack.ru/core/internal/middleware/performance.go:353.48,355.39 2 0
helixtrack.ru/core/internal/middleware/performance.go:355.39,358.5 2 0
helixtrack.ru/core/internal/middleware/performance.go:360.8,360.38 1 0
helixtrack.ru/core/internal/middleware/performance.go:360.38,363.3 1 0
helixtrack.ru/core/internal/middleware/performance.go:367.51,371.2 3 3
helixtrack.ru/core/internal/middleware/performance.go:374.73,377.30 2 1
helixtrack.ru/core/internal/middleware/performance.go:377.30,378.23 1 4
helixtrack.ru/core/internal/middleware/performance.go:378.23,385.4 3 1
helixtrack.ru/core/internal/middleware/performance.go:387.3,390.31 2 3
helixtrack.ru/core/internal/middleware/performance.go:390.31,392.4 1 3
helixtrack.ru/core/internal/middleware/performance.go:392.9,394.4 1 0
helixtrack.ru/core/internal/middleware/performance.go:399.63,400.30 1 1
helixtrack.ru/core/internal/middleware/performance.go:400.30,411.13 5 2
helixtrack.ru/core/internal/middleware/performance.go:411.13,414.4 2 2
helixtrack.ru/core/internal/middleware/performance.go:416.3,416.10 1 2
helixtrack.ru/core/internal/middleware/performance.go:417.19,419.10 1 1
helixtrack.ru/core/internal/middleware/performance.go:420.21,425.13 2 1
helixtrack.ru/core/internal/middleware/performance.go:441.37,450.2 1 4
helixtrack.ru/core/internal/middleware/performance.go:453.53,454.30 1 3
helixtrack.ru/core/internal/middleware/performance.go:454.30,458.32 2 3
helixtrack.ru/core/internal/middleware/performance.go:458.32,459.34 1 3
helixtrack.ru/core/internal/middleware/performance.go:459.34,461.5 1 2
helixtrack.ru/core/internal/middleware/performance.go:461.10,462.52 1 1
helixtrack.ru/core/internal/middleware/performance.go:462.52,463.33 1 1
helixtrack.ru/core/internal/middleware/performance.go:463.33,465.12 2 1
helixtrack.ru/core/internal/middleware/performance.go:471.3,471.32 1 3
helixtrack.ru/core/internal/middleware/performance.go:471.32,473.4 1 3
helixtrack.ru/core/internal/middleware/performance.go:475.3,475.32 1 3
helixtrack.ru/core/internal/middleware/performance.go:475.32,477.4 1 3
helixtrack.ru/core/internal/middleware/performance.go:479.3,479.33 1 3
helixtrack.ru/core/internal/middleware/performance.go:479.33,481.4 1 3
helixtrack.ru/core/internal/middleware/performance.go:483.3,483.27 1 3
helixtrack.ru/core/internal/middleware/performance.go:483.27,485.4 1 1
helixtrack.ru/core/internal/middleware/performance.go:487.3,487.21 1 3
helixtrack.ru/core/internal/middleware/performance.go:487.21,489.4 1 3
helixtrack.ru/core/internal/middleware/performance.go:492.3,492.36 1 3
helixtrack.ru/core/internal/middleware/performance.go:492.36,495.4 2 1
helixtrack.ru/core/internal/middleware/performance.go:497.3,497.11 1 2
helixtrack.ru/core/internal/middleware/permission.go:12.83,13.30 1 6
helixtrack.ru/core/internal/middleware/permission.go:13.30,15.31 1 6
helixtrack.ru/core/internal/middleware/permission.go:15.31,18.4 2 1
helixtrack.ru/core/internal/middleware/permission.go:21.3,22.14 2 5
helixtrack.ru/core/internal/middleware/permission.go:22.14,30.4 3 1
helixtrack.ru/core/internal/middleware/permission.go:32.3,33.10 2 4
helixtrack.ru/core/internal/middleware/permission.go:33.10,41.4 3 1
helixtrack.ru/core/internal/middleware/permission.go:44.3,47.11 3 3
helixtrack.ru/core/internal/middleware/permission.go:52.126,53.30 1 12
helixtrack.ru/core/internal/middleware/permission.go:53.30,55.31 1 12
helixtrack.ru/core/internal/middleware/permission.go:55.31,58.4 2 1
helixtrack.ru/core/internal/middleware/permission.go:60.3,61.14 2 11
helixtrack.ru/core/internal/middleware/permission.go:61.14,69.4 3 1
helixtrack.ru/core/internal/middleware/permission.go:71.3,72.10 2 10
helixtrack.ru/core/internal/middleware/permission.go:72.10,80.4 3 1
helixtrack.ru/core/internal/middleware/permission.go:83.3,84.17 2 9
helixtrack.ru/core/internal/middleware/permission.go:84.17,92.4 3 1
helixtrack.ru/core/internal/middleware/permission.go:94.3,94.15 1 8
helixtrack.ru/core/internal/middleware/permission.go:94.15,102.4 3 3
helixtrack.ru/core/internal/middleware/permission.go:104.3,104.11 1 5
helixtrack.ru/core/internal/middleware/permission.go:109.116,111.30 1 10
helixtrack.ru/core/internal/middleware/permission.go:111.30,113.3 1 1
helixtrack.ru/core/internal/middleware/permission.go:115.2,116.13 2 9
helixtrack.ru/core/internal/middleware/permission.go:116.13,118.3 1 1
helixtrack.ru/core/internal/middleware/permission.go:120.2,121.9 2 8
helixtrack.ru/core/internal/middleware/permission.go:121.9,123.3 1 1
helixtrack.ru/core/internal/middleware/permission.go:126.2,130.16 3 7
helixtrack.ru/core/internal/middleware/permission.go:130.16,132.3 1 1
helixtrack.ru/core/internal/middleware/permission.go:134.2,134.16 1 6
helixtrack.ru/core/internal/middleware/permission.go:138.110,140.13 2 4
helixtrack.ru/core/internal/middleware/permission.go:140.13,142.3 1 1
helixtrack.ru/core/internal/middleware/permission.go:144.2,145.9 2 3
helixtrack.ru/core/internal/middleware/permission.go:145.9,147.3 1 1
helixtrack.ru/core/internal/middleware/permission.go:149.2,149.73 1 2
helixtrack.ru/core/internal/database/database.go:44.63,48.18 3 14
helixtrack.ru/core/internal/database/database.go:49.16,51.17 2 13
helixtrack.ru/core/internal/database/database.go:51.17,53.4 1 0
helixtrack.ru/core/internal/database/database.go:56.3,57.17 2 13
helixtrack.ru/core/internal/database/database.go:57.17,60.4 2 1
helixtrack.ru/core/internal/database/database.go:63.3,63.26 1 12
helixtrack.ru/core/internal/database/database.go:65.18,77.17 3 0
helixtrack.ru/core/internal/database/database.go:77.17,79.4 1 0
helixtrack.ru/core/internal/database/database.go:82.3,83.26 2 0
helixtrack.ru/core/internal/database/database.go:85.10,86.68 1 1
helixtrack.ru/core/internal/database/database.go:90.2,90.36 1 12
helixtrack.ru/core/internal/database/database.go:90.36,93.3 2 0
helixtrack.ru/core/internal/database/database.go:95.2,98.8 1 12
helixtrack.ru/core/internal/database/database.go:102.95,104.2 1 2
helixtrack.ru/core/internal/database/database.go:107.88,109.2 1 5
helixtrack.ru/core/internal/database/database.go:112.95,114.2 1 12
helixtrack.ru/core/internal/database/database.go:117.58,119.2 1 2
helixtrack.ru/core/internal/database/database.go:122.28,124.2 1 12
helixtrack.ru/core/internal/database/database.go:127.46,129.2 1 3
helixtrack.ru/core/internal/database/database.go:132.31,134.2 1 2
helixtrack.ru/core/internal/database/optimized_database.go:97.53,124.2 1 14
helixtrack.ru/core/internal/database/optimized_database.go:127.108,131.18 3 14
helixtrack.ru/core/internal/database/optimized_database.go:132.16,138.94 3 13
helixtrack.ru/core/internal/database/optimized_database.go:138.94,140.38 1 13
helixtrack.ru/core/internal/database/optimized_database.go:140.38,141.26 1 254
helixtrack.ru/core/internal/database/optimized_database.go:141.26,143.11 2 12
helixtrack.ru/core/internal/database/optimized_database.go:148.3,148.33 1 13
helixtrack.ru/core/internal/database/optimized_database.go:148.33,150.17 1 1
helixtrack.ru/core/internal/database/optimized_database.go:150.17,152.5 1 0
helixtrack.ru/core/internal/database/optimized_database.go:152.10,155.5 2 1
helixtrack.ru/core/internal/database/optimized_database.go:158.4,160.28 3 1
helixtrack.ru/core/internal/database/optimized_database.go:160.28,162.5 1 1
helixtrack.ru/core/internal/database/optimized_database.go:166.3,167.16 2 13
helixtrack.ru/core/internal/database/optimized_database.go:167.16,169.4 1 13
helixtrack.ru/core/internal/database/optimized_database.go:170.3,184.33 11 13
helixtrack.ru/core/internal/database/optimized_database.go:184.33,186.4 1 1
helixtrack.ru/core/internal/database/optimized_database.go:186.9,189.4 1 12
helixtrack.ru/core/internal/database/optimized_database.go:191.3,191.17 1 13
helixtrack.ru/core/internal/database/optimized_database.go:191.17,193.4 1 0
helixtrack.ru/core/internal/database/optimized_database.go:197.3,197.23 1 13
helixtrack.ru/core/internal/database/optimized_database.go:197.23,200.4 2 13
helixtrack.ru/core/internal/database/optimized_database.go:200.9,203.4 2 0
helixtrack.ru/core/internal/database/optimized_database.go:205.18,217.34 2 0
helixtrack.ru/core/internal/database/optimized_database.go:217.34,219.4 1 0
helixtrack.ru/core/internal/database/optimized_database.go:220.3,220.33 1 0
helixtrack.ru/core/internal/database/optimized_database.go:220.33,222.4 1 0
helixtrack.ru/core/internal/database/optimized_database.go:224.3,225.17 2 0
helixtrack.ru/core/internal/database/optimized_database.go:225.17,227.4 1 0
helixtrack.ru/core/internal/database/optimized_database.go:230.3,231.44 2 0
helixtrack.ru/core/internal/database/optimized_database.go:233.10,234.68 1 1
helixtrack.ru/core/internal/database/optimized_database.go:238.2,245.46 5 13
helixtrack.ru/core/internal/database/optimized_database.go:245.46,248.3 2 0
helixtrack.ru/core/internal/database/optimized_database.go:251.2,251.28 1 13
helixtrack.ru/core/internal/database/optimized_database.go:251.28,252.23 1 0
helixtrack.ru/core/internal/database/optimized_database.go:252.23,254.4 1 0
helixtrack.ru/core/internal/database/optimized_database.go:256.3,260.55 3 0
helixtrack.ru/core/internal/database/optimized_database.go:263.2,268.8 1 13
helixtrack.ru/core/internal/database/optimized_database.go:272.104,278.2 4 1
helixtrack.ru/core/internal/database/optimized_database.go:281.97,287.2 4 2
helixtrack.ru/core/internal/database/optimized_database.go:290.104,296.2 4 133
helixtrack.ru/core/internal/database/optimized_database.go:299.112,304.16 4 12
helixtrack.ru/core/internal/database/optimized_database.go:304.16,306.3 1 0
helixtrack.ru/core/internal/database/optimized_database.go:308.2,309.40 2 12
helixtrack.ru/core/internal/database/optimized_database.go:313.105,318.16 4 106
helixtrack.ru/core/internal/database/optimized_database.go:318.16,321.3 1 0
helixtrack.ru/core/internal/database/optimized_database.go:323.2,324.43 2 106
helixtrack.ru/core/internal/database/optimized_database.go:328.112,333.16 4 3
helixtrack.ru/core/internal/database/optimized_database.go:333.16,335.3 1 0
helixtrack.ru/core/internal/database/optimized_database.go:337.2,338.39 2 3
helixtrack.ru/core/internal/database/optimized_database.go:342.93,348.12 4 121
helixtrack.ru/core/internal/database/optimized_database.go:348.12,350.3 1 103
helixtrack.ru/core/internal/database/optimized_database.go:353.2,358.12 4 18
helixtrack.ru/core/internal/database/optimized_database.go:358.12,360.3 1 0
helixtrack.ru/core/internal/database/optimized_database.go:363.2,364.16 2 18
helixtrack.ru/core/internal/database/optimized_database.go:364.16,366.3 1 0
helixtrack.ru/core/internal/database/optimized_database.go:368.2,369.18 2 18
helixtrack.ru/core/internal/database/optimized_database.go:373.55,378.35 4 14
helixtrack.ru/core/internal/database/optimized_database.go:378.35,379.38 1 18
helixtrack.ru/core/internal/database/optimized_database.go:379.38,381.4 1 0
helixtrack.ru/core/internal/database/optimized_database.go:384.2,385.16 2 14
helixtrack.ru/core/internal/database/optimized_database.go:389.67,393.2 1 0
helixtrack.ru/core/internal/database/optimized_database.go:396.37,401.2 2 13
helixtrack.ru/core/internal/database/optimized_database.go:404.55,406.2 1 4
helixtrack.ru/core/internal/database/optimized_database.go:409.40,411.2 1 1
helixtrack.ru/core/internal/database/optimized_database.go:414.49,425.22 9 12
helixtrack.ru/core/internal/database/optimized_database.go:425.22,427.3 1 12
helixtrack.ru/core/internal/database/optimized_database.go:429.2,445.3 4 12
helixtrack.ru/core/internal/database/optimized_database.go:449.45,453.2 3 136
helixtrack.ru/core/internal/database/optimized_database.go:456.53,460.2 3 121
helixtrack.ru/core/internal/database/optimized_database.go:463.62,467.2 3 257
helixtrack.ru/core/internal/cache/cache.go:52.39,54.2 1 109
helixtrack.ru/core/internal/cache/cache.go:92.39,99.2 1 13
helixtrack.ru/core/internal/cache/cache.go:102.46,117.2 4 13
helixtrack.ru/core/internal/cache/cache.go:120.82,128.13 6 119
helixtrack.ru/core/internal/cache/cache.go:128.13,131.3 2 10
helixtrack.ru/core/internal/cache/cache.go:133.2,133.23 1 109
helixtrack.ru/core/internal/cache/cache.go:133.23,138.3 3 1
helixtrack.ru/core/internal/cache/cache.go:140.2,141.26 2 108
helixtrack.ru/core/internal/cache/cache.go:145.113,149.21 3 118
helixtrack.ru/core/internal/cache/cache.go:149.21,151.3 1 0
helixtrack.ru/core/internal/cache/cache.go:154.2,160.50 4 118
helixtrack.ru/core/internal/cache/cache.go:160.50,162.3 1 1
helixtrack.ru/core/internal/cache/cache.go:165.2,165.21 1 118
helixtrack.ru/core/internal/cache/cache.go:165.21,166.71 1 118
helixtrack.ru/core/internal/cache/cache.go:166.71,168.4 1 0
helixtrack.ru/core/internal/cache/cache.go:172.2,172.48 1 118
helixtrack.ru/core/internal/cache/cache.go:172.48,174.3 1 0
helixtrack.ru/core/internal/cache/cache.go:177.2,185.12 4 118
helixtrack.ru/core/internal/cache/cache.go:189.71,193.45 3 2
helixtrack.ru/core/internal/cache/cache.go:193.45,197.3 3 2
helixtrack.ru/core/internal/cache/cache.go:199.2,199.12 1 2
helixtrack.ru/core/internal/cache/cache.go:203.58,211.2 5 1
helixtrack.ru/core/internal/cache/cache.go:214.48,233.23 16 4
helixtrack.ru/core/internal/cache/cache.go:233.23,235.3 1 2
helixtrack.ru/core/internal/cache/cache.go:237.2,237.14 1 4
helixtrack.ru/core/internal/cache/cache.go:237.14,239.3 1 2
helixtrack.ru/core/internal/cache/cache.go:241.2,241.14 1 4
helixtrack.ru/core/internal/cache/cache.go:241.14,243.3 1 4
helixtrack.ru/core/internal/cache/cache.go:245.2,255.3 1 4
helixtrack.ru/core/internal/cache/cache.go:259.39,263.2 3 13
helixtrack.ru/core/internal/cache/cache.go:266.39,272.6 4 13
helixtrack.ru/core/internal/cache/cache.go:272.6,273.10 1 15
helixtrack.ru/core/internal/cache/cache.go:274.19,275.15 1 2
helixtrack.ru/core/internal/cache/cache.go:276.24,277.10 1 13
helixtrack.ru/core/internal/cache/cache.go:283.35,288.36 4 2
helixtrack.ru/core/internal/cache/cache.go:288.36,289.34 1 2
helixtrack.ru/core/internal/cache/cache.go:289.34,293.4 3 2
helixtrack.ru/core/internal/cache/cache.go:298.39,302.36 3 1
helixtrack.ru/core/internal/cache/cache.go:302.36,303.65 1 3
helixtrack.ru/core/internal/cache/cache.go:303.65,306.4 2 2
helixtrack.ru/core/internal/cache/cache.go:309.2,309.21 1 1
helixtrack.ru/core/internal/cache/cache.go:309.21,313.3 3 1
helixtrack.ru/core/internal/cache/cache.go:317.61,319.50 1 118
helixtrack.ru/core/internal/cache/cache.go:319.50,321.3 1 118
helixtrack.ru/core/internal/cache/cache.go:324.2,324.12 1 0
helixtrack.ru/core/internal/cache/cache.go:328.41,332.2 3 108
helixtrack.ru/core/internal/cache/cache.go:334.43,338.2 3 11
helixtrack.ru/core/internal/cache/cache.go:340.41,344.2 3 118
helixtrack.ru/core/internal/cache/cache.go:346.44,350.2 3 2
helixtrack.ru/core/internal/cache/cache.go:352.46,356.2 3 3
helixtrack.ru/core/internal/cache/cache.go:358.62,362.2 3 119
helixtrack.ru/core/internal/cache/cache.go:364.62,368.2 3 118
helixtrack.ru/core/internal/cache/cache.go:371.49,373.39 2 3
helixtrack.ru/core/internal/cache/cache.go:373.39,374.12 1 4
helixtrack.ru/core/internal/cache/cache.go:374.12,376.4 1 2
helixtrack.ru/core/internal/cache/cache.go:377.3,377.19 1 4
helixtrack.ru/core/internal/cache/cache.go:379.2,379.12 1 3
helixtrack.ru/core/internal/cache/cache.go:389.14,393.49 2 3
helixtrack.ru/core/internal/cache/cache.go:393.49,394.35 1 1
helixtrack.ru/core/internal/cache/cache.go:394.35,396.4 1 1
helixtrack.ru/core/internal/cache/cache.go:400.2,401.16 2 2
helixtrack.ru/core/internal/cache/cache.go:401.16,403.3 1 1
helixtrack.ru/core/internal/cache/cache.go:406.2,408.20 2 1
helixtrack.ru/core/internal/cache/cache.go:412.80,416.2 1 0
helixtrack.ru/core/internal/logger/logger.go:22.45,24.55 1 9
helixtrack.ru/core/internal/logger/logger.go:24.55,26.3 1 0
helixtrack.ru/core/internal/logger/logger.go:29.2,30.21 2 9
helixtrack.ru/core/internal/logger/logger.go:30.21,31.64 1 9
helixtrack.ru/core/internal/logger/logger.go:31.64,33.4 1 1
helixtrack.ru/core/internal/logger/logger.go:37.2,44.31 6 8
helixtrack.ru/core/internal/logger/logger.go:44.31,46.3 1 7
helixtrack.ru/core/internal/logger/logger.go:49.2,77.12 7 8
helixtrack.ru/core/internal/logger/logger.go:81.24,82.25 1 14
helixtrack.ru/core/internal/logger/logger.go:82.25,86.3 2 2
helixtrack.ru/core/internal/logger/logger.go:87.2,87.21 1 14
helixtrack.ru/core/internal/logger/logger.go:91.38,92.20 1 6
helixtrack.ru/core/internal/logger/logger.go:92.20,94.3 1 1
helixtrack.ru/core/internal/logger/logger.go:95.2,95.16 1 6
helixtrack.ru/core/internal/logger/logger.go:99.19,100.25 1 9
helixtrack.ru/core/internal/logger/logger.go:100.25,106.35 2 8
helixtrack.ru/core/internal/logger/logger.go:106.35,108.4 1 8
helixtrack.ru/core/internal/logger/logger.go:109.3,109.13 1 0
helixtrack.ru/core/internal/logger/logger.go:111.2,111.12 1 1
helixtrack.ru/core/internal/logger/logger.go:115.45,117.2 1 1
helixtrack.ru/core/internal/logger/logger.go:120.44,122.2 1 6
helixtrack.ru/core/internal/logger/logger.go:125.44,127.2 1 2
helixtrack.ru/core/internal/logger/logger.go:130.45,132.2 1 2
helixtrack.ru/core/internal/logger/logger.go:135.45,137.2 1 0
helixtrack.ru/core/internal/logger/logger.go:140.51,142.2 1 1
helixtrack.ru/core/internal/logger/logger.go:145.50,147.2 1 1
helixtrack.ru/core/internal/logger/logger.go:150.50,152.2 1 1
helixtrack.ru/core/internal/logger/logger.go:155.51,157.2 1 1
helixtrack.ru/core/internal/logger/logger.go:160.51,162.2 1 0
helixtrack.ru/core/internal/models/asset.go:54.41,55.25 1 0
helixtrack.ru/core/internal/models/asset.go:55.25,57.3 1 0
helixtrack.ru/core/internal/models/asset.go:58.2,58.17 1 0
helixtrack.ru/core/internal/models/asset.go:58.17,60.3 1 0
helixtrack.ru/core/internal/models/asset.go:61.2,61.24 1 0
helixtrack.ru/core/internal/models/asset.go:65.32,67.2 1 0
helixtrack.ru/core/internal/models/audit.go:51.38,53.2 1 0
helixtrack.ru/core/internal/models/audit.go:56.34,58.2 1 0
helixtrack.ru/core/internal/models/board.go:52.41,53.19 1 0
helixtrack.ru/core/internal/models/board.go:53.19,55.3 1 0
helixtrack.ru/core/internal/models/board.go:56.2,56.25 1 0
helixtrack.ru/core/internal/models/board.go:60.32,62.2 1 0
helixtrack.ru/core/internal/models/board_config.go:40.43,42.2 1 0
helixtrack.ru/core/internal/models/board_config.go:45.66,46.23 1 0
helixtrack.ru/core/internal/models/board_config.go:46.23,48.3 1 0
helixtrack.ru/core/internal/models/board_config.go:49.2,49.36 1 0
helixtrack.ru/core/internal/models/board_config.go:53.42,55.2 1 0
helixtrack.ru/core/internal/models/board_config.go:58.45,60.2 1 0
helixtrack.ru/core/internal/models/comment.go:18.75,30.2 2 0
helixtrack.ru/core/internal/models/component.go:35.45,36.19 1 0
helixtrack.ru/core/internal/models/component.go:36.19,38.3 1 0
helixtrack.ru/core/internal/models/component.go:39.2,39.28 1 0
helixtrack.ru/core/internal/models/component.go:43.36,45.2 1 0
helixtrack.ru/core/internal/models/customfield.go:60.48,75.39 2 14
helixtrack.ru/core/internal/models/customfield.go:75.39,76.49 1 91
helixtrack.ru/core/internal/models/customfield.go:76.49,78.4 1 12
helixtrack.ru/core/internal/models/customfield.go:81.2,81.14 1 2
helixtrack.ru/core/internal/models/customfield.go:85.40,87.2 1 3
helixtrack.ru/core/internal/models/customfield.go:90.44,93.2 1 12
helixtrack.ru/core/internal/models/customfield.go:96.47,98.2 1 7
helixtrack.ru/core/internal/models/cycle.go:44.36,46.2 1 0
helixtrack.ru/core/internal/models/cycle.go:49.38,50.16 1 0
helixtrack.ru/core/internal/models/cycle.go:51.24,52.19 1 0
helixtrack.ru/core/internal/models/cycle.go:53.26,54.21 1 0
helixtrack.ru/core/internal/models/cycle.go:55.23,56.18 1 0
helixtrack.ru/core/internal/models/cycle.go:57.10,58.19 1 0
helixtrack.ru/core/internal/models/cycle.go:64.52,65.42 1 0
helixtrack.ru/core/internal/models/cycle.go:65.42,67.3 1 0
helixtrack.ru/core/internal/models/cycle.go:68.2,68.28 1 0
helixtrack.ru/core/internal/models/dashboard.go:59.49,61.2 1 0
helixtrack.ru/core/internal/models/dashboard.go:64.53,78.2 2 0
helixtrack.ru/core/internal/models/dashboard.go:81.56,82.42 1 0
helixtrack.ru/core/internal/models/dashboard.go:82.42,84.3 1 0
helixtrack.ru/core/internal/models/dashboard.go:85.2,85.42 1 0
helixtrack.ru/core/internal/models/dashboard.go:85.42,87.3 1 0
helixtrack.ru/core/internal/models/dashboard.go:88.2,88.48 1 0
helixtrack.ru/core/internal/models/dashboard.go:88.48,90.3 1 0
helixtrack.ru/core/internal/models/dashboard.go:91.2,91.18 1 0
helixtrack.ru/core/internal/models/epic.go:32.36,34.2 1 0
helixtrack.ru/core/internal/models/epic.go:37.34,38.46 1 0
helixtrack.ru/core/internal/models/epic.go:38.46,40.3 1 0
helixtrack.ru/core/internal/models/epic.go:41.2,41.23 1 0
helixtrack.ru/core/internal/models/epic.go:45.33,46.23 1 0
helixtrack.ru/core/internal/models/epic.go:46.23,48.3 1 0
helixtrack.ru/core/internal/models/epic.go:49.2,49.11 1 0
helixtrack.ru/core/internal/models/epic.go:53.31,55.2 1 0
helixtrack.ru/core/internal/models/errors.go:67.39,68.40 1 49
helixtrack.ru/core/internal/models/errors.go:68.40,70.3 1 48
helixtrack.ru/core/internal/models/errors.go:71.2,71.24 1 1
helixtrack.ru/core/internal/models/event.go:152.115,164.2 1 8
helixtrack.ru/core/internal/models/event.go:167.58,170.2 2 5
helixtrack.ru/core/internal/models/event.go:173.61,175.29 1 15
helixtrack.ru/core/internal/models/event.go:175.29,177.37 2 3
helixtrack.ru/core/internal/models/event.go:177.37,178.20 1 4
helixtrack.ru/core/internal/models/event.go:178.20,180.10 2 2
helixtrack.ru/core/internal/models/event.go:183.3,183.15 1 3
helixtrack.ru/core/internal/models/event.go:183.15,185.4 1 1
helixtrack.ru/core/internal/models/event.go:189.2,189.30 1 14
helixtrack.ru/core/internal/models/event.go:189.30,191.38 2 3
helixtrack.ru/core/internal/models/event.go:191.38,192.22 1 4
helixtrack.ru/core/internal/models/event.go:192.22,194.10 2 2
helixtrack.ru/core/internal/models/event.go:197.3,197.15 1 3
helixtrack.ru/core/internal/models/event.go:197.15,199.4 1 1
helixtrack.ru/core/internal/models/event.go:203.2,203.28 1 13
helixtrack.ru/core/internal/models/event.go:203.28,205.37 2 3
helixtrack.ru/core/internal/models/event.go:205.37,206.25 1 4
helixtrack.ru/core/internal/models/event.go:206.25,208.10 2 2
helixtrack.ru/core/internal/models/event.go:211.3,211.15 1 3
helixtrack.ru/core/internal/models/event.go:211.15,213.4 1 1
helixtrack.ru/core/internal/models/event.go:217.2,217.46 1 12
helixtrack.ru/core/internal/models/event.go:217.46,219.3 1 1
helixtrack.ru/core/internal/models/event.go:222.2,222.26 1 11
helixtrack.ru/core/internal/models/event.go:222.26,223.39 1 6
helixtrack.ru/core/internal/models/event.go:223.39,224.15 1 6
helixtrack.ru/core/internal/models/event.go:225.21,226.37 1 3
helixtrack.ru/core/internal/models/event.go:226.37,228.6 1 1
helixtrack.ru/core/internal/models/event.go:229.26,230.42 1 1
helixtrack.ru/core/internal/models/event.go:230.42,232.6 1 0
helixtrack.ru/core/internal/models/event.go:233.18,234.34 1 1
helixtrack.ru/core/internal/models/event.go:234.34,236.6 1 0
helixtrack.ru/core/internal/models/event.go:237.21,238.37 1 1
helixtrack.ru/core/internal/models/event.go:238.37,240.6 1 0
helixtrack.ru/core/internal/models/event.go:245.2,245.13 1 10
helixtrack.ru/core/internal/models/event.go:249.31,253.2 1 8
helixtrack.ru/core/internal/models/event.go:256.44,265.2 1 23
helixtrack.ru/core/internal/models/event.go:268.62,269.16 1 23
helixtrack.ru/core/internal/models/event.go:270.20,271.36 1 16
helixtrack.ru/core/internal/models/event.go:272.20,273.36 1 3
helixtrack.ru/core/internal/models/event.go:274.20,275.36 1 2
helixtrack.ru/core/internal/models/event.go:276.18,277.34 1 1
helixtrack.ru/core/internal/models/event.go:278.10,279.28 1 1
helixtrack.ru/core/internal/models/event.go:283.50,284.16 1 16
helixtrack.ru/core/internal/models/event.go:285.16,286.28 1 1
helixtrack.ru/core/internal/models/event.go:287.17,288.29 1 1
helixtrack.ru/core/internal/models/event.go:289.17,290.29 1 1
helixtrack.ru/core/internal/models/event.go:291.18,292.30 1 1
helixtrack.ru/core/internal/models/event.go:293.20,294.32 1 1
helixtrack.ru/core/internal/models/event.go:295.17,296.29 1 1
helixtrack.ru/core/internal/models/event.go:297.16,298.26 1 1
helixtrack.ru/core/internal/models/event.go:299.21,300.33 1 1
helixtrack.ru/core/internal/models/event.go:301.15,302.27 1 1
helixtrack.ru/core/internal/models/event.go:303.15,304.27 1 1
helixtrack.ru/core/internal/models/event.go:305.18,306.30 1 1
helixtrack.ru/core/internal/models/event.go:307.17,308.29 1 1
helixtrack.ru/core/internal/models/event.go:309.22,310.34 1 1
helixtrack.ru/core/internal/models/event.go:311.14,312.26 1 1
helixtrack.ru/core/internal/models/event.go:313.14,314.26 1 1
helixtrack.ru/core/internal/models/event.go:315.10,316.28 1 1
helixtrack.ru/core/internal/models/event.go:320.50,321.16 1 3
helixtrack.ru/core/internal/models/event.go:322.16,323.28 1 1
helixtrack.ru/core/internal/models/event.go:324.17,325.29 1 1
helixtrack.ru/core/internal/models/event.go:326.17,327.29 1 0
helixtrack.ru/core/internal/models/event.go:328.18,329.30 1 1
helixtrack.ru/core/internal/models/event.go:330.20,331.32 1 0
helixtrack.ru/core/internal/models/event.go:332.17,333.29 1 0
helixtrack.ru/core/internal/models/event.go:334.16,335.28 1 0
helixtrack.ru/core/internal/models/event.go:336.21,337.33 1 0
helixtrack.ru/core/internal/models/event.go:338.15,339.27 1 0
helixtrack.ru/core/internal/models/event.go:340.15,341.27 1 0
helixtrack.ru/core/internal/models/event.go:342.18,343.30 1 0
helixtrack.ru/core/internal/models/event.go:344.17,345.29 1 0
helixtrack.ru/core/internal/models/event.go:346.22,347.34 1 0
helixtrack.ru/core/internal/models/event.go:348.14,349.26 1 0
helixtrack.ru/core/internal/models/event.go:350.14,351.26 1 0
helixtrack.ru/core/internal/models/event.go:352.10,353.28 1 0
helixtrack.ru/core/internal/models/event.go:357.50,358.16 1 2
helixtrack.ru/core/internal/models/event.go:359.16,360.28 1 1
helixtrack.ru/core/internal/models/event.go:361.17,362.29 1 1
helixtrack.ru/core/internal/models/event.go:363.17,364.29 1 0
helixtrack.ru/core/internal/models/event.go:365.18,366.30 1 0
helixtrack.ru/core/internal/models/event.go:367.20,368.32 1 0
helixtrack.ru/core/internal/models/event.go:369.17,370.29 1 0
helixtrack.ru/core/internal/models/event.go:371.16,372.28 1 0
helixtrack.ru/core/internal/models/event.go:373.21,374.33 1 0
helixtrack.ru/core/internal/models/event.go:375.15,376.27 1 0
helixtrack.ru/core/internal/models/event.go:377.15,378.27 1 0
helixtrack.ru/core/internal/models/event.go:379.18,380.30 1 0
helixtrack.ru/core/internal/models/event.go:381.17,382.29 1 0
helixtrack.ru/core/internal/models/event.go:383.22,384.34 1 0
helixtrack.ru/core/internal/models/event.go:385.14,386.26 1 0
helixtrack.ru/core/internal/models/event.go:387.14,388.26 1 0
helixtrack.ru/core/internal/models/event.go:389.10,390.28 1 0
helixtrack.ru/core/internal/models/event.go:394.48,395.16 1 1
helixtrack.ru/core/internal/models/event.go:396.16,397.25 1 1
helixtrack.ru/core/internal/models/event.go:398.17,399.26 1 0
helixtrack.ru/core/internal/models/event.go:400.17,401.26 1 0
helixtrack.ru/core/internal/models/event.go:402.18,403.27 1 0
helixtrack.ru/core/internal/models/event.go:404.20,405.29 1 0
helixtrack.ru/core/internal/models/event.go:406.17,407.26 1 0
helixtrack.ru/core/internal/models/event.go:408.21,409.30 1 0
helixtrack.ru/core/internal/models/event.go:410.10,411.25 1 0
helixtrack.ru/core/internal/models/extension.go:27.36,29.2 1 0
helixtrack.ru/core/internal/models/extension.go:32.38,34.2 1 0
helixtrack.ru/core/internal/models/filter.go:39.55,40.21 1 4
helixtrack.ru/core/internal/models/filter.go:40.21,42.3 1 1
helixtrack.ru/core/internal/models/filter.go:43.2,43.21 1 3
helixtrack.ru/core/internal/models/filter.go:43.21,45.3 1 1
helixtrack.ru/core/internal/models/filter.go:46.2,46.24 1 2
helixtrack.ru/core/internal/models/filter.go:46.24,48.3 1 1
helixtrack.ru/core/internal/models/filter.go:49.2,49.24 1 1
helixtrack.ru/core/internal/models/filter.go:53.99,54.16 1 9
helixtrack.ru/core/internal/models/filter.go:54.16,56.3 1 1
helixtrack.ru/core/internal/models/filter.go:58.2,58.31 1 8
helixtrack.ru/core/internal/models/filter.go:58.31,59.20 1 18
helixtrack.ru/core/internal/models/filter.go:59.20,60.12 1 2
helixtrack.ru/core/internal/models/filter.go:62.3,62.53 1 16
helixtrack.ru/core/internal/models/filter.go:62.53,64.4 1 2
helixtrack.ru/core/internal/models/filter.go:65.3,65.53 1 14
helixtrack.ru/core/internal/models/filter.go:65.53,67.4 1 2
helixtrack.ru/core/internal/models/filter.go:68.3,68.62 1 12
helixtrack.ru/core/internal/models/filter.go:68.62,70.4 1 1
helixtrack.ru/core/internal/models/filter.go:73.2,73.14 1 3
helixtrack.ru/core/internal/models/jwt.go:61.71,63.2 1 25
helixtrack.ru/core/internal/models/jwt.go:66.42,67.11 1 7
helixtrack.ru/core/internal/models/jwt.go:68.22,69.16 1 2
helixtrack.ru/core/internal/models/jwt.go:70.22,71.16 1 1
helixtrack.ru/core/internal/models/jwt.go:72.24,73.18 1 1
helixtrack.ru/core/internal/models/jwt.go:74.24,75.18 1 1
helixtrack.ru/core/internal/models/jwt.go:76.24,77.18 1 1
helixtrack.ru/core/internal/models/jwt.go:78.10,79.19 1 1
helixtrack.ru/core/internal/models/jwt.go:84.57,85.32 1 12
helixtrack.ru/core/internal/models/jwt.go:86.14,87.24 1 4
helixtrack.ru/core/internal/models/jwt.go:88.16,89.26 1 1
helixtrack.ru/core/internal/models/jwt.go:90.16,91.26 1 2
helixtrack.ru/core/internal/models/jwt.go:92.23,93.26 1 3
helixtrack.ru/core/internal/models/jwt.go:94.10,95.24 1 2
helixtrack.ru/core/internal/models/jwt.go:100.50,102.2 1 4
helixtrack.ru/core/internal/models/jwt.go:105.45,107.2 1 18
helixtrack.ru/core/internal/models/jwt.go:110.49,114.41 3 7
helixtrack.ru/core/internal/models/jwt.go:114.41,116.3 1 3
helixtrack.ru/core/internal/models/jwt.go:118.2,118.35 1 4
helixtrack.ru/core/internal/models/jwt.go:118.35,119.28 1 5
helixtrack.ru/core/internal/models/jwt.go:119.28,121.4 1 1
helixtrack.ru/core/internal/models/jwt.go:124.2,124.13 1 3
helixtrack.ru/core/internal/models/jwt.go:128.64,132.45 2 15
helixtrack.ru/core/internal/models/jwt.go:132.45,134.3 1 3
helixtrack.ru/core/internal/models/jwt.go:135.2,135.129 1 12
helixtrack.ru/core/internal/models/jwt.go:135.129,137.3 1 4
helixtrack.ru/core/internal/models/jwt.go:138.2,138.88 1 8
helixtrack.ru/core/internal/models/jwt.go:138.88,140.3 1 3
helixtrack.ru/core/internal/models/jwt.go:142.2,142.23 1 5
helixtrack.ru/core/internal/models/jwt.go:146.54,147.14 1 4
helixtrack.ru/core/internal/models/jwt.go:147.14,149.3 1 0
helixtrack.ru/core/internal/models/jwt.go:152.2,155.53 3 4
helixtrack.ru/core/internal/models/label.go:75.41,76.19 1 0
helixtrack.ru/core/internal/models/label.go:76.19,78.3 1 0
helixtrack.ru/core/internal/models/label.go:79.2,79.24 1 0
helixtrack.ru/core/internal/models/label.go:83.32,85.2 1 0
helixtrack.ru/core/internal/models/label.go:88.50,89.20 1 0
helixtrack.ru/core/internal/models/label.go:89.20,91.3 1 0
helixtrack.ru/core/internal/models/label.go:92.2,92.27 1 0
helixtrack.ru/core/internal/models/label.go:96.41,98.2 1 0
helixtrack.ru/core/internal/models/mention.go:21.34,23.2 1 0
helixtrack.ru/core/internal/models/mention.go:26.46,28.2 1 0
helixtrack.ru/core/internal/models/mention.go:31.60,32.41 1 0
helixtrack.ru/core/internal/models/mention.go:32.41,33.19 1 0
helixtrack.ru/core/internal/models/mention.go:33.19,35.4 1 0
helixtrack.ru/core/internal/models/mention.go:37.2,37.14 1 0
helixtrack.ru/core/internal/models/notification.go:61.47,63.2 1 0
helixtrack.ru/core/internal/models/notification.go:66.56,68.2 1 0
helixtrack.ru/core/internal/models/notification.go:71.54,86.2 2 0
helixtrack.ru/core/internal/models/notification.go:89.57,99.2 2 0
helixtrack.ru/core/internal/models/notification.go:102.56,106.2 1 0
helixtrack.ru/core/internal/models/notification.go:109.57,113.2 1 0
helixtrack.ru/core/internal/models/permission.go:45.58,48.2 1 0
helixtrack.ru/core/internal/models/permission.go:51.58,53.36 2 0
helixtrack.ru/core/internal/models/permission.go:53.36,54.24 1 0
helixtrack.ru/core/internal/models/permission.go:54.24,56.4 1 0
helixtrack.ru/core/internal/models/permission.go:58.2,58.14 1 0
helixtrack.ru/core/internal/models/priority.go:35.40,37.2 1 14
helixtrack.ru/core/internal/models/priority.go:40.44,41.19 1 8
helixtrack.ru/core/internal/models/priority.go:41.19,43.3 1 7
helixtrack.ru/core/internal/models/priority.go:44.2,44.27 1 1
helixtrack.ru/core/internal/models/project.go:18.81,30.2 2 0
helixtrack.ru/core/internal/models/project_category.go:26.43,28.2 1 0
helixtrack.ru/core/internal/models/project_category.go:31.52,32.20 1 0
helixtrack.ru/core/internal/models/project_category.go:32.20,34.3 1 0
helixtrack.ru/core/internal/models/project_category.go:35.2,35.24 1 0
helixtrack.ru/core/internal/models/project_role.go:25.40,27.2 1 0
helixtrack.ru/core/internal/models/project_role.go:30.49,32.2 1 0
helixtrack.ru/core/internal/models/report.go:26.33,28.2 1 0
helixtrack.ru/core/internal/models/report.go:31.34,33.2 1 0
helixtrack.ru/core/internal/models/request.go:13.51,14.18 1 11
helixtrack.ru/core/internal/models/request.go:15.90,16.15 1 5
helixtrack.ru/core/internal/models/request.go:17.10,18.14 1 6
helixtrack.ru/core/internal/models/request.go:23.42,24.18 1 7
helixtrack.ru/core/internal/models/request.go:25.48,26.14 1 3
helixtrack.ru/core/internal/models/request.go:27.10,28.15 1 4
helixtrack.ru/core/internal/models/resolution.go:24.46,25.19 1 9
helixtrack.ru/core/internal/models/resolution.go:25.19,27.3 1 8
helixtrack.ru/core/internal/models/resolution.go:28.2,28.29 1 1
helixtrack.ru/core/internal/models/response.go:12.64,17.2 1 3
helixtrack.ru/core/internal/models/response.go:20.84,26.2 1 2
helixtrack.ru/core/internal/models/response.go:29.37,31.2 1 5
helixtrack.ru/core/internal/models/security_level.go:37.46,39.2 1 0
helixtrack.ru/core/internal/models/security_level.go:42.70,43.44 1 0
helixtrack.ru/core/internal/models/security_level.go:43.44,45.3 1 0
helixtrack.ru/core/internal/models/security_level.go:46.2,46.44 1 0
helixtrack.ru/core/internal/models/security_level.go:46.44,48.3 1 0
helixtrack.ru/core/internal/models/security_level.go:49.2,49.58 1 0
helixtrack.ru/core/internal/models/security_level.go:49.58,51.3 1 0
helixtrack.ru/core/internal/models/security_level.go:52.2,52.18 1 0
helixtrack.ru/core/internal/models/service_registry.go:111.64,115.2 3 0
helixtrack.ru/core/internal/models/service_registry.go:118.54,121.2 2 0
helixtrack.ru/core/internal/models/service_registry.go:124.48,126.2 1 0
helixtrack.ru/core/internal/models/service_registry.go:129.48,131.2 1 0
helixtrack.ru/core/internal/models/subtask.go:21.42,23.2 1 0
helixtrack.ru/core/internal/models/subtask.go:26.36,28.2 1 0
helixtrack.ru/core/internal/models/subtask.go:31.54,32.27 1 0
helixtrack.ru/core/internal/models/subtask.go:32.27,35.3 2 0
helixtrack.ru/core/internal/models/subtask.go:36.2,36.88 1 0
helixtrack.ru/core/internal/models/subtask.go:40.45,42.2 1 0
helixtrack.ru/core/internal/models/subtask.go:45.46,47.2 1 0
helixtrack.ru/core/internal/models/ticket.go:24.131,40.2 2 0
helixtrack.ru/core/internal/models/version.go:28.37,30.2 1 8
helixtrack.ru/core/internal/models/version.go:33.37,35.2 1 3
helixtrack.ru/core/internal/models/version.go:38.35,40.2 1 10
helixtrack.ru/core/internal/models/vote.go:21.31,23.2 1 0
helixtrack.ru/core/internal/models/vote.go:26.40,28.2 1 0
helixtrack.ru/core/internal/models/vote.go:31.54,33.2 1 0
helixtrack.ru/core/internal/models/watcher.go:13.80,14.35 1 11
helixtrack.ru/core/internal/models/watcher.go:14.35,15.83 1 27
helixtrack.ru/core/internal/models/watcher.go:15.83,17.4 1 6
helixtrack.ru/core/internal/models/watcher.go:19.2,19.14 1 5
helixtrack.ru/core/internal/models/watcher.go:23.76,25.35 2 4
helixtrack.ru/core/internal/models/watcher.go:25.35,26.55 1 12
helixtrack.ru/core/internal/models/watcher.go:26.55,28.4 1 3
helixtrack.ru/core/internal/models/watcher.go:30.2,30.14 1 4
helixtrack.ru/core/internal/models/websocket.go:32.116,53.2 2 14
helixtrack.ru/core/internal/models/websocket.go:56.56,60.2 3 101
helixtrack.ru/core/internal/models/websocket.go:63.50,67.2 3 103
helixtrack.ru/core/internal/models/websocket.go:70.35,74.2 3 101
helixtrack.ru/core/internal/models/websocket.go:77.31,81.2 3 101
helixtrack.ru/core/internal/models/websocket.go:84.46,88.2 3 4
helixtrack.ru/core/internal/models/websocket.go:91.42,95.2 3 4
helixtrack.ru/core/internal/models/websocket.go:98.26,103.9 3 0
helixtrack.ru/core/internal/models/websocket.go:104.16,104.16 0 0
helixtrack.ru/core/internal/models/websocket.go:106.10,107.16 1 0
helixtrack.ru/core/internal/models/websocket.go:111.2,111.19 1 0
helixtrack.ru/core/internal/models/websocket.go:111.19,113.3 1 0
helixtrack.ru/core/internal/models/websocket.go:117.53,118.21 1 5
helixtrack.ru/core/internal/models/websocket.go:118.21,120.3 1 1
helixtrack.ru/core/internal/models/websocket.go:121.2,121.43 1 4
helixtrack.ru/core/internal/models/websocket.go:146.97,152.2 1 1
helixtrack.ru/core/internal/models/websocket.go:155.57,160.2 1 1
helixtrack.ru/core/internal/models/websocket.go:163.54,172.2 1 1
helixtrack.ru/core/internal/models/websocket.go:192.47,208.2 1 2
helixtrack.ru/core/internal/models/worklog.go:17.47,19.2 1 0
helixtrack.ru/core/internal/models/worklog.go:22.46,24.2 1 0
helixtrack.ru/core/internal/models/worklog.go:27.34,29.2 1 0
helixtrack.ru/core/internal/metrics/metrics.go:70.28,76.2 1 13
helixtrack.ru/core/internal/metrics/metrics.go:79.94,85.43 3 225
helixtrack.ru/core/internal/metrics/metrics.go:85.43,88.3 2 221
helixtrack.ru/core/internal/metrics/metrics.go:88.8,88.50 1 4
helixtrack.ru/core/internal/metrics/metrics.go:88.50,90.3 1 1
helixtrack.ru/core/internal/metrics/metrics.go:90.8,90.50 1 3
helixtrack.ru/core/internal/metrics/metrics.go:90.50,93.3 2 2
helixtrack.ru/core/internal/metrics/metrics.go:93.8,93.30 1 1
helixtrack.ru/core/internal/metrics/metrics.go:93.30,96.3 2 1
helixtrack.ru/core/internal/metrics/metrics.go:99.2,102.6 2 225
helixtrack.ru/core/internal/metrics/metrics.go:102.6,104.27 2 225
helixtrack.ru/core/internal/metrics/metrics.go:104.27,105.9 1 210
helixtrack.ru/core/internal/metrics/metrics.go:107.3,107.72 1 15
helixtrack.ru/core/internal/metrics/metrics.go:107.72,108.9 1 15
helixtrack.ru/core/internal/metrics/metrics.go:113.2,113.6 1 225
helixtrack.ru/core/internal/metrics/metrics.go:113.6,115.27 2 225
helixtrack.ru/core/internal/metrics/metrics.go:115.27,116.9 1 212
helixtrack.ru/core/internal/metrics/metrics.go:118.3,118.72 1 13
helixtrack.ru/core/internal/metrics/metrics.go:118.72,119.9 1 13
helixtrack.ru/core/internal/metrics/metrics.go:124.2,129.63 4 225
helixtrack.ru/core/internal/metrics/metrics.go:133.96,140.13 5 225
helixtrack.ru/core/internal/metrics/metrics.go:140.13,144.14 3 21
helixtrack.ru/core/internal/metrics/metrics.go:144.14,151.4 2 21
helixtrack.ru/core/internal/metrics/metrics.go:152.3,152.24 1 21
helixtrack.ru/core/internal/metrics/metrics.go:156.2,160.6 3 225
helixtrack.ru/core/internal/metrics/metrics.go:160.6,162.27 2 225
helixtrack.ru/core/internal/metrics/metrics.go:162.27,163.9 1 199
helixtrack.ru/core/internal/metrics/metrics.go:165.3,165.72 1 26
helixtrack.ru/core/internal/metrics/metrics.go:165.72,166.9 1 26
helixtrack.ru/core/internal/metrics/metrics.go:171.2,171.6 1 225
helixtrack.ru/core/internal/metrics/metrics.go:171.6,173.27 2 225
helixtrack.ru/core/internal/metrics/metrics.go:173.27,174.9 1 203
helixtrack.ru/core/internal/metrics/metrics.go:176.3,176.72 1 22
helixtrack.ru/core/internal/metrics/metrics.go:176.72,177.9 1 22
helixtrack.ru/core/internal/metrics/metrics.go:182.2,182.43 1 225
helixtrack.ru/core/internal/metrics/metrics.go:182.43,184.3 1 221
helixtrack.ru/core/internal/metrics/metrics.go:184.8,184.50 1 4
helixtrack.ru/core/internal/metrics/metrics.go:184.50,186.3 1 1
helixtrack.ru/core/internal/metrics/metrics.go:186.8,186.50 1 3
helixtrack.ru/core/internal/metrics/metrics.go:186.50,188.3 1 2
helixtrack.ru/core/internal/metrics/metrics.go:188.8,188.30 1 1
helixtrack.ru/core/internal/metrics/metrics.go:188.30,190.3 1 1
helixtrack.ru/core/internal/metrics/metrics.go:194.69,207.23 12 13
helixtrack.ru/core/internal/metrics/metrics.go:207.23,209.3 1 11
helixtrack.ru/core/internal/metrics/metrics.go:211.2,213.26 3 13
helixtrack.ru/core/internal/metrics/metrics.go:213.26,215.3 1 13
helixtrack.ru/core/internal/metrics/metrics.go:217.2,237.22 5 13
helixtrack.ru/core/internal/metrics/metrics.go:237.22,240.46 3 3
helixtrack.ru/core/internal/metrics/metrics.go:240.46,255.4 2 6
helixtrack.ru/core/internal/metrics/metrics.go:256.3,256.25 1 3
helixtrack.ru/core/internal/metrics/metrics.go:259.2,259.16 1 13
helixtrack.ru/core/internal/metrics/metrics.go:263.27,284.2 17 2
helixtrack.ru/core/internal/metrics/metrics.go:287.58,288.30 1 2
helixtrack.ru/core/internal/metrics/metrics.go:288.30,297.3 4 9
helixtrack.ru/core/internal/metrics/metrics.go:304.34,306.2 1 2
helixtrack.ru/core/internal/metrics/metrics.go:326.65,331.22 3 3
helixtrack.ru/core/internal/metrics/metrics.go:331.22,332.37 1 3
helixtrack.ru/core/internal/metrics/metrics.go:332.37,335.4 2 1
helixtrack.ru/core/internal/metrics/metrics.go:338.2,346.20 2 3
helixtrack.ru/core/internal/metrics/metrics.go:346.20,348.3 1 1
helixtrack.ru/core/internal/metrics/metrics.go:350.2,350.15 1 3
helixtrack.ru/core/internal/websocket/config.go:11.71,27.2 1 0
helixtrack.ru/core/internal/websocket/handler.go:22.109,28.2 1 0
helixtrack.ru/core/internal/websocket/handler.go:31.52,33.23 1 0
helixtrack.ru/core/internal/websocket/handler.go:33.23,40.3 2 0
helixtrack.ru/core/internal/websocket/handler.go:43.2,49.20 3 0
helixtrack.ru/core/internal/websocket/handler.go:49.20,51.57 2 0
helixtrack.ru/core/internal/websocket/handler.go:51.57,53.4 1 0
helixtrack.ru/core/internal/websocket/handler.go:57.2,57.20 1 0
helixtrack.ru/core/internal/websocket/handler.go:57.20,59.3 1 0
helixtrack.ru/core/internal/websocket/handler.go:62.2,62.44 1 0
helixtrack.ru/core/internal/websocket/handler.go:62.44,72.3 3 0
helixtrack.ru/core/internal/websocket/handler.go:74.2,78.20 3 0
helixtrack.ru/core/internal/websocket/handler.go:78.20,81.17 3 0
helixtrack.ru/core/internal/websocket/handler.go:81.17,92.4 3 0
helixtrack.ru/core/internal/websocket/handler.go:93.3,94.29 2 0
helixtrack.ru/core/internal/websocket/handler.go:95.8,99.3 2 0
helixtrack.ru/core/internal/websocket/handler.go:102.2,104.16 3 0
helixtrack.ru/core/internal/websocket/handler.go:104.16,111.3 2 0
helixtrack.ru/core/internal/websocket/handler.go:114.2,117.57 2 0
helixtrack.ru/core/internal/websocket/handler.go:117.57,125.3 3 0
helixtrack.ru/core/internal/websocket/handler.go:127.2,131.3 1 0
helixtrack.ru/core/internal/websocket/handler.go:135.47,147.2 2 0
helixtrack.ru/core/internal/websocket/manager.go:49.97,60.30 3 4
helixtrack.ru/core/internal/websocket/manager.go:60.30,62.3 1 0
helixtrack.ru/core/internal/websocket/manager.go:64.2,78.3 1 4
helixtrack.ru/core/internal/websocket/manager.go:82.33,84.15 2 4
helixtrack.ru/core/internal/websocket/manager.go:84.15,87.3 2 0
helixtrack.ru/core/internal/websocket/manager.go:88.2,99.12 6 4
helixtrack.ru/core/internal/websocket/manager.go:103.32,105.16 2 4
helixtrack.ru/core/internal/websocket/manager.go:105.16,108.3 2 0
helixtrack.ru/core/internal/websocket/manager.go:109.2,127.35 10 4
helixtrack.ru/core/internal/websocket/manager.go:127.35,129.3 1 0
helixtrack.ru/core/internal/websocket/manager.go:130.2,135.12 5 4
helixtrack.ru/core/internal/websocket/manager.go:139.25,145.6 4 4
helixtrack.ru/core/internal/websocket/manager.go:145.6,146.10 1 12
helixtrack.ru/core/internal/websocket/manager.go:147.23,148.10 1 4
helixtrack.ru/core/internal/websocket/manager.go:150.31,151.28 1 4
helixtrack.ru/core/internal/websocket/manager.go:153.33,154.30 1 4
helixtrack.ru/core/internal/websocket/manager.go:156.31,157.27 1 0
helixtrack.ru/core/internal/websocket/manager.go:159.19,160.31 1 0
helixtrack.ru/core/internal/websocket/manager.go:166.63,172.41 4 4
helixtrack.ru/core/internal/websocket/manager.go:172.41,174.3 1 0
helixtrack.ru/core/internal/websocket/manager.go:176.2,176.9 1 4
helixtrack.ru/core/internal/websocket/manager.go:177.28,178.13 1 4
helixtrack.ru/core/internal/websocket/manager.go:179.37,180.50 1 0
helixtrack.ru/core/internal/websocket/manager.go:185.57,193.60 4 4
helixtrack.ru/core/internal/websocket/manager.go:193.60,195.3 1 4
helixtrack.ru/core/internal/websocket/manager.go:196.2,226.24 10 4
helixtrack.ru/core/internal/websocket/manager.go:230.59,231.9 1 4
helixtrack.ru/core/internal/websocket/manager.go:232.30,232.30 0 4
helixtrack.ru/core/internal/websocket/manager.go:233.37,234.82 1 0
helixtrack.ru/core/internal/websocket/manager.go:239.59,244.47 3 4
helixtrack.ru/core/internal/websocket/manager.go:244.47,248.70 2 4
helixtrack.ru/core/internal/websocket/manager.go:248.70,249.34 1 4
helixtrack.ru/core/internal/websocket/manager.go:249.34,250.26 1 4
helixtrack.ru/core/internal/websocket/manager.go:250.26,252.11 2 4
helixtrack.ru/core/internal/websocket/manager.go:256.4,256.50 1 4
helixtrack.ru/core/internal/websocket/manager.go:256.50,258.5 1 4
helixtrack.ru/core/internal/websocket/manager.go:262.3,273.4 5 4
helixtrack.ru/core/internal/websocket/manager.go:278.55,279.9 1 0
helixtrack.ru/core/internal/websocket/manager.go:280.28,280.28 0 0
helixtrack.ru/core/internal/websocket/manager.go:281.37,285.22 4 0
helixtrack.ru/core/internal/websocket/manager.go:290.55,308.35 8 0
helixtrack.ru/core/internal/websocket/manager.go:308.35,311.47 2 0
helixtrack.ru/core/internal/websocket/manager.go:311.47,312.12 1 0
helixtrack.ru/core/internal/websocket/manager.go:316.3,316.46 1 0
helixtrack.ru/core/internal/websocket/manager.go:316.46,317.12 1 0
helixtrack.ru/core/internal/websocket/manager.go:321.3,321.32 1 0
helixtrack.ru/core/internal/websocket/manager.go:326.90,328.41 1 0
helixtrack.ru/core/internal/websocket/manager.go:328.41,330.3 1 0
helixtrack.ru/core/internal/websocket/manager.go:333.2,333.57 1 0
helixtrack.ru/core/internal/websocket/manager.go:333.57,335.44 2 0
helixtrack.ru/core/internal/websocket/manager.go:335.44,337.4 1 0
helixtrack.ru/core/internal/websocket/manager.go:341.2,341.55 1 0
helixtrack.ru/core/internal/websocket/manager.go:341.55,348.29 2 0
helixtrack.ru/core/internal/websocket/manager.go:348.29,350.4 1 0
helixtrack.ru/core/internal/websocket/manager.go:353.2,353.13 1 0
helixtrack.ru/core/internal/websocket/manager.go:357.76,361.16 3 4
helixtrack.ru/core/internal/websocket/manager.go:361.16,367.3 2 0
helixtrack.ru/core/internal/websocket/manager.go:370.2,370.9 1 4
helixtrack.ru/core/internal/websocket/manager.go:371.27,371.27 0 4
helixtrack.ru/core/internal/websocket/manager.go:372.10,378.29 2 0
helixtrack.ru/core/internal/websocket/manager.go:383.51,384.15 1 4
helixtrack.ru/core/internal/websocket/manager.go:384.15,386.3 1 4
helixtrack.ru/core/internal/websocket/manager.go:388.2,390.48 3 4
helixtrack.ru/core/internal/websocket/manager.go:390.48,394.3 3 0
helixtrack.ru/core/internal/websocket/manager.go:396.2,396.6 1 4
helixtrack.ru/core/internal/websocket/manager.go:396.6,398.17 2 5
helixtrack.ru/core/internal/websocket/manager.go:398.17,399.103 1 4
helixtrack.ru/core/internal/websocket/manager.go:399.103,404.5 1 0
helixtrack.ru/core/internal/websocket/manager.go:405.4,405.9 1 4
helixtrack.ru/core/internal/websocket/manager.go:408.3,412.63 3 1
helixtrack.ru/core/internal/websocket/manager.go:412.63,418.12 3 1
helixtrack.ru/core/internal/websocket/manager.go:422.3,422.42 1 0
helixtrack.ru/core/internal/websocket/manager.go:427.52,429.15 2 4
helixtrack.ru/core/internal/websocket/manager.go:429.15,432.3 2 4
helixtrack.ru/core/internal/websocket/manager.go:434.2,434.6 1 4
helixtrack.ru/core/internal/websocket/manager.go:434.6,435.10 1 9
helixtrack.ru/core/internal/websocket/manager.go:436.37,438.11 2 9
helixtrack.ru/core/internal/websocket/manager.go:438.11,442.5 2 4
helixtrack.ru/core/internal/websocket/manager.go:444.4,445.18 2 5
helixtrack.ru/core/internal/websocket/manager.go:445.18,447.5 1 0
helixtrack.ru/core/internal/websocket/manager.go:448.4,452.27 3 5
helixtrack.ru/core/internal/websocket/manager.go:452.27,455.5 2 0
helixtrack.ru/core/internal/websocket/manager.go:457.4,457.36 1 5
helixtrack.ru/core/internal/websocket/manager.go:457.36,459.5 1 0
helixtrack.ru/core/internal/websocket/manager.go:461.19,463.79 2 0
helixtrack.ru/core/internal/websocket/manager.go:463.79,465.5 1 0
helixtrack.ru/core/internal/websocket/manager.go:471.96,472.22 1 0
helixtrack.ru/core/internal/websocket/manager.go:473.37,474.37 1 0
helixtrack.ru/core/internal/websocket/manager.go:475.39,476.39 1 0
helixtrack.ru/core/internal/websocket/manager.go:477.32,478.23 1 0
helixtrack.ru/core/internal/websocket/manager.go:479.10,484.46 2 0
helixtrack.ru/core/internal/websocket/manager.go:489.92,492.16 2 0
helixtrack.ru/core/internal/websocket/manager.go:492.16,495.3 2 0
helixtrack.ru/core/internal/websocket/manager.go:497.2,498.72 2 0
helixtrack.ru/core/internal/websocket/manager.go:498.72,501.3 2 0
helixtrack.ru/core/internal/websocket/manager.go:504.2,519.9 5 0
helixtrack.ru/core/internal/websocket/manager.go:520.30,520.30 0 0
helixtrack.ru/core/internal/websocket/manager.go:521.10,521.10 0 0
helixtrack.ru/core/internal/websocket/manager.go:526.94,547.9 5 0
helixtrack.ru/core/internal/websocket/manager.go:548.30,548.30 0 0
helixtrack.ru/core/internal/websocket/manager.go:549.10,549.10 0 0
helixtrack.ru/core/internal/websocket/manager.go:554.53,562.9 4 0
helixtrack.ru/core/internal/websocket/manager.go:563.31,563.31 0 0
helixtrack.ru/core/internal/websocket/manager.go:564.10,564.10 0 0
helixtrack.ru/core/internal/websocket/manager.go:569.69,572.9 3 1
helixtrack.ru/core/internal/websocket/manager.go:573.27,573.27 0 1
helixtrack.ru/core/internal/websocket/manager.go:574.10,574.10 0 0
helixtrack.ru/core/internal/websocket/manager.go:579.45,586.35 5 0
helixtrack.ru/core/internal/websocket/manager.go:586.35,588.34 2 0
helixtrack.ru/core/internal/websocket/manager.go:588.34,595.4 2 0
helixtrack.ru/core/internal/websocket/manager.go:600.43,604.2 3 5
helixtrack.ru/core/internal/websocket/manager.go:607.53,609.2 1 4
helixtrack.ru/core/internal/websocket/manager.go:612.112,615.2 2 4
helixtrack.ru/core/internal/websocket/manager.go:618.78,619.36 1 4
helixtrack.ru/core/internal/websocket/manager.go:619.36,621.64 1 4
helixtrack.ru/core/internal/websocket/manager.go:621.64,623.4 1 4
helixtrack.ru/core/internal/websocket/manager.go:625.3,626.42 2 0
helixtrack.ru/core/internal/websocket/manager.go:631.49,632.26 1 4
helixtrack.ru/core/internal/websocket/manager.go:632.26,633.16 1 4
helixtrack.ru/core/internal/websocket/manager.go:633.16,635.4 1 4
helixtrack.ru/core/internal/websocket/manager.go:637.2,637.14 1 0
helixtrack.ru/core/internal/websocket/publisher.go:33.74,38.2 1 11
helixtrack.ru/core/internal/websocket/publisher.go:41.55,42.36 1 107
helixtrack.ru/core/internal/websocket/publisher.go:42.36,44.3 1 2
helixtrack.ru/core/internal/websocket/publisher.go:46.2,55.33 2 105
helixtrack.ru/core/internal/websocket/publisher.go:59.141,60.36 1 2
helixtrack.ru/core/internal/websocket/publisher.go:60.36,62.3 1 1
helixtrack.ru/core/internal/websocket/publisher.go:65.2,72.23 4 1
helixtrack.ru/core/internal/websocket/publisher.go:76.38,78.2 1 4
helixtrack.ru/core/internal/websocket/publisher.go:84.40,86.2 1 3
helixtrack.ru/core/internal/websocket/publisher.go:89.60,89.61 0 1
helixtrack.ru/core/internal/websocket/publisher.go:92.146,92.147 0 1
helixtrack.ru/core/internal/websocket/publisher.go:95.42,97.2 1 1
helixtrack.ru/core/internal/websocket/publisher.go:102.84,107.2 1 1
helixtrack.ru/core/internal/websocket/publisher.go:110.94,115.2 1 1
helixtrack.ru/core/internal/websocket/publisher.go:118.94,124.2 1 1
helixtrack.ru/core/internal/websocket/publisher.go:127.84,132.2 1 1
helixtrack.ru/core/internal/websocket/publisher.go:135.116,143.2 1 1
helixtrack.ru/core/internal/security/audit_log.go:36.54,53.59 5 157
helixtrack.ru/core/internal/security/audit_log.go:53.59,55.3 1 0
helixtrack.ru/core/internal/security/audit_log.go:58.2,58.52 1 157
helixtrack.ru/core/internal/security/audit_log.go:58.52,60.3 1 130
helixtrack.ru/core/internal/security/audit_log.go:63.2,63.34 1 157
helixtrack.ru/core/internal/security/audit_log.go:63.34,65.3 1 10
helixtrack.ru/core/internal/security/audit_log.go:69.53,73.2 3 1
helixtrack.ru/core/internal/security/audit_log.go:76.49,80.40 3 6
helixtrack.ru/core/internal/security/audit_log.go:80.40,82.3 1 4
helixtrack.ru/core/internal/security/audit_log.go:84.2,86.15 3 6
helixtrack.ru/core/internal/security/audit_log.go:90.58,95.78 4 1
helixtrack.ru/core/internal/security/audit_log.go:95.78,96.40 1 4
helixtrack.ru/core/internal/security/audit_log.go:96.40,98.4 1 2
helixtrack.ru/core/internal/security/audit_log.go:100.2,100.15 1 1
helixtrack.ru/core/internal/security/audit_log.go:104.67,109.78 4 1
helixtrack.ru/core/internal/security/audit_log.go:109.78,110.54 1 3
helixtrack.ru/core/internal/security/audit_log.go:110.54,112.4 1 2
helixtrack.ru/core/internal/security/audit_log.go:114.2,114.15 1 1
helixtrack.ru/core/internal/security/audit_log.go:118.22,122.2 3 11
helixtrack.ru/core/internal/security/audit_log.go:125.49,145.25 3 166
helixtrack.ru/core/internal/security/audit_log.go:145.25,147.3 1 15
helixtrack.ru/core/internal/security/audit_log.go:148.2,148.24 1 151
helixtrack.ru/core/internal/security/audit_log.go:148.24,150.3 1 14
helixtrack.ru/core/internal/security/audit_log.go:151.2,151.15 1 137
helixtrack.ru/core/internal/security/audit_log.go:155.47,173.24 3 164
helixtrack.ru/core/internal/security/audit_log.go:173.24,175.3 1 19
helixtrack.ru/core/internal/security/audit_log.go:176.2,176.27 1 145
helixtrack.ru/core/internal/security/audit_log.go:176.27,178.3 1 7
helixtrack.ru/core/internal/security/audit_log.go:179.2,179.18 1 138
helixtrack.ru/core/internal/security/audit_log.go:196.65,207.46 5 2
helixtrack.ru/core/internal/security/audit_log.go:207.46,210.25 2 9
helixtrack.ru/core/internal/security/audit_log.go:211.19,212.26 1 2
helixtrack.ru/core/internal/security/audit_log.go:213.18,214.25 1 2
helixtrack.ru/core/internal/security/audit_log.go:215.15,216.22 1 5
helixtrack.ru/core/internal/security/audit_log.go:219.3,219.23 1 9
helixtrack.ru/core/internal/security/audit_log.go:220.18,221.25 1 3
helixtrack.ru/core/internal/security/audit_log.go:222.21,223.28 1 1
helixtrack.ru/core/internal/security/audit_log.go:224.18,225.25 1 5
helixtrack.ru/core/internal/security/audit_log.go:229.2,232.21 2 2
helixtrack.ru/core/internal/security/audit_log.go:232.21,234.16 2 2
helixtrack.ru/core/internal/security/audit_log.go:234.16,236.4 1 2
helixtrack.ru/core/internal/security/audit_log.go:237.3,238.58 2 2
helixtrack.ru/core/internal/security/audit_log.go:241.2,241.14 1 2
helixtrack.ru/core/internal/security/brute_force_protection.go:48.69,69.2 1 12
helixtrack.ru/core/internal/security/brute_force_protection.go:72.68,81.2 8 0
helixtrack.ru/core/internal/security/brute_force_protection.go:105.82,119.2 4 12
helixtrack.ru/core/internal/security/brute_force_protection.go:122.117,124.36 1 20
helixtrack.ru/core/internal/security/brute_force_protection.go:124.36,126.3 1 2
helixtrack.ru/core/internal/security/brute_force_protection.go:128.2,137.25 7 18
helixtrack.ru/core/internal/security/brute_force_protection.go:137.25,138.50 1 18
helixtrack.ru/core/internal/security/brute_force_protection.go:138.50,140.17 2 11
helixtrack.ru/core/internal/security/brute_force_protection.go:140.17,143.5 2 8
helixtrack.ru/core/internal/security/brute_force_protection.go:144.4,144.24 1 11
helixtrack.ru/core/internal/security/brute_force_protection.go:144.24,146.5 1 2
helixtrack.ru/core/internal/security/brute_force_protection.go:151.2,151.49 1 18
helixtrack.ru/core/internal/security/brute_force_protection.go:151.49,152.62 1 13
helixtrack.ru/core/internal/security/brute_force_protection.go:152.62,154.17 2 8
helixtrack.ru/core/internal/security/brute_force_protection.go:154.17,157.5 2 6
helixtrack.ru/core/internal/security/brute_force_protection.go:158.4,158.24 1 8
helixtrack.ru/core/internal/security/brute_force_protection.go:158.24,160.5 1 0
helixtrack.ru/core/internal/security/brute_force_protection.go:165.2,165.54 1 18
helixtrack.ru/core/internal/security/brute_force_protection.go:165.54,167.57 2 15
helixtrack.ru/core/internal/security/brute_force_protection.go:167.57,169.17 2 9
helixtrack.ru/core/internal/security/brute_force_protection.go:169.17,172.5 2 7
helixtrack.ru/core/internal/security/brute_force_protection.go:173.4,173.24 1 9
helixtrack.ru/core/internal/security/brute_force_protection.go:173.24,175.5 1 0
helixtrack.ru/core/internal/security/brute_force_protection.go:179.2,179.13 1 18
helixtrack.ru/core/internal/security/brute_force_protection.go:179.13,181.3 1 8
helixtrack.ru/core/internal/security/brute_force_protection.go:183.2,183.27 1 10
helixtrack.ru/core/internal/security/brute_force_protection.go:187.152,189.27 1 28
helixtrack.ru/core/internal/security/brute_force_protection.go:189.27,191.3 1 6
helixtrack.ru/core/internal/security/brute_force_protection.go:194.2,194.37 1 22
helixtrack.ru/core/internal/security/brute_force_protection.go:194.37,197.3 2 15
helixtrack.ru/core/internal/security/brute_force_protection.go:200.2,200.69 1 7
helixtrack.ru/core/internal/security/brute_force_protection.go:200.69,204.3 3 3
helixtrack.ru/core/internal/security/brute_force_protection.go:207.2,207.60 1 4
helixtrack.ru/core/internal/security/brute_force_protection.go:207.60,212.3 3 0
helixtrack.ru/core/internal/security/brute_force_protection.go:215.2,215.52 1 4
helixtrack.ru/core/internal/security/brute_force_protection.go:215.52,217.3 1 0
helixtrack.ru/core/internal/security/brute_force_protection.go:220.2,220.61 1 4
helixtrack.ru/core/internal/security/brute_force_protection.go:220.61,223.3 2 4
helixtrack.ru/core/internal/security/brute_force_protection.go:225.2,225.21 1 0
helixtrack.ru/core/internal/security/brute_force_protection.go:229.67,231.36 1 71
helixtrack.ru/core/internal/security/brute_force_protection.go:231.36,233.3 1 40
helixtrack.ru/core/internal/security/brute_force_protection.go:235.2,241.25 4 31
helixtrack.ru/core/internal/security/brute_force_protection.go:241.25,243.3 1 31
helixtrack.ru/core/internal/security/brute_force_protection.go:246.2,246.49 1 31
helixtrack.ru/core/internal/security/brute_force_protection.go:246.49,248.3 1 26
helixtrack.ru/core/internal/security/brute_force_protection.go:251.2,251.54 1 31
helixtrack.ru/core/internal/security/brute_force_protection.go:251.54,254.3 2 29
helixtrack.ru/core/internal/security/brute_force_protection.go:258.114,260.13 2 86
helixtrack.ru/core/internal/security/brute_force_protection.go:260.13,265.3 2 36
helixtrack.ru/core/internal/security/brute_force_protection.go:268.2,268.60 1 86
helixtrack.ru/core/internal/security/brute_force_protection.go:268.60,271.3 2 0
helixtrack.ru/core/internal/security/brute_force_protection.go:273.2,278.52 4 86
helixtrack.ru/core/internal/security/brute_force_protection.go:278.52,282.64 2 41
helixtrack.ru/core/internal/security/brute_force_protection.go:282.64,284.4 1 6
helixtrack.ru/core/internal/security/brute_force_protection.go:289.67,294.25 3 2
helixtrack.ru/core/internal/security/brute_force_protection.go:294.25,296.3 1 2
helixtrack.ru/core/internal/security/brute_force_protection.go:299.2,299.49 1 2
helixtrack.ru/core/internal/security/brute_force_protection.go:299.49,301.3 1 2
helixtrack.ru/core/internal/security/brute_force_protection.go:304.2,304.54 1 2
helixtrack.ru/core/internal/security/brute_force_protection.go:304.54,307.3 2 2
helixtrack.ru/core/internal/security/brute_force_protection.go:311.72,313.57 1 91
helixtrack.ru/core/internal/security/brute_force_protection.go:313.57,314.26 1 42
helixtrack.ru/core/internal/security/brute_force_protection.go:314.26,316.4 1 21
helixtrack.ru/core/internal/security/brute_force_protection.go:320.2,320.69 1 70
helixtrack.ru/core/internal/security/brute_force_protection.go:320.69,321.38 1 21
helixtrack.ru/core/internal/security/brute_force_protection.go:321.38,323.4 1 21
helixtrack.ru/core/internal/security/brute_force_protection.go:326.2,326.14 1 49
helixtrack.ru/core/internal/security/brute_force_protection.go:330.75,334.32 2 4
helixtrack.ru/core/internal/security/brute_force_protection.go:334.32,336.3 1 0
helixtrack.ru/core/internal/security/brute_force_protection.go:338.2,338.14 1 4
helixtrack.ru/core/internal/security/brute_force_protection.go:342.46,348.6 4 12
helixtrack.ru/core/internal/security/brute_force_protection.go:348.6,349.10 1 12
helixtrack.ru/core/internal/security/brute_force_protection.go:350.19,351.16 1 0
helixtrack.ru/core/internal/security/brute_force_protection.go:352.25,353.10 1 10
helixtrack.ru/core/internal/security/brute_force_protection.go:359.42,366.40 4 0
helixtrack.ru/core/internal/security/brute_force_protection.go:366.40,368.58 1 0
helixtrack.ru/core/internal/security/brute_force_protection.go:368.58,370.4 1 0
helixtrack.ru/core/internal/security/brute_force_protection.go:374.2,374.52 1 0
helixtrack.ru/core/internal/security/brute_force_protection.go:374.52,376.58 1 0
helixtrack.ru/core/internal/security/brute_force_protection.go:376.58,378.4 1 0
helixtrack.ru/core/internal/security/brute_force_protection.go:382.2,382.47 1 0
helixtrack.ru/core/internal/security/brute_force_protection.go:382.47,384.58 1 0
helixtrack.ru/core/internal/security/brute_force_protection.go:384.58,386.4 1 0
helixtrack.ru/core/internal/security/brute_force_protection.go:391.40,394.2 2 10
helixtrack.ru/core/internal/security/brute_force_protection.go:397.70,410.39 5 1
helixtrack.ru/core/internal/security/brute_force_protection.go:410.39,411.28 1 3
helixtrack.ru/core/internal/security/brute_force_protection.go:411.28,413.4 1 0
helixtrack.ru/core/internal/security/brute_force_protection.go:413.9,413.45 1 3
helixtrack.ru/core/internal/security/brute_force_protection.go:413.45,415.4 1 0
helixtrack.ru/core/internal/security/brute_force_protection.go:418.2,418.45 1 1
helixtrack.ru/core/internal/security/brute_force_protection.go:418.45,419.28 1 3
helixtrack.ru/core/internal/security/brute_force_protection.go:419.28,421.4 1 0
helixtrack.ru/core/internal/security/brute_force_protection.go:421.9,421.45 1 3
helixtrack.ru/core/internal/security/brute_force_protection.go:421.45,423.4 1 0
helixtrack.ru/core/internal/security/brute_force_protection.go:426.2,426.14 1 1
helixtrack.ru/core/internal/security/brute_force_protection.go:433.63,434.38 1 5
helixtrack.ru/core/internal/security/brute_force_protection.go:434.38,436.3 1 4
helixtrack.ru/core/internal/security/brute_force_protection.go:437.2,437.57 1 5
helixtrack.ru/core/internal/security/brute_force_protection.go:441.85,444.30 2 1
helixtrack.ru/core/internal/security/brute_force_protection.go:444.30,452.48 3 3
helixtrack.ru/core/internal/security/brute_force_protection.go:452.48,454.4 1 0
helixtrack.ru/core/internal/security/brute_force_protection.go:454.9,457.50 2 3
helixtrack.ru/core/internal/security/brute_force_protection.go:457.50,458.47 1 0
helixtrack.ru/core/internal/security/brute_force_protection.go:458.47,460.6 1 0
helixtrack.ru/core/internal/security/brute_force_protection.go:460.11,460.51 1 0
helixtrack.ru/core/internal/security/brute_force_protection.go:460.51,462.6 1 0
helixtrack.ru/core/internal/security/brute_force_protection.go:467.3,469.15 2 3
helixtrack.ru/core/internal/security/brute_force_protection.go:469.15,481.4 4 1
helixtrack.ru/core/internal/security/brute_force_protection.go:484.3,484.16 1 2
helixtrack.ru/core/internal/security/brute_force_protection.go:484.16,486.4 1 1
helixtrack.ru/core/internal/security/brute_force_protection.go:489.3,494.70 3 2
helixtrack.ru/core/internal/security/brute_force_protection.go:494.70,497.4 1 0
helixtrack.ru/core/internal/security/brute_force_protection.go:497.9,497.89 1 2
helixtrack.ru/core/internal/security/brute_force_protection.go:497.89,503.4 2 2
helixtrack.ru/core/internal/security/brute_force_protection.go:508.46,509.38 1 14
helixtrack.ru/core/internal/security/brute_force_protection.go:509.38,511.3 1 14
helixtrack.ru/core/internal/security/brute_force_protection.go:515.46,516.38 1 1
helixtrack.ru/core/internal/security/brute_force_protection.go:516.38,518.3 1 1
helixtrack.ru/core/internal/security/brute_force_protection.go:522.52,523.38 1 5
helixtrack.ru/core/internal/security/brute_force_protection.go:523.38,526.3 2 5
helixtrack.ru/core/internal/security/brute_force_protection.go:527.2,527.18 1 0
helixtrack.ru/core/internal/security/brute_force_protection.go:531.27,532.38 1 1
helixtrack.ru/core/internal/security/brute_force_protection.go:532.38,540.63 4 1
helixtrack.ru/core/internal/security/brute_force_protection.go:540.63,542.72 1 1
helixtrack.ru/core/internal/security/brute_force_protection.go:542.72,544.5 1 1
helixtrack.ru/core/internal/security/brute_force_protection.go:550.39,551.38 1 1
helixtrack.ru/core/internal/security/brute_force_protection.go:551.38,559.63 4 1
helixtrack.ru/core/internal/security/brute_force_protection.go:559.63,563.23 2 1
helixtrack.ru/core/internal/security/brute_force_protection.go:563.23,564.22 1 12
helixtrack.ru/core/internal/security/brute_force_protection.go:564.22,566.11 2 1
helixtrack.ru/core/internal/security/brute_force_protection.go:569.4,569.78 1 1
helixtrack.ru/core/internal/security/brute_force_protection.go:569.78,571.5 1 1
helixtrack.ru/core/internal/security/brute_force_protection.go:588.54,589.38 1 1
helixtrack.ru/core/internal/security/brute_force_protection.go:589.38,591.3 1 1
helixtrack.ru/core/internal/security/brute_force_protection.go:592.2,592.32 1 0
helixtrack.ru/core/internal/security/csrf_protection.go:44.57,62.2 1 3
helixtrack.ru/core/internal/security/csrf_protection.go:65.56,72.2 6 0
helixtrack.ru/core/internal/security/csrf_protection.go:92.55,102.2 3 7
helixtrack.ru/core/internal/security/csrf_protection.go:105.122,108.49 2 22
helixtrack.ru/core/internal/security/csrf_protection.go:108.49,110.3 1 0
helixtrack.ru/core/internal/security/csrf_protection.go:113.2,131.42 6 22
helixtrack.ru/core/internal/security/csrf_protection.go:131.42,133.3 1 0
helixtrack.ru/core/internal/security/csrf_protection.go:135.2,137.19 2 22
helixtrack.ru/core/internal/security/csrf_protection.go:141.102,146.13 4 8
helixtrack.ru/core/internal/security/csrf_protection.go:146.13,148.3 1 1
helixtrack.ru/core/internal/security/csrf_protection.go:151.2,151.39 1 7
helixtrack.ru/core/internal/security/csrf_protection.go:151.39,154.3 2 1
helixtrack.ru/core/internal/security/csrf_protection.go:157.2,157.16 1 6
helixtrack.ru/core/internal/security/csrf_protection.go:157.16,159.3 1 1
helixtrack.ru/core/internal/security/csrf_protection.go:162.2,162.43 1 5
helixtrack.ru/core/internal/security/csrf_protection.go:162.43,164.3 1 1
helixtrack.ru/core/internal/security/csrf_protection.go:167.2,167.50 1 4
helixtrack.ru/core/internal/security/csrf_protection.go:167.50,169.3 1 1
helixtrack.ru/core/internal/security/csrf_protection.go:171.2,171.13 1 3
helixtrack.ru/core/internal/security/csrf_protection.go:175.63,179.55 3 1
helixtrack.ru/core/internal/security/csrf_protection.go:179.55,181.3 1 1
helixtrack.ru/core/internal/security/csrf_protection.go:185.61,189.2 3 1
helixtrack.ru/core/internal/security/csrf_protection.go:192.45,196.39 3 0
helixtrack.ru/core/internal/security/csrf_protection.go:196.39,197.60 1 0
helixtrack.ru/core/internal/security/csrf_protection.go:197.60,200.4 2 0
helixtrack.ru/core/internal/security/csrf_protection.go:203.2,203.21 1 0
helixtrack.ru/core/internal/security/csrf_protection.go:203.21,205.3 1 0
helixtrack.ru/core/internal/security/csrf_protection.go:209.47,213.21 3 7
helixtrack.ru/core/internal/security/csrf_protection.go:213.21,216.40 3 0
helixtrack.ru/core/internal/security/csrf_protection.go:216.40,217.34 1 0
helixtrack.ru/core/internal/security/csrf_protection.go:217.34,219.5 1 0
helixtrack.ru/core/internal/security/csrf_protection.go:221.3,221.20 1 0
helixtrack.ru/core/internal/security/csrf_protection.go:226.64,235.37 7 1
helixtrack.ru/core/internal/security/csrf_protection.go:235.37,236.17 1 10
helixtrack.ru/core/internal/security/csrf_protection.go:236.17,238.4 1 0
helixtrack.ru/core/internal/security/csrf_protection.go:239.3,239.33 1 10
helixtrack.ru/core/internal/security/csrf_protection.go:239.33,241.4 1 0
[...]
helixtrack.ru/core/internal/handlers/watcher_handler.go:29.2,30.27 2 15
helixtrack.ru/core/internal/handlers/watcher_handler.go:30.27,37.3 2 1
helixtrack.ru/core/internal/handlers/watcher_handler.go:40.2,41.25 2 14
helixtrack.ru/core/internal/handlers/watcher_handler.go:41.25,44.3 1 1
helixtrack.ru/core/internal/handlers/watcher_handler.go:47.2,53.16 4 14
helixtrack.ru/core/internal/handlers/watcher_handler.go:53.16,61.3 3 0
helixtrack.ru/core/internal/handlers/watcher_handler.go:63.2,63.15 1 14
helixtrack.ru/core/internal/handlers/watcher_handler.go:63.15,70.3 2 3
helixtrack.ru/core/internal/handlers/watcher_handler.go:73.2,94.16 4 11
helixtrack.ru/core/internal/handlers/watcher_handler.go:94.16,102.3 3 0
helixtrack.ru/core/internal/handlers/watcher_handler.go:104.2,132.38 7 11
helixtrack.ru/core/internal/handlers/watcher_handler.go:136.76,138.13 2 7
helixtrack.ru/core/internal/handlers/watcher_handler.go:138.13,145.3 2 0
helixtrack.ru/core/internal/handlers/watcher_handler.go:148.2,149.27 2 7
helixtrack.ru/core/internal/handlers/watcher_handler.go:149.27,156.3 2 1
helixtrack.ru/core/internal/handlers/watcher_handler.go:159.2,160.25 2 6
helixtrack.ru/core/internal/handlers/watcher_handler.go:160.25,162.3 1 1
helixtrack.ru/core/internal/handlers/watcher_handler.go:165.2,172.16 3 6
helixtrack.ru/core/internal/handlers/watcher_handler.go:172.16,180.3 3 0
helixtrack.ru/core/internal/handlers/watcher_handler.go:182.2,183.23 2 6
helixtrack.ru/core/internal/handlers/watcher_handler.go:183.23,190.3 2 2
helixtrack.ru/core/internal/handlers/watcher_handler.go:192.2,221.33 7 4
helixtrack.ru/core/internal/handlers/watcher_handler.go:225.74,227.13 2 8
helixtrack.ru/core/internal/handlers/watcher_handler.go:227.13,234.3 2 0
helixtrack.ru/core/internal/handlers/watcher_handler.go:237.2,238.27 2 8
helixtrack.ru/core/internal/handlers/watcher_handler.go:238.27,245.3 2 1
helixtrack.ru/core/internal/handlers/watcher_handler.go:248.2,256.16 3 7
helixtrack.ru/core/internal/handlers/watcher_handler.go:256.16,264.3 3 0
helixtrack.ru/core/internal/handlers/watcher_handler.go:265.2,268.18 3 7
helixtrack.ru/core/internal/handlers/watcher_handler.go:268.18,277.17 3 9
helixtrack.ru/core/internal/handlers/watcher_handler.go:277.17,279.12 2 0
helixtrack.ru/core/internal/handlers/watcher_handler.go:281.3,281.39 1 9
helixtrack.ru/core/internal/handlers/watcher_handler.go:284.2,295.33 3 7
helixtrack.ru/core/internal/handlers/workflow_handler.go:17.77,19.13 2 15
helixtrack.ru/core/internal/handlers/workflow_handler.go:19.13,26.3 2 1
helixtrack.ru/core/internal/handlers/workflow_handler.go:29.2,30.16 2 14
helixtrack.ru/core/internal/handlers/workflow_handler.go:30.16,38.3 3 0
helixtrack.ru/core/internal/handlers/workflow_handler.go:40.2,40.14 1 14
helixtrack.ru/core/internal/handlers/workflow_handler.go:40.14,47.3 2 0
helixtrack.ru/core/internal/handlers/workflow_handler.go:50.2,51.24 2 14
helixtrack.ru/core/internal/handlers/workflow_handler.go:51.24,58.3 2 2
helixtrack.ru/core/internal/handlers/workflow_handler.go:60.2,84.16 4 12
helixtrack.ru/core/internal/handlers/workflow_handler.go:84.16,92.3 3 0
helixtrack.ru/core/internal/handlers/workflow_handler.go:94.2,103.38 3 12
helixtrack.ru/core/internal/handlers/workflow_handler.go:107.75,109.13 2 4
helixtrack.ru/core/internal/handlers/workflow_handler.go:109.13,116.3 2 1
helixtrack.ru/core/internal/handlers/workflow_handler.go:119.2,120.29 2 3
helixtrack.ru/core/internal/handlers/workflow_handler.go:120.29,127.3 2 1
helixtrack.ru/core/internal/handlers/workflow_handler.go:130.2,146.26 4 2
helixtrack.ru/core/internal/handlers/workflow_handler.go:146.26,153.3 2 1
helixtrack.ru/core/internal/handlers/workflow_handler.go:155.2,155.16 1 1
helixtrack.ru/core/internal/handlers/workflow_handler.go:155.16,163.3 3 0
helixtrack.ru/core/internal/handlers/workflow_handler.go:165.2,173.33 3 1
helixtrack.ru/core/internal/handlers/workflow_handler.go:177.75,179.13 2 4
helixtrack.ru/core/internal/handlers/workflow_handler.go:179.13,186.3 2 1
helixtrack.ru/core/internal/handlers/workflow_handler.go:189.2,197.16 3 3
helixtrack.ru/core/internal/handlers/workflow_handler.go:197.16,205.3 3 0
helixtrack.ru/core/internal/handlers/workflow_handler.go:206.2,209.18 3 3
helixtrack.ru/core/internal/handlers/workflow_handler.go:209.18,219.17 3 4
helixtrack.ru/core/internal/handlers/workflow_handler.go:219.17,221.12 2 0
helixtrack.ru/core/internal/handlers/workflow_handler.go:223.3,223.42 1 4
helixtrack.ru/core/internal/handlers/workflow_handler.go:226.2,235.33 3 3
helixtrack.ru/core/internal/handlers/workflow_handler.go:239.77,241.13 2 5
helixtrack.ru/core/internal/handlers/workflow_handler.go:241.13,248.3 2 0
helixtrack.ru/core/internal/handlers/workflow_handler.go:251.2,252.16 2 5
helixtrack.ru/core/internal/handlers/workflow_handler.go:252.16,260.3 3 0
helixtrack.ru/core/internal/handlers/workflow_handler.go:262.2,262.14 1 5
helixtrack.ru/core/internal/handlers/workflow_handler.go:262.14,269.3 2 0
helixtrack.ru/core/internal/handlers/workflow_handler.go:272.2,273.29 2 5
helixtrack.ru/core/internal/handlers/workflow_handler.go:273.29,280.3 2 1
helixtrack.ru/core/internal/handlers/workflow_handler.go:283.2,286.30 4 4
helixtrack.ru/core/internal/handlers/workflow_handler.go:286.30,293.3 2 1
helixtrack.ru/core/internal/handlers/workflow_handler.go:296.2,298.64 2 3
helixtrack.ru/core/internal/handlers/workflow_handler.go:298.64,300.3 1 2
helixtrack.ru/core/internal/handlers/workflow_handler.go:301.2,301.61 1 3
helixtrack.ru/core/internal/handlers/workflow_handler.go:301.61,303.3 1 1
helixtrack.ru/core/internal/handlers/workflow_handler.go:305.2,307.23 2 3
helixtrack.ru/core/internal/handlers/workflow_handler.go:307.23,314.3 2 1
helixtrack.ru/core/internal/handlers/workflow_handler.go:317.2,321.34 4 2
helixtrack.ru/core/internal/handlers/workflow_handler.go:321.34,322.13 1 5
helixtrack.ru/core/internal/handlers/workflow_handler.go:322.13,324.4 1 3
helixtrack.ru/core/internal/handlers/workflow_handler.go:325.3,327.16 3 5
helixtrack.ru/core/internal/handlers/workflow_handler.go:330.2,334.16 4 2
helixtrack.ru/core/internal/handlers/workflow_handler.go:334.16,342.3 3 0
helixtrack.ru/core/internal/handlers/workflow_handler.go:344.2,353.33 3 2
helixtrack.ru/core/internal/handlers/workflow_handler.go:357.77,359.13 2 4
helixtrack.ru/core/internal/handlers/workflow_handler.go:359.13,366.3 2 1
helixtrack.ru/core/internal/handlers/workflow_handler.go:369.2,370.16 2 3
helixtrack.ru/core/internal/handlers/workflow_handler.go:370.16,378.3 3 0
helixtrack.ru/core/internal/handlers/workflow_handler.go:380.2,380.14 1 3
helixtrack.ru/core/internal/handlers/workflow_handler.go:380.14,387.3 2 0
helixtrack.ru/core/internal/handlers/workflow_handler.go:390.2,391.29 2 3
helixtrack.ru/core/internal/handlers/workflow_handler.go:391.29,398.3 2 1
helixtrack.ru/core/internal/handlers/workflow_handler.go:401.2,403.16 3 2
helixtrack.ru/core/internal/handlers/workflow_handler.go:403.16,411.3 3 0
helixtrack.ru/core/internal/handlers/workflow_handler.go:413.2,414.23 2 2
helixtrack.ru/core/internal/handlers/workflow_handler.go:414.23,421.3 2 1
helixtrack.ru/core/internal/handlers/workflow_handler.go:423.2,432.33 3 1
helixtrack.ru/core/internal/handlers/workflow_step_handler.go:17.81,19.13 2 9
helixtrack.ru/core/internal/handlers/workflow_step_handler.go:19.13,26.3 2 0
helixtrack.ru/core/internal/handlers/workflow_step_handler.go:29.2,30.16 2 9
helixtrack.ru/core/internal/handlers/workflow_step_handler.go:30.16,38.3 3 0
helixtrack.ru/core/internal/handlers/workflow_step_handler.go:40.2,40.14 1 9
helixtrack.ru/core/internal/handlers/workflow_step_handler.go:40.14,47.3 2 0
helixtrack.ru/core/internal/handlers/workflow_step_handler.go:50.2,51.29 2 9
helixtrack.ru/core/internal/handlers/workflow_step_handler.go:51.29,58.3 2 1
helixtrack.ru/core/internal/handlers/workflow_step_handler.go:60.2,61.27 2 8
helixtrack.ru/core/internal/handlers/workflow_step_handler.go:61.27,68.3 2 1
helixtrack.ru/core/internal/handlers/workflow_step_handler.go:70.2,71.9 2 7
helixtrack.ru/core/internal/handlers/workflow_step_handler.go:71.9,78.3 2 1
helixtrack.ru/core/internal/handlers/workflow_step_handler.go:80.2,106.16 4 6
helixtrack.ru/core/internal/handlers/workflow_step_handler.go:106.16,114.3 3 0
helixtrack.ru/core/internal/handlers/workflow_step_handler.go:116.2,125.38 3 6
helixtrack.ru/core/internal/handlers/workflow_step_handler.go:129.79,131.13 2 4
helixtrack.ru/core/internal/handlers/workflow_step_handler.go:131.13,138.3 2 0
helixtrack.ru/core/internal/handlers/workflow_step_handler.go:141.2,142.33 2 4
helixtrack.ru/core/internal/handlers/workflow_step_handler.go:142.33,149.3 2 0
helixtrack.ru/core/internal/handlers/workflow_step_handler.go:152.2,169.26 4 4
helixtrack.ru/core/internal/handlers/workflow_step_handler.go:169.26,176.3 2 2
helixtrack.ru/core/internal/handlers/workflow_step_handler.go:178.2,178.16 1 2
helixtrack.ru/core/internal/handlers/workflow_step_handler.go:178.16,186.3 3 0
helixtrack.ru/core/internal/handlers/workflow_step_handler.go:188.2,196.33 3 2
helixtrack.ru/core/internal/handlers/workflow_step_handler.go:200.79,202.13 2 4
helixtrack.ru/core/internal/handlers/workflow_step_handler.go:202.13,209.3 2 0
helixtrack.ru/core/internal/handlers/workflow_step_handler.go:212.2,218.22 4 4
helixtrack.ru/core/internal/handlers/workflow_step_handler.go:218.22,226.3 2 2
helixtrack.ru/core/internal/handlers/workflow_step_handler.go:226.8,233.3 1 2
helixtrack.ru/core/internal/handlers/workflow_step_handler.go:235.2,236.16 2 4
helixtrack.ru/core/internal/handlers/workflow_step_handler.go:236.16,244.3 3 0
helixtrack.ru/core/internal/handlers/workflow_step_handler.go:245.2,248.18 3 4
helixtrack.ru/core/internal/handlers/workflow_step_handler.go:248.18,259.17 3 7
helixtrack.ru/core/internal/handlers/workflow_step_handler.go:259.17,261.12 2 0
helixtrack.ru/core/internal/handlers/workflow_step_handler.go:263.3,263.54 1 7
helixtrack.ru/core/internal/handlers/workflow_step_handler.go:266.2,275.33 3 4
helixtrack.ru/core/internal/handlers/workflow_step_handler.go:279.81,281.13 2 5
helixtrack.ru/core/internal/handlers/workflow_step_handler.go:281.13,288.3 2 0
helixtrack.ru/core/internal/handlers/workflow_step_handler.go:291.2,292.16 2 5
helixtrack.ru/core/internal/handlers/workflow_step_handler.go:292.16,300.3 3 0
helixtrack.ru/core/internal/handlers/workflow_step_handler.go:302.2,302.14 1 5
helixtrack.ru/core/internal/handlers/workflow_step_handler.go:302.14,309.3 2 0
helixtrack.ru/core/internal/handlers/workflow_step_handler.go:312.2,313.33 2 5
helixtrack.ru/core/internal/handlers/workflow_step_handler.go:313.33,320.3 2 0
helixtrack.ru/core/internal/handlers/workflow_step_handler.go:323.2,326.30 4 5
helixtrack.ru/core/internal/handlers/workflow_step_handler.go:326.30,333.3 2 1
helixtrack.ru/core/internal/handlers/workflow_step_handler.go:336.2,338.73 2 4
helixtrack.ru/core/internal/handlers/workflow_step_handler.go:338.73,340.3 1 1
helixtrack.ru/core/internal/handlers/workflow_step_handler.go:341.2,341.56 1 4
helixtrack.ru/core/internal/handlers/workflow_step_handler.go:341.56,343.3 1 3
helixtrack.ru/core/internal/handlers/workflow_step_handler.go:345.2,347.23 2 4
helixtrack.ru/core/internal/handlers/workflow_step_handler.go:347.23,354.3 2 1
helixtrack.ru/core/internal/handlers/workflow_step_handler.go:357.2,361.34 4 3
helixtrack.ru/core/internal/handlers/workflow_step_handler.go:361.34,362.13 1 7
helixtrack.ru/core/internal/handlers/workflow_step_handler.go:362.13,364.4 1 4
helixtrack.ru/core/internal/handlers/workflow_step_handler.go:365.3,367.16 3 7
helixtrack.ru/core/internal/handlers/workflow_step_handler.go:370.2,374.16 4 3
helixtrack.ru/core/internal/handlers/workflow_step_handler.go:374.16,382.3 3 0
helixtrack.ru/core/internal/handlers/workflow_step_handler.go:384.2,393.33 3 3
helixtrack.ru/core/internal/handlers/workflow_step_handler.go:397.81,399.13 2 3
helixtrack.ru/core/internal/handlers/workflow_step_handler.go:399.13,406.3 2 0
helixtrack.ru/core/internal/handlers/workflow_step_handler.go:409.2,410.16 2 3
helixtrack.ru/core/internal/handlers/workflow_step_handler.go:410.16,418.3 3 0
helixtrack.ru/core/internal/handlers/workflow_step_handler.go:420.2,420.14 1 3
helixtrack.ru/core/internal/handlers/workflow_step_handler.go:420.14,427.3 2 0
helixtrack.ru/core/internal/handlers/workflow_step_handler.go:430.2,431.33 2 3
helixtrack.ru/core/internal/handlers/workflow_step_handler.go:431.33,438.3 2 0
helixtrack.ru/core/internal/handlers/workflow_step_handler.go:441.2,443.16 3 3
helixtrack.ru/core/internal/handlers/workflow_step_handler.go:443.16,451.3 3 0
helixtrack.ru/core/internal/handlers/workflow_step_handler.go:453.2,454.23 2 3
helixtrack.ru/core/internal/handlers/workflow_step_handler.go:454.23,461.3 2 1
helixtrack.ru/core/internal/handlers/workflow_step_handler.go:463.2,472.33 3 2
helixtrack.ru/core/internal/handlers/worklog_handler.go:18.73,20.13 2 8
helixtrack.ru/core/internal/handlers/worklog_handler.go:20.13,27.3 2 1
helixtrack.ru/core/internal/handlers/worklog_handler.go:30.2,31.16 2 7
helixtrack.ru/core/internal/handlers/worklog_handler.go:31.16,39.3 3 0
helixtrack.ru/core/internal/handlers/worklog_handler.go:41.2,41.14 1 7
helixtrack.ru/core/internal/handlers/worklog_handler.go:41.14,48.3 2 0
helixtrack.ru/core/internal/handlers/worklog_handler.go:51.2,52.27 2 7
helixtrack.ru/core/internal/handlers/worklog_handler.go:52.27,59.3 2 1
helixtrack.ru/core/internal/handlers/worklog_handler.go:61.2,62.27 2 6
helixtrack.ru/core/internal/handlers/worklog_handler.go:62.27,69.3 2 3
helixtrack.ru/core/internal/handlers/worklog_handler.go:71.2,72.9 2 3
helixtrack.ru/core/internal/handlers/worklog_handler.go:72.9,74.3 1 2
helixtrack.ru/core/internal/handlers/worklog_handler.go:76.2,82.30 5 3
helixtrack.ru/core/internal/handlers/worklog_handler.go:82.30,89.3 2 1
helixtrack.ru/core/internal/handlers/worklog_handler.go:91.2,121.16 4 2
helixtrack.ru/core/internal/handlers/worklog_handler.go:121.16,129.3 3 0
helixtrack.ru/core/internal/handlers/worklog_handler.go:131.2,158.38 4 2
helixtrack.ru/core/internal/handlers/worklog_handler.go:162.76,164.13 2 8
helixtrack.ru/core/internal/handlers/worklog_handler.go:164.13,171.3 2 1
helixtrack.ru/core/internal/handlers/worklog_handler.go:174.2,175.16 2 7
helixtrack.ru/core/internal/handlers/worklog_handler.go:175.16,183.3 3 0
helixtrack.ru/core/internal/handlers/worklog_handler.go:185.2,185.14 1 7
helixtrack.ru/core/internal/handlers/worklog_handler.go:185.14,192.3 2 0
helixtrack.ru/core/internal/handlers/worklog_handler.go:195.2,196.28 2 7
helixtrack.ru/core/internal/handlers/worklog_handler.go:196.28,203.3 2 1
helixtrack.ru/core/internal/handlers/worklog_handler.go:206.2,209.30 4 6
helixtrack.ru/core/internal/handlers/worklog_handler.go:209.30,216.3 2 1
helixtrack.ru/core/internal/handlers/worklog_handler.go:219.2,221.75 2 5
helixtrack.ru/core/internal/handlers/worklog_handler.go:221.75,223.3 1 2
helixtrack.ru/core/internal/handlers/worklog_handler.go:224.2,224.56 1 5
helixtrack.ru/core/internal/handlers/worklog_handler.go:224.56,226.3 1 1
helixtrack.ru/core/internal/handlers/worklog_handler.go:227.2,227.61 1 5
helixtrack.ru/core/internal/handlers/worklog_handler.go:227.61,229.3 1 2
helixtrack.ru/core/internal/handlers/worklog_handler.go:231.2,233.23 2 5
helixtrack.ru/core/internal/handlers/worklog_handler.go:233.23,240.3 2 1
helixtrack.ru/core/internal/handlers/worklog_handler.go:243.2,247.34 4 4
helixtrack.ru/core/internal/handlers/worklog_handler.go:247.34,248.13 1 9
helixtrack.ru/core/internal/handlers/worklog_handler.go:248.13,250.4 1 5
helixtrack.ru/core/internal/handlers/worklog_handler.go:251.3,253.16 3 9
helixtrack.ru/core/internal/handlers/worklog_handler.go:256.2,260.16 4 4
helixtrack.ru/core/internal/handlers/worklog_handler.go:260.16,268.3 3 0
helixtrack.ru/core/internal/handlers/worklog_handler.go:270.2,289.33 4 4
helixtrack.ru/core/internal/handlers/worklog_handler.go:293.76,295.13 2 5
helixtrack.ru/core/internal/handlers/worklog_handler.go:295.13,302.3 2 1
helixtrack.ru/core/internal/handlers/worklog_handler.go:305.2,306.16 2 4
helixtrack.ru/core/internal/handlers/worklog_handler.go:306.16,314.3 3 0
helixtrack.ru/core/internal/handlers/worklog_handler.go:316.2,316.14 1 4
helixtrack.ru/core/internal/handlers/worklog_handler.go:316.14,323.3 2 0
helixtrack.ru/core/internal/handlers/worklog_handler.go:326.2,327.28 2 4
helixtrack.ru/core/internal/handlers/worklog_handler.go:327.28,334.3 2 1
helixtrack.ru/core/internal/handlers/worklog_handler.go:337.2,345.26 4 3
helixtrack.ru/core/internal/handlers/worklog_handler.go:345.26,352.3 2 2
helixtrack.ru/core/internal/handlers/worklog_handler.go:353.2,353.16 1 1
helixtrack.ru/core/internal/handlers/worklog_handler.go:353.16,361.3 3 0
helixtrack.ru/core/internal/handlers/worklog_handler.go:364.2,366.16 3 1
helixtrack.ru/core/internal/handlers/worklog_handler.go:366.16,374.3 3 0
helixtrack.ru/core/internal/handlers/worklog_handler.go:376.2,377.23 2 1
helixtrack.ru/core/internal/handlers/worklog_handler.go:377.23,384.3 2 0
helixtrack.ru/core/internal/handlers/worklog_handler.go:386.2,410.33 4 1
helixtrack.ru/core/internal/handlers/worklog_handler.go:414.74,416.13 2 4
helixtrack.ru/core/internal/handlers/worklog_handler.go:416.13,423.3 2 1
helixtrack.ru/core/internal/handlers/worklog_handler.go:426.2,434.16 3 3
helixtrack.ru/core/internal/handlers/worklog_handler.go:434.16,442.3 3 0
helixtrack.ru/core/internal/handlers/worklog_handler.go:443.2,446.18 3 3
helixtrack.ru/core/internal/handlers/worklog_handler.go:446.18,458.17 3 4
helixtrack.ru/core/internal/handlers/worklog_handler.go:458.17,460.12 2 0
helixtrack.ru/core/internal/handlers/worklog_handler.go:462.3,462.39 1 4
helixtrack.ru/core/internal/handlers/worklog_handler.go:465.2,474.33 3 3
helixtrack.ru/core/internal/handlers/worklog_handler.go:478.82,480.13 2 4
helixtrack.ru/core/internal/handlers/worklog_handler.go:480.13,487.3 2 1
helixtrack.ru/core/internal/handlers/worklog_handler.go:490.2,491.27 2 3
helixtrack.ru/core/internal/handlers/worklog_handler.go:491.27,498.3 2 1
helixtrack.ru/core/internal/handlers/worklog_handler.go:501.2,509.16 3 2
helixtrack.ru/core/internal/handlers/worklog_handler.go:509.16,517.3 3 0
helixtrack.ru/core/internal/handlers/worklog_handler.go:518.2,522.18 4 2
helixtrack.ru/core/internal/handlers/worklog_handler.go:522.18,534.17 3 3
helixtrack.ru/core/internal/handlers/worklog_handler.go:534.17,536.12 2 0
helixtrack.ru/core/internal/handlers/worklog_handler.go:538.3,539.33 2 3
helixtrack.ru/core/internal/handlers/worklog_handler.go:542.2,556.33 3 2
helixtrack.ru/core/internal/handlers/worklog_handler.go:560.80,562.13 2 4
helixtrack.ru/core/internal/handlers/worklog_handler.go:562.13,569.3 2 1
helixtrack.ru/core/internal/handlers/worklog_handler.go:572.2,573.25 2 3
helixtrack.ru/core/internal/handlers/worklog_handler.go:573.25,575.3 1 1
helixtrack.ru/core/internal/handlers/worklog_handler.go:578.2,586.16 3 3
helixtrack.ru/core/internal/handlers/worklog_handler.go:586.16,594.3 3 0
helixtrack.ru/core/internal/handlers/worklog_handler.go:595.2,599.18 4 3
helixtrack.ru/core/internal/handlers/worklog_handler.go:599.18,611.17 3 5
helixtrack.ru/core/internal/handlers/worklog_handler.go:611.17,613.12 2 0
helixtrack.ru/core/internal/handlers/worklog_handler.go:615.3,616.33 2 5
helixtrack.ru/core/internal/handlers/worklog_handler.go:619.2,633.33 3 3
helixtrack.ru/core/internal/handlers/worklog_handler.go:637.82,639.13 2 5
helixtrack.ru/core/internal/handlers/worklog_handler.go:639.13,646.3 2 1
helixtrack.ru/core/internal/handlers/worklog_handler.go:649.2,650.27 2 4
helixtrack.ru/core/internal/handlers/worklog_handler.go:650.27,657.3 2 1
helixtrack.ru/core/internal/handlers/worklog_handler.go:660.2,668.16 4 3
helixtrack.ru/core/internal/handlers/worklog_handler.go:668.16,676.3 3 0
helixtrack.ru/core/internal/handlers/worklog_handler.go:678.2,690.33 3 3
