mode: atomic
helixtrack.ru/core/main.go:22.13,29.18 4 0
helixtrack.ru/core/main.go:29.18,32.3 2 0
helixtrack.ru/core/main.go:35.2,36.16 2 0
helixtrack.ru/core/main.go:36.16,39.3 2 0
helixtrack.ru/core/main.go:42.2,45.51 2 0
helixtrack.ru/core/main.go:45.51,48.3 2 0
helixtrack.ru/core/main.go:49.2,56.16 5 0
helixtrack.ru/core/main.go:56.16,58.3 1 0
helixtrack.ru/core/main.go:61.2,61.12 1 0
helixtrack.ru/core/main.go:61.12,62.37 1 0
helixtrack.ru/core/main.go:62.37,64.4 1 0
helixtrack.ru/core/main.go:68.2,78.42 7 0
helixtrack.ru/core/main.go:78.42,81.3 2 0
helixtrack.ru/core/main.go:83.2,83.43 1 0
helixtrack.ru/core/internal/config/config.go:89.47,91.16 2 7
helixtrack.ru/core/internal/config/config.go:91.16,93.3 1 1
helixtrack.ru/core/internal/config/config.go:95.2,96.54 2 6
helixtrack.ru/core/internal/config/config.go:96.54,98.3 1 1
helixtrack.ru/core/internal/config/config.go:101.2,104.42 2 5
helixtrack.ru/core/internal/config/config.go:104.42,106.3 1 2
helixtrack.ru/core/internal/config/config.go:108.2,108.21 1 3
helixtrack.ru/core/internal/config/config.go:112.34,113.25 1 6
helixtrack.ru/core/internal/config/config.go:113.25,115.3 1 1
helixtrack.ru/core/internal/config/config.go:116.2,116.29 1 6
helixtrack.ru/core/internal/config/config.go:116.29,118.3 1 5
helixtrack.ru/core/internal/config/config.go:119.2,119.23 1 6
helixtrack.ru/core/internal/config/config.go:119.23,121.3 1 6
helixtrack.ru/core/internal/config/config.go:123.2,123.27 1 6
helixtrack.ru/core/internal/config/config.go:123.27,125.3 1 1
helixtrack.ru/core/internal/config/config.go:126.2,126.64 1 6
helixtrack.ru/core/internal/config/config.go:126.64,128.3 1 1
helixtrack.ru/core/internal/config/config.go:129.2,129.71 1 6
helixtrack.ru/core/internal/config/config.go:129.71,131.3 1 0
helixtrack.ru/core/internal/config/config.go:134.2,134.44 1 6
helixtrack.ru/core/internal/config/config.go:134.44,136.3 1 6
helixtrack.ru/core/internal/config/config.go:137.2,137.41 1 6
helixtrack.ru/core/internal/config/config.go:137.41,139.3 1 6
helixtrack.ru/core/internal/config/config.go:140.2,140.76 1 6
helixtrack.ru/core/internal/config/config.go:140.76,142.3 1 0
helixtrack.ru/core/internal/config/config.go:143.2,143.47 1 6
helixtrack.ru/core/internal/config/config.go:143.47,144.23 1 0
helixtrack.ru/core/internal/config/config.go:144.23,147.4 2 0
helixtrack.ru/core/internal/config/config.go:151.2,151.28 1 6
helixtrack.ru/core/internal/config/config.go:151.28,153.3 1 6
helixtrack.ru/core/internal/config/config.go:154.2,154.37 1 6
helixtrack.ru/core/internal/config/config.go:154.37,156.3 1 6
helixtrack.ru/core/internal/config/config.go:157.2,157.38 1 6
helixtrack.ru/core/internal/config/config.go:157.38,159.3 1 6
helixtrack.ru/core/internal/config/config.go:160.2,160.37 1 6
helixtrack.ru/core/internal/config/config.go:160.37,162.3 1 6
helixtrack.ru/core/internal/config/config.go:163.2,163.39 1 6
helixtrack.ru/core/internal/config/config.go:163.39,165.3 1 6
helixtrack.ru/core/internal/config/config.go:166.2,166.38 1 6
helixtrack.ru/core/internal/config/config.go:166.38,168.3 1 6
helixtrack.ru/core/internal/config/config.go:169.2,169.40 1 6
helixtrack.ru/core/internal/config/config.go:169.40,171.3 1 6
helixtrack.ru/core/internal/config/config.go:172.2,172.33 1 6
helixtrack.ru/core/internal/config/config.go:172.33,174.3 1 6
helixtrack.ru/core/internal/config/config.go:175.2,175.39 1 6
helixtrack.ru/core/internal/config/config.go:175.39,177.3 1 6
helixtrack.ru/core/internal/config/config.go:178.2,178.40 1 6
helixtrack.ru/core/internal/config/config.go:178.40,180.3 1 6
helixtrack.ru/core/internal/config/config.go:186.35,187.27 1 11
helixtrack.ru/core/internal/config/config.go:187.27,189.3 1 2
helixtrack.ru/core/internal/config/config.go:191.2,191.39 1 9
helixtrack.ru/core/internal/config/config.go:191.39,192.29 1 9
helixtrack.ru/core/internal/config/config.go:192.29,194.4 1 0
helixtrack.ru/core/internal/config/config.go:195.3,195.50 1 9
helixtrack.ru/core/internal/config/config.go:195.50,197.4 1 1
helixtrack.ru/core/internal/config/config.go:198.3,198.21 1 8
helixtrack.ru/core/internal/config/config.go:198.21,199.31 1 2
helixtrack.ru/core/internal/config/config.go:199.31,201.5 1 1
helixtrack.ru/core/internal/config/config.go:202.4,202.30 1 1
helixtrack.ru/core/internal/config/config.go:202.30,204.5 1 0
helixtrack.ru/core/internal/config/config.go:208.2,208.66 1 7
helixtrack.ru/core/internal/config/config.go:208.66,210.3 1 2
helixtrack.ru/core/internal/config/config.go:212.2,212.64 1 5
helixtrack.ru/core/internal/config/config.go:212.64,214.3 1 0
helixtrack.ru/core/internal/config/config.go:216.2,216.35 1 5
helixtrack.ru/core/internal/config/config.go:216.35,217.36 1 2
helixtrack.ru/core/internal/config/config.go:217.36,219.4 1 1
helixtrack.ru/core/internal/config/config.go:220.3,220.70 1 1
helixtrack.ru/core/internal/config/config.go:220.70,222.4 1 0
helixtrack.ru/core/internal/config/config.go:223.3,223.36 1 1
helixtrack.ru/core/internal/config/config.go:223.36,225.4 1 0
helixtrack.ru/core/internal/config/config.go:226.3,226.40 1 1
helixtrack.ru/core/internal/config/config.go:226.40,228.4 1 0
helixtrack.ru/core/internal/config/config.go:232.2,232.78 1 4
helixtrack.ru/core/internal/config/config.go:232.78,234.3 1 0
helixtrack.ru/core/internal/config/config.go:235.2,235.72 1 4
helixtrack.ru/core/internal/config/config.go:235.72,237.3 1 0
helixtrack.ru/core/internal/config/config.go:239.2,239.12 1 4
helixtrack.ru/core/internal/config/config.go:243.55,244.26 1 4
helixtrack.ru/core/internal/config/config.go:244.26,246.3 1 2
helixtrack.ru/core/internal/config/config.go:247.2,247.12 1 2
helixtrack.ru/core/internal/config/config.go:251.46,253.21 2 2
helixtrack.ru/core/internal/config/config.go:253.21,255.3 1 1
helixtrack.ru/core/internal/config/config.go:256.2,256.62 1 1
helixtrack.ru/core/internal/config/config.go:260.55,262.2 1 0
helixtrack.ru/core/internal/config/config.go:265.44,267.2 1 0
helixtrack.ru/core/internal/cache/cache.go:52.39,54.2 1 109
helixtrack.ru/core/internal/cache/cache.go:92.39,99.2 1 13
helixtrack.ru/core/internal/cache/cache.go:102.46,117.2 4 13
helixtrack.ru/core/internal/cache/cache.go:120.82,128.13 6 119
helixtrack.ru/core/internal/cache/cache.go:128.13,131.3 2 10
helixtrack.ru/core/internal/cache/cache.go:133.2,133.23 1 109
helixtrack.ru/core/internal/cache/cache.go:133.23,138.3 3 1
helixtrack.ru/core/internal/cache/cache.go:140.2,141.26 2 108
helixtrack.ru/core/internal/cache/cache.go:145.113,149.21 3 118
helixtrack.ru/core/internal/cache/cache.go:149.21,151.3 1 0
helixtrack.ru/core/internal/cache/cache.go:154.2,160.50 4 118
helixtrack.ru/core/internal/cache/cache.go:160.50,162.3 1 1
helixtrack.ru/core/internal/cache/cache.go:165.2,165.21 1 118
helixtrack.ru/core/internal/cache/cache.go:165.21,166.71 1 118
helixtrack.ru/core/internal/cache/cache.go:166.71,168.4 1 0
helixtrack.ru/core/internal/cache/cache.go:172.2,172.48 1 118
helixtrack.ru/core/internal/cache/cache.go:172.48,174.3 1 0
helixtrack.ru/core/internal/cache/cache.go:177.2,185.12 4 118
helixtrack.ru/core/internal/cache/cache.go:189.71,193.45 3 2
helixtrack.ru/core/internal/cache/cache.go:193.45,197.3 3 2
helixtrack.ru/core/internal/cache/cache.go:199.2,199.12 1 2
helixtrack.ru/core/internal/cache/cache.go:203.58,211.2 5 1
helixtrack.ru/core/internal/cache/cache.go:214.48,233.23 16 4
helixtrack.ru/core/internal/cache/cache.go:233.23,235.3 1 2
helixtrack.ru/core/internal/cache/cache.go:237.2,237.14 1 4
helixtrack.ru/core/internal/cache/cache.go:237.14,239.3 1 2
helixtrack.ru/core/internal/cache/cache.go:241.2,241.14 1 4
helixtrack.ru/core/internal/cache/cache.go:241.14,243.3 1 4
helixtrack.ru/core/internal/cache/cache.go:245.2,255.3 1 4
helixtrack.ru/core/internal/cache/cache.go:259.39,263.2 3 13
helixtrack.ru/core/internal/cache/cache.go:266.39,272.6 4 13
helixtrack.ru/core/internal/cache/cache.go:272.6,273.10 1 15
helixtrack.ru/core/internal/cache/cache.go:274.19,275.15 1 2
helixtrack.ru/core/internal/cache/cache.go:276.24,277.10 1 13
helixtrack.ru/core/internal/cache/cache.go:283.35,288.36 4 2
helixtrack.ru/core/internal/cache/cache.go:288.36,289.34 1 2
helixtrack.ru/core/internal/cache/cache.go:289.34,293.4 3 2
helixtrack.ru/core/internal/cache/cache.go:298.39,302.36 3 1
helixtrack.ru/core/internal/cache/cache.go:302.36,303.65 1 3
helixtrack.ru/core/internal/cache/cache.go:303.65,306.4 2 1
helixtrack.ru/core/internal/cache/cache.go:309.2,309.21 1 1
helixtrack.ru/core/internal/cache/cache.go:309.21,313.3 3 1
helixtrack.ru/core/internal/cache/cache.go:317.61,319.50 1 118
helixtrack.ru/core/internal/cache/cache.go:319.50,321.3 1 118
helixtrack.ru/core/internal/cache/cache.go:324.2,324.12 1 0
helixtrack.ru/core/internal/cache/cache.go:328.41,332.2 3 108
helixtrack.ru/core/internal/cache/cache.go:334.43,338.2 3 11
helixtrack.ru/core/internal/cache/cache.go:340.41,344.2 3 118
helixtrack.ru/core/internal/cache/cache.go:346.44,350.2 3 2
helixtrack.ru/core/internal/cache/cache.go:352.46,356.2 3 3
helixtrack.ru/core/internal/cache/cache.go:358.62,362.2 3 119
helixtrack.ru/core/internal/cache/cache.go:364.62,368.2 3 118
helixtrack.ru/core/internal/cache/cache.go:371.49,373.39 2 3
helixtrack.ru/core/internal/cache/cache.go:373.39,374.12 1 4
helixtrack.ru/core/internal/cache/cache.go:374.12,376.4 1 2
helixtrack.ru/core/internal/cache/cache.go:377.3,377.19 1 4
helixtrack.ru/core/internal/cache/cache.go:379.2,379.12 1 3
helixtrack.ru/core/internal/cache/cache.go:389.14,393.49 2 3
helixtrack.ru/core/internal/cache/cache.go:393.49,394.35 1 1
helixtrack.ru/core/internal/cache/cache.go:394.35,396.4 1 1
helixtrack.ru/core/internal/cache/cache.go:400.2,401.16 2 2
helixtrack.ru/core/internal/cache/cache.go:401.16,403.3 1 1
helixtrack.ru/core/internal/cache/cache.go:406.2,408.20 2 1
helixtrack.ru/core/internal/cache/cache.go:412.80,416.2 1 0
helixtrack.ru/core/internal/middleware/jwt.go:21.90,26.2 1 8
helixtrack.ru/core/internal/middleware/jwt.go:29.52,30.30 1 7
helixtrack.ru/core/internal/middleware/jwt.go:30.30,33.23 2 7
helixtrack.ru/core/internal/middleware/jwt.go:33.23,40.4 2 1
helixtrack.ru/core/internal/middleware/jwt.go:43.3,44.46 2 6
helixtrack.ru/core/internal/middleware/jwt.go:44.46,51.4 2 1
helixtrack.ru/core/internal/middleware/jwt.go:53.3,57.17 3 5
helixtrack.ru/core/internal/middleware/jwt.go:57.17,64.4 2 3
helixtrack.ru/core/internal/middleware/jwt.go:67.3,70.11 3 2
helixtrack.ru/core/internal/middleware/jwt.go:75.107,77.2 1 0
helixtrack.ru/core/internal/middleware/jwt.go:80.107,82.55 1 5
helixtrack.ru/core/internal/middleware/jwt.go:82.55,84.3 1 2
helixtrack.ru/core/internal/middleware/jwt.go:87.2,87.44 1 3
helixtrack.ru/core/internal/middleware/jwt.go:91.93,94.21 2 3
helixtrack.ru/core/internal/middleware/jwt.go:94.21,96.3 1 0
helixtrack.ru/core/internal/middleware/jwt.go:98.2,98.114 1 3
helixtrack.ru/core/internal/middleware/jwt.go:98.114,100.58 1 3
helixtrack.ru/core/internal/middleware/jwt.go:100.58,102.4 1 0
helixtrack.ru/core/internal/middleware/jwt.go:103.3,103.32 1 3
helixtrack.ru/core/internal/middleware/jwt.go:106.2,106.16 1 3
helixtrack.ru/core/internal/middleware/jwt.go:106.16,108.3 1 2
helixtrack.ru/core/internal/middleware/jwt.go:110.2,110.71 1 1
helixtrack.ru/core/internal/middleware/jwt.go:110.71,112.3 1 1
helixtrack.ru/core/internal/middleware/jwt.go:114.2,114.39 1 0
helixtrack.ru/core/internal/middleware/jwt.go:118.58,120.13 2 5
helixtrack.ru/core/internal/middleware/jwt.go:120.13,122.3 1 1
helixtrack.ru/core/internal/middleware/jwt.go:124.2,125.22 2 4
helixtrack.ru/core/internal/middleware/jwt.go:129.49,131.13 2 32
helixtrack.ru/core/internal/middleware/jwt.go:131.13,133.3 1 4
helixtrack.ru/core/internal/middleware/jwt.go:135.2,136.24 2 28
helixtrack.ru/core/internal/middleware/performance.go:17.55,18.69 1 4
helixtrack.ru/core/internal/middleware/performance.go:18.69,20.3 1 0
helixtrack.ru/core/internal/middleware/performance.go:23.2,24.27 1 4
helixtrack.ru/core/internal/middleware/performance.go:24.27,27.4 2 2
helixtrack.ru/core/internal/middleware/performance.go:30.2,30.30 1 4
helixtrack.ru/core/internal/middleware/performance.go:30.30,32.64 1 4
helixtrack.ru/core/internal/middleware/performance.go:32.64,35.4 2 2
helixtrack.ru/core/internal/middleware/performance.go:38.3,38.44 1 2
helixtrack.ru/core/internal/middleware/performance.go:38.44,41.4 2 0
helixtrack.ru/core/internal/middleware/performance.go:44.3,59.11 8 2
helixtrack.ru/core/internal/middleware/performance.go:69.62,71.2 1 3
helixtrack.ru/core/internal/middleware/performance.go:73.65,75.2 1 1
helixtrack.ru/core/internal/middleware/performance.go:85.51,91.2 1 4
helixtrack.ru/core/internal/middleware/performance.go:112.57,124.2 4 3
helixtrack.ru/core/internal/middleware/performance.go:127.47,132.13 4 18
helixtrack.ru/core/internal/middleware/performance.go:132.13,136.14 3 3
helixtrack.ru/core/internal/middleware/performance.go:136.14,144.4 2 3
helixtrack.ru/core/internal/middleware/performance.go:145.3,145.17 1 3
helixtrack.ru/core/internal/middleware/performance.go:148.2,148.22 1 18
helixtrack.ru/core/internal/middleware/performance.go:152.36,161.30 6 25
helixtrack.ru/core/internal/middleware/performance.go:161.30,163.3 1 4
helixtrack.ru/core/internal/middleware/performance.go:164.2,167.22 2 25
helixtrack.ru/core/internal/middleware/performance.go:167.22,170.3 2 23
helixtrack.ru/core/internal/middleware/performance.go:172.2,172.14 1 2
helixtrack.ru/core/internal/middleware/performance.go:176.38,182.6 4 3
helixtrack.ru/core/internal/middleware/performance.go:182.6,183.10 1 5
helixtrack.ru/core/internal/middleware/performance.go:184.19,185.16 1 2
helixtrack.ru/core/internal/middleware/performance.go:186.25,187.10 1 1
helixtrack.ru/core/internal/middleware/performance.go:193.34,198.38 4 2
helixtrack.ru/core/internal/middleware/performance.go:198.38,203.15 4 2
helixtrack.ru/core/internal/middleware/performance.go:203.15,205.4 1 0
helixtrack.ru/core/internal/middleware/performance.go:210.32,213.2 2 1
helixtrack.ru/core/internal/middleware/performance.go:216.65,219.30 2 2
helixtrack.ru/core/internal/middleware/performance.go:219.30,223.26 2 17
helixtrack.ru/core/internal/middleware/performance.go:223.26,230.4 3 1
helixtrack.ru/core/internal/middleware/performance.go:232.3,232.11 1 16
helixtrack.ru/core/internal/middleware/performance.go:246.57,254.2 1 3
helixtrack.ru/core/internal/middleware/performance.go:278.66,283.2 1 2
helixtrack.ru/core/internal/middleware/performance.go:286.40,290.18 3 5
helixtrack.ru/core/internal/middleware/performance.go:291.19,292.14 1 3
helixtrack.ru/core/internal/middleware/performance.go:294.17,296.57 1 2
helixtrack.ru/core/internal/middleware/performance.go:296.57,300.4 3 1
helixtrack.ru/core/internal/middleware/performance.go:301.3,301.15 1 1
helixtrack.ru/core/internal/middleware/performance.go:303.21,305.47 1 0
helixtrack.ru/core/internal/middleware/performance.go:305.47,308.4 2 0
helixtrack.ru/core/internal/middleware/performance.go:309.3,309.15 1 0
helixtrack.ru/core/internal/middleware/performance.go:311.10,312.15 1 0
helixtrack.ru/core/internal/middleware/performance.go:317.43,324.31 5 2
helixtrack.ru/core/internal/middleware/performance.go:324.31,326.44 1 2
helixtrack.ru/core/internal/middleware/performance.go:326.44,331.4 4 1
helixtrack.ru/core/internal/middleware/performance.go:336.43,345.29 6 5
helixtrack.ru/core/internal/middleware/performance.go:345.29,347.43 1 5
helixtrack.ru/core/internal/middleware/performance.go:347.43,350.4 2 2
helixtrack.ru/core/internal/middleware/performance.go:353.3,353.48 1 3
helixtrack.ru/core/internal/middleware/performance.go:353.48,355.39 2 0
helixtrack.ru/core/internal/middleware/performance.go:355.39,358.5 2 0
helixtrack.ru/core/internal/middleware/performance.go:360.8,360.38 1 0
helixtrack.ru/core/internal/middleware/performance.go:360.38,363.3 1 0
helixtrack.ru/core/internal/middleware/performance.go:367.51,371.2 3 3
helixtrack.ru/core/internal/middleware/performance.go:374.73,377.30 2 1
helixtrack.ru/core/internal/middleware/performance.go:377.30,378.23 1 4
helixtrack.ru/core/internal/middleware/performance.go:378.23,385.4 3 1
helixtrack.ru/core/internal/middleware/performance.go:387.3,390.31 2 3
helixtrack.ru/core/internal/middleware/performance.go:390.31,392.4 1 3
helixtrack.ru/core/internal/middleware/performance.go:392.9,394.4 1 0
helixtrack.ru/core/internal/middleware/performance.go:399.63,400.30 1 1
helixtrack.ru/core/internal/middleware/performance.go:400.30,411.13 5 2
helixtrack.ru/core/internal/middleware/performance.go:411.13,414.4 2 2
helixtrack.ru/core/internal/middleware/performance.go:416.3,416.10 1 2
helixtrack.ru/core/internal/middleware/performance.go:417.19,419.10 1 1
helixtrack.ru/core/internal/middleware/performance.go:420.21,425.13 2 1
helixtrack.ru/core/internal/middleware/performance.go:441.37,450.2 1 4
helixtrack.ru/core/internal/middleware/performance.go:453.53,454.30 1 3
helixtrack.ru/core/internal/middleware/performance.go:454.30,458.32 2 3
helixtrack.ru/core/internal/middleware/performance.go:458.32,459.34 1 3
helixtrack.ru/core/internal/middleware/performance.go:459.34,461.5 1 2
helixtrack.ru/core/internal/middleware/performance.go:461.10,462.52 1 1
helixtrack.ru/core/internal/middleware/performance.go:462.52,463.33 1 1
helixtrack.ru/core/internal/middleware/performance.go:463.33,465.12 2 1
helixtrack.ru/core/internal/middleware/performance.go:471.3,471.32 1 3
helixtrack.ru/core/internal/middleware/performance.go:471.32,473.4 1 3
helixtrack.ru/core/internal/middleware/performance.go:475.3,475.32 1 3
helixtrack.ru/core/internal/middleware/performance.go:475.32,477.4 1 3
helixtrack.ru/core/internal/middleware/performance.go:479.3,479.33 1 3
helixtrack.ru/core/internal/middleware/performance.go:479.33,481.4 1 3
helixtrack.ru/core/internal/middleware/performance.go:483.3,483.27 1 3
helixtrack.ru/core/internal/middleware/performance.go:483.27,485.4 1 1
helixtrack.ru/core/internal/middleware/performance.go:487.3,487.21 1 3
helixtrack.ru/core/internal/middleware/performance.go:487.21,489.4 1 3
helixtrack.ru/core/internal/middleware/performance.go:492.3,492.36 1 3
helixtrack.ru/core/internal/middleware/performance.go:492.36,495.4 2 1
helixtrack.ru/core/internal/middleware/performance.go:497.3,497.11 1 2
helixtrack.ru/core/internal/middleware/permission.go:12.83,13.30 1 6
helixtrack.ru/core/internal/middleware/permission.go:13.30,15.31 1 6
helixtrack.ru/core/internal/middleware/permission.go:15.31,18.4 2 1
helixtrack.ru/core/internal/middleware/permission.go:21.3,22.14 2 5
helixtrack.ru/core/internal/middleware/permission.go:22.14,30.4 3 1
helixtrack.ru/core/internal/middleware/permission.go:32.3,33.10 2 4
helixtrack.ru/core/internal/middleware/permission.go:33.10,41.4 3 1
helixtrack.ru/core/internal/middleware/permission.go:44.3,47.11 3 3
helixtrack.ru/core/internal/middleware/permission.go:52.126,53.30 1 12
helixtrack.ru/core/internal/middleware/permission.go:53.30,55.31 1 12
helixtrack.ru/core/internal/middleware/permission.go:55.31,58.4 2 1
helixtrack.ru/core/internal/middleware/permission.go:60.3,61.14 2 11
helixtrack.ru/core/internal/middleware/permission.go:61.14,69.4 3 1
helixtrack.ru/core/internal/middleware/permission.go:71.3,72.10 2 10
helixtrack.ru/core/internal/middleware/permission.go:72.10,80.4 3 1
helixtrack.ru/core/internal/middleware/permission.go:83.3,84.17 2 9
helixtrack.ru/core/internal/middleware/permission.go:84.17,92.4 3 1
helixtrack.ru/core/internal/middleware/permission.go:94.3,94.15 1 8
helixtrack.ru/core/internal/middleware/permission.go:94.15,102.4 3 3
helixtrack.ru/core/internal/middleware/permission.go:104.3,104.11 1 5
helixtrack.ru/core/internal/middleware/permission.go:109.116,111.30 1 10
helixtrack.ru/core/internal/middleware/permission.go:111.30,113.3 1 1
helixtrack.ru/core/internal/middleware/permission.go:115.2,116.13 2 9
helixtrack.ru/core/internal/middleware/permission.go:116.13,118.3 1 1
helixtrack.ru/core/internal/middleware/permission.go:120.2,121.9 2 8
helixtrack.ru/core/internal/middleware/permission.go:121.9,123.3 1 1
helixtrack.ru/core/internal/middleware/permission.go:126.2,130.16 3 7
helixtrack.ru/core/internal/middleware/permission.go:130.16,132.3 1 1
helixtrack.ru/core/internal/middleware/permission.go:134.2,134.16 1 6
helixtrack.ru/core/internal/middleware/permission.go:138.110,140.13 2 4
helixtrack.ru/core/internal/middleware/permission.go:140.13,142.3 1 1
helixtrack.ru/core/internal/middleware/permission.go:144.2,145.9 2 3
helixtrack.ru/core/internal/middleware/permission.go:145.9,147.3 1 1
helixtrack.ru/core/internal/middleware/permission.go:149.2,149.73 1 2
helixtrack.ru/core/internal/middleware/rbac.go:14.106,15.30 1 18
helixtrack.ru/core/internal/middleware/rbac.go:15.30,17.14 2 18
helixtrack.ru/core/internal/middleware/rbac.go:17.14,25.4 3 1
helixtrack.ru/core/internal/middleware/rbac.go:28.3,41.17 4 17
helixtrack.ru/core/internal/middleware/rbac.go:41.17,53.4 3 2
helixtrack.ru/core/internal/middleware/rbac.go:55.3,55.24 1 15
helixtrack.ru/core/internal/middleware/rbac.go:55.24,69.4 3 1
helixtrack.ru/core/internal/middleware/rbac.go:71.3,82.11 5 14
helixtrack.ru/core/internal/middleware/rbac.go:87.73,88.30 1 5
helixtrack.ru/core/internal/middleware/rbac.go:88.30,90.14 2 5
helixtrack.ru/core/internal/middleware/rbac.go:90.14,97.4 2 1
helixtrack.ru/core/internal/middleware/rbac.go:100.3,101.21 2 4
helixtrack.ru/core/internal/middleware/rbac.go:101.21,103.4 1 1
helixtrack.ru/core/internal/middleware/rbac.go:105.3,105.21 1 4
helixtrack.ru/core/internal/middleware/rbac.go:105.21,109.4 2 1
helixtrack.ru/core/internal/middleware/rbac.go:112.3,113.17 2 3
helixtrack.ru/core/internal/middleware/rbac.go:113.17,125.4 3 1
helixtrack.ru/core/internal/middleware/rbac.go:127.3,127.17 1 2
helixtrack.ru/core/internal/middleware/rbac.go:127.17,138.4 3 1
helixtrack.ru/core/internal/middleware/rbac.go:140.3,141.11 2 1
helixtrack.ru/core/internal/middleware/rbac.go:146.92,147.30 1 4
helixtrack.ru/core/internal/middleware/rbac.go:147.30,149.14 2 4
helixtrack.ru/core/internal/middleware/rbac.go:149.14,156.4 2 0
helixtrack.ru/core/internal/middleware/rbac.go:159.3,160.22 2 4
helixtrack.ru/core/internal/middleware/rbac.go:160.22,162.4 1 1
helixtrack.ru/core/internal/middleware/rbac.go:163.3,163.22 1 4
helixtrack.ru/core/internal/middleware/rbac.go:163.22,165.4 1 1
helixtrack.ru/core/internal/middleware/rbac.go:167.3,167.22 1 4
helixtrack.ru/core/internal/middleware/rbac.go:167.22,175.4 3 1
helixtrack.ru/core/internal/middleware/rbac.go:178.3,179.17 2 3
helixtrack.ru/core/internal/middleware/rbac.go:179.17,192.4 3 1
helixtrack.ru/core/internal/middleware/rbac.go:194.3,194.15 1 2
helixtrack.ru/core/internal/middleware/rbac.go:194.15,206.4 3 1
helixtrack.ru/core/internal/middleware/rbac.go:208.3,210.11 3 1
helixtrack.ru/core/internal/middleware/rbac.go:215.78,216.30 1 2
helixtrack.ru/core/internal/middleware/rbac.go:216.30,218.14 2 2
helixtrack.ru/core/internal/middleware/rbac.go:218.14,222.4 2 1
helixtrack.ru/core/internal/middleware/rbac.go:225.3,226.17 2 1
helixtrack.ru/core/internal/middleware/rbac.go:226.17,234.4 3 0
helixtrack.ru/core/internal/middleware/rbac.go:237.3,245.11 3 1
helixtrack.ru/core/internal/middleware/rbac.go:250.64,252.35 1 21
helixtrack.ru/core/internal/middleware/rbac.go:252.35,254.3 1 2
helixtrack.ru/core/internal/middleware/rbac.go:257.2,257.35 1 19
helixtrack.ru/core/internal/middleware/rbac.go:257.35,259.3 1 1
helixtrack.ru/core/internal/middleware/rbac.go:262.2,263.38 2 18
helixtrack.ru/core/internal/middleware/rbac.go:263.38,265.3 1 1
helixtrack.ru/core/internal/middleware/rbac.go:266.2,266.38 1 17
helixtrack.ru/core/internal/middleware/rbac.go:266.38,268.3 1 0
helixtrack.ru/core/internal/middleware/rbac.go:271.2,271.61 1 17
helixtrack.ru/core/internal/middleware/rbac.go:271.61,273.49 2 1
helixtrack.ru/core/internal/middleware/rbac.go:273.49,274.53 1 1
helixtrack.ru/core/internal/middleware/rbac.go:274.53,276.5 1 1
helixtrack.ru/core/internal/middleware/rbac.go:277.4,277.56 1 0
helixtrack.ru/core/internal/middleware/rbac.go:277.56,279.5 1 0
helixtrack.ru/core/internal/middleware/rbac.go:283.2,283.11 1 16
helixtrack.ru/core/internal/middleware/rbac.go:287.55,291.56 2 18
helixtrack.ru/core/internal/middleware/rbac.go:291.56,293.3 1 1
helixtrack.ru/core/internal/middleware/rbac.go:293.8,293.63 1 17
helixtrack.ru/core/internal/middleware/rbac.go:293.63,295.3 1 0
helixtrack.ru/core/internal/middleware/rbac.go:298.2,298.47 1 18
helixtrack.ru/core/internal/middleware/rbac.go:298.47,300.3 1 1
helixtrack.ru/core/internal/middleware/rbac.go:300.8,300.54 1 17
helixtrack.ru/core/internal/middleware/rbac.go:300.54,302.3 1 0
helixtrack.ru/core/internal/middleware/rbac.go:305.2,310.16 5 18
helixtrack.ru/core/internal/middleware/rbac.go:314.73,316.13 2 4
helixtrack.ru/core/internal/middleware/rbac.go:316.13,318.3 1 2
helixtrack.ru/core/internal/middleware/rbac.go:320.2,321.19 2 2
helixtrack.ru/core/internal/middleware/rbac.go:325.40,327.13 2 3
helixtrack.ru/core/internal/middleware/rbac.go:327.13,329.3 1 1
helixtrack.ru/core/internal/middleware/rbac.go:331.2,331.26 1 2
helixtrack.ru/core/internal/logger/logger.go:22.45,24.55 1 9
helixtrack.ru/core/internal/logger/logger.go:24.55,26.3 1 0
helixtrack.ru/core/internal/logger/logger.go:29.2,30.21 2 9
helixtrack.ru/core/internal/logger/logger.go:30.21,31.64 1 9
helixtrack.ru/core/internal/logger/logger.go:31.64,33.4 1 1
helixtrack.ru/core/internal/logger/logger.go:37.2,44.31 6 8
helixtrack.ru/core/internal/logger/logger.go:44.31,46.3 1 7
helixtrack.ru/core/internal/logger/logger.go:49.2,77.12 7 8
helixtrack.ru/core/internal/logger/logger.go:81.24,82.25 1 14
helixtrack.ru/core/internal/logger/logger.go:82.25,86.3 2 2
helixtrack.ru/core/internal/logger/logger.go:87.2,87.21 1 14
helixtrack.ru/core/internal/logger/logger.go:91.38,92.20 1 6
helixtrack.ru/core/internal/logger/logger.go:92.20,94.3 1 1
helixtrack.ru/core/internal/logger/logger.go:95.2,95.16 1 6
helixtrack.ru/core/internal/logger/logger.go:99.19,100.25 1 9
helixtrack.ru/core/internal/logger/logger.go:100.25,106.35 2 8
helixtrack.ru/core/internal/logger/logger.go:106.35,108.4 1 8
helixtrack.ru/core/internal/logger/logger.go:109.3,109.13 1 0
helixtrack.ru/core/internal/logger/logger.go:111.2,111.12 1 1
helixtrack.ru/core/internal/logger/logger.go:115.45,117.2 1 1
helixtrack.ru/core/internal/logger/logger.go:120.44,122.2 1 6
helixtrack.ru/core/internal/logger/logger.go:125.44,127.2 1 2
helixtrack.ru/core/internal/logger/logger.go:130.45,132.2 1 2
helixtrack.ru/core/internal/logger/logger.go:135.45,137.2 1 0
helixtrack.ru/core/internal/logger/logger.go:140.51,142.2 1 1
helixtrack.ru/core/internal/logger/logger.go:145.50,147.2 1 1
helixtrack.ru/core/internal/logger/logger.go:150.50,152.2 1 1
helixtrack.ru/core/internal/logger/logger.go:155.51,157.2 1 1
helixtrack.ru/core/internal/logger/logger.go:160.51,162.2 1 0
helixtrack.ru/core/internal/metrics/metrics.go:70.28,76.2 1 13
helixtrack.ru/core/internal/metrics/metrics.go:79.94,85.43 3 225
helixtrack.ru/core/internal/metrics/metrics.go:85.43,88.3 2 221
helixtrack.ru/core/internal/metrics/metrics.go:88.8,88.50 1 4
helixtrack.ru/core/internal/metrics/metrics.go:88.50,90.3 1 1
helixtrack.ru/core/internal/metrics/metrics.go:90.8,90.50 1 3
helixtrack.ru/core/internal/metrics/metrics.go:90.50,93.3 2 2
helixtrack.ru/core/internal/metrics/metrics.go:93.8,93.30 1 1
helixtrack.ru/core/internal/metrics/metrics.go:93.30,96.3 2 1
helixtrack.ru/core/internal/metrics/metrics.go:99.2,102.6 2 225
helixtrack.ru/core/internal/metrics/metrics.go:102.6,104.27 2 225
helixtrack.ru/core/internal/metrics/metrics.go:104.27,105.9 1 210
helixtrack.ru/core/internal/metrics/metrics.go:107.3,107.72 1 15
helixtrack.ru/core/internal/metrics/metrics.go:107.72,108.9 1 15
helixtrack.ru/core/internal/metrics/metrics.go:113.2,113.6 1 225
helixtrack.ru/core/internal/metrics/metrics.go:113.6,115.27 2 225
helixtrack.ru/core/internal/metrics/metrics.go:115.27,116.9 1 212
helixtrack.ru/core/internal/metrics/metrics.go:118.3,118.72 1 13
helixtrack.ru/core/internal/metrics/metrics.go:118.72,119.9 1 13
helixtrack.ru/core/internal/metrics/metrics.go:124.2,129.63 4 225
helixtrack.ru/core/internal/metrics/metrics.go:133.96,140.13 5 225
helixtrack.ru/core/internal/metrics/metrics.go:140.13,144.14 3 21
helixtrack.ru/core/internal/metrics/metrics.go:144.14,151.4 2 21
helixtrack.ru/core/internal/metrics/metrics.go:152.3,152.24 1 21
helixtrack.ru/core/internal/metrics/metrics.go:156.2,160.6 3 225
helixtrack.ru/core/internal/metrics/metrics.go:160.6,162.27 2 225
helixtrack.ru/core/internal/metrics/metrics.go:162.27,163.9 1 200
helixtrack.ru/core/internal/metrics/metrics.go:165.3,165.72 1 25
helixtrack.ru/core/internal/metrics/metrics.go:165.72,166.9 1 25
helixtrack.ru/core/internal/metrics/metrics.go:171.2,171.6 1 225
helixtrack.ru/core/internal/metrics/metrics.go:171.6,173.27 2 225
helixtrack.ru/core/internal/metrics/metrics.go:173.27,174.9 1 203
helixtrack.ru/core/internal/metrics/metrics.go:176.3,176.72 1 22
helixtrack.ru/core/internal/metrics/metrics.go:176.72,177.9 1 22
helixtrack.ru/core/internal/metrics/metrics.go:182.2,182.43 1 225
helixtrack.ru/core/internal/metrics/metrics.go:182.43,184.3 1 221
helixtrack.ru/core/internal/metrics/metrics.go:184.8,184.50 1 4
helixtrack.ru/core/internal/metrics/metrics.go:184.50,186.3 1 1
helixtrack.ru/core/internal/metrics/metrics.go:186.8,186.50 1 3
helixtrack.ru/core/internal/metrics/metrics.go:186.50,188.3 1 2
helixtrack.ru/core/internal/metrics/metrics.go:188.8,188.30 1 1
helixtrack.ru/core/internal/metrics/metrics.go:188.30,190.3 1 1
helixtrack.ru/core/internal/metrics/metrics.go:194.69,207.23 12 13
helixtrack.ru/core/internal/metrics/metrics.go:207.23,209.3 1 11
helixtrack.ru/core/internal/metrics/metrics.go:211.2,213.26 3 13
helixtrack.ru/core/internal/metrics/metrics.go:213.26,215.3 1 13
helixtrack.ru/core/internal/metrics/metrics.go:217.2,237.22 5 13
helixtrack.ru/core/internal/metrics/metrics.go:237.22,240.46 3 3
helixtrack.ru/core/internal/metrics/metrics.go:240.46,255.4 2 6
helixtrack.ru/core/internal/metrics/metrics.go:256.3,256.25 1 3
helixtrack.ru/core/internal/metrics/metrics.go:259.2,259.16 1 13
helixtrack.ru/core/internal/metrics/metrics.go:263.27,284.2 17 2
helixtrack.ru/core/internal/metrics/metrics.go:287.58,288.30 1 2
helixtrack.ru/core/internal/metrics/metrics.go:288.30,297.3 4 9
helixtrack.ru/core/internal/metrics/metrics.go:304.34,306.2 1 2
helixtrack.ru/core/internal/metrics/metrics.go:326.65,331.22 3 3
helixtrack.ru/core/internal/metrics/metrics.go:331.22,332.37 1 3
helixtrack.ru/core/internal/metrics/metrics.go:332.37,335.4 2 1
helixtrack.ru/core/internal/metrics/metrics.go:338.2,346.20 2 3
helixtrack.ru/core/internal/metrics/metrics.go:346.20,348.3 1 1
helixtrack.ru/core/internal/metrics/metrics.go:350.2,350.15 1 3
helixtrack.ru/core/internal/models/asset.go:54.41,55.25 1 0
helixtrack.ru/core/internal/models/asset.go:55.25,57.3 1 0
helixtrack.ru/core/internal/models/asset.go:58.2,58.17 1 0
helixtrack.ru/core/internal/models/asset.go:58.17,60.3 1 0
helixtrack.ru/core/internal/models/asset.go:61.2,61.24 1 0
helixtrack.ru/core/internal/models/asset.go:65.32,67.2 1 0
helixtrack.ru/core/internal/models/audit.go:51.38,53.2 1 0
helixtrack.ru/core/internal/models/audit.go:56.34,58.2 1 0
helixtrack.ru/core/internal/models/board.go:53.41,54.19 1 0
helixtrack.ru/core/internal/models/board.go:54.19,56.3 1 0
helixtrack.ru/core/internal/models/board.go:57.2,57.25 1 0
helixtrack.ru/core/internal/models/board.go:61.32,63.2 1 0
helixtrack.ru/core/internal/models/board_config.go:40.43,42.2 1 0
helixtrack.ru/core/internal/models/board_config.go:45.66,46.23 1 0
helixtrack.ru/core/internal/models/board_config.go:46.23,48.3 1 0
helixtrack.ru/core/internal/models/board_config.go:49.2,49.36 1 0
helixtrack.ru/core/internal/models/board_config.go:53.42,55.2 1 0
helixtrack.ru/core/internal/models/board_config.go:58.45,60.2 1 0
helixtrack.ru/core/internal/models/chat.go:24.46,30.2 1 7
helixtrack.ru/core/internal/models/chat.go:63.40,73.2 1 11
helixtrack.ru/core/internal/models/chat.go:100.47,106.2 1 7
helixtrack.ru/core/internal/models/chat.go:149.38,157.2 1 9
helixtrack.ru/core/internal/models/chat.go:160.47,164.2 1 5
helixtrack.ru/core/internal/models/chat.go:235.60,242.2 1 8
helixtrack.ru/core/internal/models/comment.go:19.75,32.2 2 0
helixtrack.ru/core/internal/models/component.go:35.45,36.19 1 0
helixtrack.ru/core/internal/models/component.go:36.19,38.3 1 0
helixtrack.ru/core/internal/models/component.go:39.2,39.28 1 0
helixtrack.ru/core/internal/models/component.go:43.36,45.2 1 0
helixtrack.ru/core/internal/models/customfield.go:60.48,75.39 2 14
helixtrack.ru/core/internal/models/customfield.go:75.39,76.49 1 91
helixtrack.ru/core/internal/models/customfield.go:76.49,78.4 1 12
helixtrack.ru/core/internal/models/customfield.go:81.2,81.14 1 2
helixtrack.ru/core/internal/models/customfield.go:85.40,87.2 1 3
helixtrack.ru/core/internal/models/customfield.go:90.44,93.2 1 12
helixtrack.ru/core/internal/models/customfield.go:96.47,98.2 1 7
helixtrack.ru/core/internal/models/cycle.go:44.36,46.2 1 0
helixtrack.ru/core/internal/models/cycle.go:49.38,50.16 1 0
helixtrack.ru/core/internal/models/cycle.go:51.24,52.19 1 0
helixtrack.ru/core/internal/models/cycle.go:53.26,54.21 1 0
helixtrack.ru/core/internal/models/cycle.go:55.23,56.18 1 0
helixtrack.ru/core/internal/models/cycle.go:57.10,58.19 1 0
helixtrack.ru/core/internal/models/cycle.go:64.52,65.42 1 0
helixtrack.ru/core/internal/models/cycle.go:65.42,67.3 1 0
helixtrack.ru/core/internal/models/cycle.go:68.2,68.28 1 0
helixtrack.ru/core/internal/models/dashboard.go:60.49,62.2 1 0
helixtrack.ru/core/internal/models/dashboard.go:65.53,79.2 2 0
helixtrack.ru/core/internal/models/dashboard.go:82.56,83.42 1 0
helixtrack.ru/core/internal/models/dashboard.go:83.42,85.3 1 0
helixtrack.ru/core/internal/models/dashboard.go:86.2,86.42 1 0
helixtrack.ru/core/internal/models/dashboard.go:86.42,88.3 1 0
helixtrack.ru/core/internal/models/dashboard.go:89.2,89.48 1 0
helixtrack.ru/core/internal/models/dashboard.go:89.48,91.3 1 0
helixtrack.ru/core/internal/models/dashboard.go:92.2,92.18 1 0
helixtrack.ru/core/internal/models/document.go:28.37,29.16 1 10
helixtrack.ru/core/internal/models/document.go:29.16,31.3 1 1
helixtrack.ru/core/internal/models/document.go:32.2,32.19 1 9
helixtrack.ru/core/internal/models/document.go:32.19,34.3 1 1
helixtrack.ru/core/internal/models/document.go:35.2,35.21 1 8
helixtrack.ru/core/internal/models/document.go:35.21,37.3 1 1
helixtrack.ru/core/internal/models/document.go:38.2,38.20 1 7
helixtrack.ru/core/internal/models/document.go:38.20,40.3 1 1
helixtrack.ru/core/internal/models/document.go:41.2,41.23 1 6
helixtrack.ru/core/internal/models/document.go:41.23,43.3 1 1
helixtrack.ru/core/internal/models/document.go:44.2,44.19 1 5
helixtrack.ru/core/internal/models/document.go:44.19,46.3 1 1
helixtrack.ru/core/internal/models/document.go:47.2,47.20 1 4
helixtrack.ru/core/internal/models/document.go:47.20,49.3 1 1
helixtrack.ru/core/internal/models/document.go:50.2,50.21 1 3
helixtrack.ru/core/internal/models/document.go:50.21,52.3 1 1
helixtrack.ru/core/internal/models/document.go:53.2,53.12 1 2
helixtrack.ru/core/internal/models/document.go:57.36,59.20 2 3
helixtrack.ru/core/internal/models/document.go:59.20,61.3 1 1
helixtrack.ru/core/internal/models/document.go:62.2,62.18 1 3
helixtrack.ru/core/internal/models/document.go:66.39,69.2 2 8
helixtrack.ru/core/internal/models/document.go:86.45,87.17 1 16
helixtrack.ru/core/internal/models/document.go:87.17,89.3 1 1
helixtrack.ru/core/internal/models/document.go:90.2,90.25 1 15
helixtrack.ru/core/internal/models/document.go:90.25,92.3 1 1
helixtrack.ru/core/internal/models/document.go:93.2,93.20 1 14
helixtrack.ru/core/internal/models/document.go:93.20,95.3 1 1
helixtrack.ru/core/internal/models/document.go:96.2,96.26 1 13
helixtrack.ru/core/internal/models/document.go:96.26,98.3 1 1
helixtrack.ru/core/internal/models/document.go:99.2,102.33 2 12
helixtrack.ru/core/internal/models/document.go:102.33,104.3 1 1
helixtrack.ru/core/internal/models/document.go:105.2,105.21 1 11
helixtrack.ru/core/internal/models/document.go:105.21,107.3 1 1
helixtrack.ru/core/internal/models/document.go:108.2,108.22 1 10
helixtrack.ru/core/internal/models/document.go:108.22,110.3 1 1
helixtrack.ru/core/internal/models/document.go:111.2,111.12 1 9
helixtrack.ru/core/internal/models/document.go:115.44,117.21 2 2
helixtrack.ru/core/internal/models/document.go:117.21,119.3 1 1
helixtrack.ru/core/internal/models/document.go:120.2,120.19 1 2
helixtrack.ru/core/internal/models/document_analytics.go:21.50,22.18 1 6
helixtrack.ru/core/internal/models/document_analytics.go:22.18,24.3 1 1
helixtrack.ru/core/internal/models/document_analytics.go:25.2,25.26 1 5
helixtrack.ru/core/internal/models/document_analytics.go:25.26,27.3 1 1
helixtrack.ru/core/internal/models/document_analytics.go:28.2,28.24 1 4
helixtrack.ru/core/internal/models/document_analytics.go:28.24,30.3 1 1
helixtrack.ru/core/internal/models/document_analytics.go:31.2,31.12 1 3
helixtrack.ru/core/internal/models/document_analytics.go:35.49,36.24 1 2
helixtrack.ru/core/internal/models/document_analytics.go:36.24,38.3 1 1
helixtrack.ru/core/internal/models/document_analytics.go:60.47,61.17 1 4
helixtrack.ru/core/internal/models/document_analytics.go:61.17,63.3 1 1
helixtrack.ru/core/internal/models/document_analytics.go:64.2,64.25 1 3
helixtrack.ru/core/internal/models/document_analytics.go:64.25,66.3 1 1
helixtrack.ru/core/internal/models/document_analytics.go:67.2,67.21 1 2
helixtrack.ru/core/internal/models/document_analytics.go:67.21,69.3 1 1
helixtrack.ru/core/internal/models/document_analytics.go:70.2,70.12 1 1
helixtrack.ru/core/internal/models/document_analytics.go:74.46,76.2 1 30
helixtrack.ru/core/internal/models/document_analytics.go:79.57,89.2 2 5
helixtrack.ru/core/internal/models/document_analytics.go:92.59,94.14 2 6
helixtrack.ru/core/internal/models/document_analytics.go:94.14,96.3 1 4
helixtrack.ru/core/internal/models/document_analytics.go:97.2,99.20 3 6
helixtrack.ru/core/internal/models/document_analytics.go:103.59,105.14 2 5
helixtrack.ru/core/internal/models/document_analytics.go:105.14,107.3 1 3
helixtrack.ru/core/internal/models/document_analytics.go:108.2,110.20 3 5
helixtrack.ru/core/internal/models/document_analytics.go:114.49,117.2 2 3
helixtrack.ru/core/internal/models/document_analytics.go:120.50,123.2 2 2
helixtrack.ru/core/internal/models/document_analytics.go:126.49,129.2 2 2
helixtrack.ru/core/internal/models/document_analytics.go:132.49,133.26 1 4
helixtrack.ru/core/internal/models/document_analytics.go:133.26,135.3 1 3
helixtrack.ru/core/internal/models/document_analytics.go:136.2,136.20 1 4
helixtrack.ru/core/internal/models/document_analytics.go:140.50,141.27 1 4
helixtrack.ru/core/internal/models/document_analytics.go:141.27,143.3 1 3
helixtrack.ru/core/internal/models/document_analytics.go:144.2,144.20 1 4
helixtrack.ru/core/internal/models/document_analytics.go:148.49,149.26 1 4
helixtrack.ru/core/internal/models/document_analytics.go:149.26,151.3 1 3
helixtrack.ru/core/internal/models/document_analytics.go:152.2,152.20 1 4
helixtrack.ru/core/internal/models/document_attachment.go:28.48,29.17 1 13
helixtrack.ru/core/internal/models/document_attachment.go:29.17,31.3 1 1
helixtrack.ru/core/internal/models/document_attachment.go:32.2,32.25 1 12
helixtrack.ru/core/internal/models/document_attachment.go:32.25,34.3 1 1
helixtrack.ru/core/internal/models/document_attachment.go:35.2,35.23 1 11
helixtrack.ru/core/internal/models/document_attachment.go:35.23,37.3 1 1
helixtrack.ru/core/internal/models/document_attachment.go:38.2,38.31 1 10
helixtrack.ru/core/internal/models/document_attachment.go:38.31,40.3 1 1
helixtrack.ru/core/internal/models/document_attachment.go:41.2,41.23 1 9
helixtrack.ru/core/internal/models/document_attachment.go:41.23,43.3 1 1
helixtrack.ru/core/internal/models/document_attachment.go:44.2,44.22 1 8
helixtrack.ru/core/internal/models/document_attachment.go:44.22,46.3 1 1
helixtrack.ru/core/internal/models/document_attachment.go:47.2,47.26 1 7
helixtrack.ru/core/internal/models/document_attachment.go:47.26,49.3 1 1
helixtrack.ru/core/internal/models/document_attachment.go:50.2,50.23 1 6
helixtrack.ru/core/internal/models/document_attachment.go:50.23,52.3 1 1
helixtrack.ru/core/internal/models/document_attachment.go:53.2,53.25 1 5
helixtrack.ru/core/internal/models/document_attachment.go:53.25,55.3 1 1
helixtrack.ru/core/internal/models/document_attachment.go:56.2,56.20 1 4
helixtrack.ru/core/internal/models/document_attachment.go:56.20,58.3 1 1
helixtrack.ru/core/internal/models/document_attachment.go:59.2,59.21 1 3
helixtrack.ru/core/internal/models/document_attachment.go:59.21,61.3 1 1
helixtrack.ru/core/internal/models/document_attachment.go:62.2,62.22 1 2
helixtrack.ru/core/internal/models/document_attachment.go:62.22,64.3 1 1
helixtrack.ru/core/internal/models/document_attachment.go:65.2,65.12 1 1
helixtrack.ru/core/internal/models/document_attachment.go:69.47,71.21 2 0
helixtrack.ru/core/internal/models/document_attachment.go:71.21,73.3 1 0
helixtrack.ru/core/internal/models/document_attachment.go:74.2,74.19 1 0
helixtrack.ru/core/internal/models/document_attachment.go:78.50,81.2 2 3
helixtrack.ru/core/internal/models/document_attachment.go:84.46,94.2 2 27
helixtrack.ru/core/internal/models/document_attachment.go:97.49,108.2 2 27
helixtrack.ru/core/internal/models/document_attachment.go:111.46,119.2 2 25
helixtrack.ru/core/internal/models/document_attachment.go:122.61,124.25 2 6
helixtrack.ru/core/internal/models/document_attachment.go:124.25,126.3 1 1
helixtrack.ru/core/internal/models/document_attachment.go:127.2,128.53 2 5
helixtrack.ru/core/internal/models/document_attachment.go:128.53,131.3 2 4
helixtrack.ru/core/internal/models/document_attachment.go:132.2,132.103 1 5
helixtrack.ru/core/internal/models/document_collaboration.go:23.45,24.17 1 10
helixtrack.ru/core/internal/models/document_collaboration.go:24.17,26.3 1 1
helixtrack.ru/core/internal/models/document_collaboration.go:27.2,27.25 1 9
helixtrack.ru/core/internal/models/document_collaboration.go:27.25,29.3 1 1
helixtrack.ru/core/internal/models/document_collaboration.go:30.2,30.21 1 8
helixtrack.ru/core/internal/models/document_collaboration.go:30.21,32.3 1 1
helixtrack.ru/core/internal/models/document_collaboration.go:33.2,33.22 1 7
helixtrack.ru/core/internal/models/document_collaboration.go:33.22,35.3 1 1
helixtrack.ru/core/internal/models/document_collaboration.go:36.2,36.20 1 6
helixtrack.ru/core/internal/models/document_collaboration.go:36.20,38.3 1 1
helixtrack.ru/core/internal/models/document_collaboration.go:39.2,39.21 1 5
helixtrack.ru/core/internal/models/document_collaboration.go:39.21,41.3 1 1
helixtrack.ru/core/internal/models/document_collaboration.go:42.2,42.22 1 4
helixtrack.ru/core/internal/models/document_collaboration.go:42.22,44.3 1 1
helixtrack.ru/core/internal/models/document_collaboration.go:45.2,45.12 1 3
helixtrack.ru/core/internal/models/document_collaboration.go:49.44,51.21 2 0
helixtrack.ru/core/internal/models/document_collaboration.go:51.21,53.3 1 0
helixtrack.ru/core/internal/models/document_collaboration.go:54.2,54.19 1 0
helixtrack.ru/core/internal/models/document_collaboration.go:70.52,71.18 1 8
helixtrack.ru/core/internal/models/document_collaboration.go:71.18,73.3 1 1
helixtrack.ru/core/internal/models/document_collaboration.go:74.2,74.26 1 7
helixtrack.ru/core/internal/models/document_collaboration.go:74.26,76.3 1 1
helixtrack.ru/core/internal/models/document_collaboration.go:77.2,77.25 1 6
helixtrack.ru/core/internal/models/document_collaboration.go:77.25,79.3 1 1
helixtrack.ru/core/internal/models/document_collaboration.go:80.2,80.27 1 5
helixtrack.ru/core/internal/models/document_collaboration.go:80.27,82.3 1 1
helixtrack.ru/core/internal/models/document_collaboration.go:83.2,83.41 1 4
helixtrack.ru/core/internal/models/document_collaboration.go:83.41,85.3 1 1
helixtrack.ru/core/internal/models/document_collaboration.go:86.2,86.22 1 3
helixtrack.ru/core/internal/models/document_collaboration.go:86.22,88.3 1 1
helixtrack.ru/core/internal/models/document_collaboration.go:89.2,89.12 1 2
helixtrack.ru/core/internal/models/document_collaboration.go:93.51,94.22 1 0
helixtrack.ru/core/internal/models/document_collaboration.go:94.22,96.3 1 0
helixtrack.ru/core/internal/models/document_collaboration.go:112.45,113.17 1 7
helixtrack.ru/core/internal/models/document_collaboration.go:113.17,115.3 1 1
helixtrack.ru/core/internal/models/document_collaboration.go:116.2,116.25 1 6
helixtrack.ru/core/internal/models/document_collaboration.go:116.25,118.3 1 1
helixtrack.ru/core/internal/models/document_collaboration.go:119.2,119.30 1 5
helixtrack.ru/core/internal/models/document_collaboration.go:119.30,121.3 1 1
helixtrack.ru/core/internal/models/document_collaboration.go:122.2,122.31 1 4
helixtrack.ru/core/internal/models/document_collaboration.go:122.31,124.3 1 1
helixtrack.ru/core/internal/models/document_collaboration.go:125.2,125.21 1 3
helixtrack.ru/core/internal/models/document_collaboration.go:125.21,127.3 1 1
helixtrack.ru/core/internal/models/document_collaboration.go:128.2,128.12 1 2
helixtrack.ru/core/internal/models/document_collaboration.go:132.44,133.21 1 0
helixtrack.ru/core/internal/models/document_collaboration.go:133.21,135.3 1 0
helixtrack.ru/core/internal/models/document_collaboration.go:149.46,150.17 1 7
helixtrack.ru/core/internal/models/document_collaboration.go:150.17,152.3 1 1
helixtrack.ru/core/internal/models/document_collaboration.go:153.2,153.25 1 6
helixtrack.ru/core/internal/models/document_collaboration.go:153.25,155.3 1 1
helixtrack.ru/core/internal/models/document_collaboration.go:156.2,156.21 1 5
helixtrack.ru/core/internal/models/document_collaboration.go:156.21,158.3 1 1
helixtrack.ru/core/internal/models/document_collaboration.go:159.2,159.27 1 4
helixtrack.ru/core/internal/models/document_collaboration.go:159.27,161.3 1 1
helixtrack.ru/core/internal/models/document_collaboration.go:162.2,162.21 1 3
helixtrack.ru/core/internal/models/document_collaboration.go:162.21,164.3 1 1
helixtrack.ru/core/internal/models/document_collaboration.go:165.2,165.12 1 2
helixtrack.ru/core/internal/models/document_collaboration.go:169.45,170.21 1 0
helixtrack.ru/core/internal/models/document_collaboration.go:170.21,172.3 1 0
helixtrack.ru/core/internal/models/document_collaboration.go:185.45,186.17 1 12
helixtrack.ru/core/internal/models/document_collaboration.go:186.17,188.3 1 1
helixtrack.ru/core/internal/models/document_collaboration.go:189.2,189.25 1 11
helixtrack.ru/core/internal/models/document_collaboration.go:189.25,191.3 1 1
helixtrack.ru/core/internal/models/document_collaboration.go:192.2,192.21 1 10
helixtrack.ru/core/internal/models/document_collaboration.go:192.21,194.3 1 1
helixtrack.ru/core/internal/models/document_collaboration.go:195.2,195.32 1 9
helixtrack.ru/core/internal/models/document_collaboration.go:195.32,197.3 1 1
helixtrack.ru/core/internal/models/document_collaboration.go:198.2,201.40 2 8
helixtrack.ru/core/internal/models/document_collaboration.go:201.40,203.3 1 1
helixtrack.ru/core/internal/models/document_collaboration.go:204.2,204.21 1 7
helixtrack.ru/core/internal/models/document_collaboration.go:204.21,206.3 1 1
helixtrack.ru/core/internal/models/document_collaboration.go:207.2,207.12 1 6
helixtrack.ru/core/internal/models/document_collaboration.go:211.44,212.21 1 0
helixtrack.ru/core/internal/models/document_collaboration.go:212.21,214.3 1 0
helixtrack.ru/core/internal/models/document_collaboration.go:228.43,229.17 1 5
helixtrack.ru/core/internal/models/document_collaboration.go:229.17,231.3 1 1
helixtrack.ru/core/internal/models/document_collaboration.go:232.2,232.19 1 4
helixtrack.ru/core/internal/models/document_collaboration.go:232.19,234.3 1 1
helixtrack.ru/core/internal/models/document_collaboration.go:235.2,235.21 1 3
helixtrack.ru/core/internal/models/document_collaboration.go:235.21,237.3 1 1
helixtrack.ru/core/internal/models/document_collaboration.go:238.2,238.12 1 2
helixtrack.ru/core/internal/models/document_collaboration.go:242.42,243.21 1 0
helixtrack.ru/core/internal/models/document_collaboration.go:243.21,245.3 1 0
helixtrack.ru/core/internal/models/document_collaboration.go:257.41,258.17 1 4
helixtrack.ru/core/internal/models/document_collaboration.go:258.17,260.3 1 1
helixtrack.ru/core/internal/models/document_collaboration.go:261.2,261.19 1 3
helixtrack.ru/core/internal/models/document_collaboration.go:261.19,263.3 1 1
helixtrack.ru/core/internal/models/document_collaboration.go:264.2,264.21 1 2
helixtrack.ru/core/internal/models/document_collaboration.go:264.21,266.3 1 1
helixtrack.ru/core/internal/models/document_collaboration.go:267.2,267.12 1 1
helixtrack.ru/core/internal/models/document_collaboration.go:271.40,272.21 1 0
helixtrack.ru/core/internal/models/document_collaboration.go:272.21,274.3 1 0
helixtrack.ru/core/internal/models/document_mappings.go:21.53,22.18 1 7
helixtrack.ru/core/internal/models/document_mappings.go:22.18,24.3 1 1
helixtrack.ru/core/internal/models/document_mappings.go:25.2,25.25 1 6
helixtrack.ru/core/internal/models/document_mappings.go:25.25,27.3 1 1
helixtrack.ru/core/internal/models/document_mappings.go:28.2,28.26 1 5
helixtrack.ru/core/internal/models/document_mappings.go:28.26,30.3 1 1
helixtrack.ru/core/internal/models/document_mappings.go:31.2,31.22 1 4
helixtrack.ru/core/internal/models/document_mappings.go:31.22,33.3 1 1
helixtrack.ru/core/internal/models/document_mappings.go:34.2,34.22 1 3
helixtrack.ru/core/internal/models/document_mappings.go:34.22,36.3 1 1
helixtrack.ru/core/internal/models/document_mappings.go:37.2,37.12 1 2
helixtrack.ru/core/internal/models/document_mappings.go:41.52,42.22 1 0
helixtrack.ru/core/internal/models/document_mappings.go:42.22,44.3 1 0
helixtrack.ru/core/internal/models/document_mappings.go:59.51,60.18 1 6
helixtrack.ru/core/internal/models/document_mappings.go:60.18,62.3 1 1
helixtrack.ru/core/internal/models/document_mappings.go:63.2,63.23 1 5
helixtrack.ru/core/internal/models/document_mappings.go:63.23,65.3 1 1
helixtrack.ru/core/internal/models/document_mappings.go:66.2,66.26 1 4
helixtrack.ru/core/internal/models/document_mappings.go:66.26,68.3 1 1
helixtrack.ru/core/internal/models/document_mappings.go:69.2,69.22 1 3
helixtrack.ru/core/internal/models/document_mappings.go:69.22,71.3 1 1
helixtrack.ru/core/internal/models/document_mappings.go:72.2,72.22 1 2
helixtrack.ru/core/internal/models/document_mappings.go:72.22,74.3 1 1
helixtrack.ru/core/internal/models/document_mappings.go:75.2,75.12 1 1
helixtrack.ru/core/internal/models/document_mappings.go:79.50,80.22 1 0
helixtrack.ru/core/internal/models/document_mappings.go:80.22,82.3 1 0
helixtrack.ru/core/internal/models/document_mappings.go:99.41,100.17 1 21
helixtrack.ru/core/internal/models/document_mappings.go:100.17,102.3 1 1
helixtrack.ru/core/internal/models/document_mappings.go:103.2,103.25 1 20
helixtrack.ru/core/internal/models/document_mappings.go:103.25,105.3 1 1
helixtrack.ru/core/internal/models/document_mappings.go:106.2,106.23 1 19
helixtrack.ru/core/internal/models/document_mappings.go:106.23,108.3 1 1
helixtrack.ru/core/internal/models/document_mappings.go:109.2,109.21 1 18
helixtrack.ru/core/internal/models/document_mappings.go:109.21,111.3 1 1
helixtrack.ru/core/internal/models/document_mappings.go:112.2,112.23 1 17
helixtrack.ru/core/internal/models/document_mappings.go:112.23,114.3 1 1
helixtrack.ru/core/internal/models/document_mappings.go:115.2,119.30 2 16
helixtrack.ru/core/internal/models/document_mappings.go:119.30,121.3 1 1
helixtrack.ru/core/internal/models/document_mappings.go:122.2,122.21 1 15
helixtrack.ru/core/internal/models/document_mappings.go:122.21,124.3 1 1
helixtrack.ru/core/internal/models/document_mappings.go:125.2,125.12 1 14
helixtrack.ru/core/internal/models/document_mappings.go:129.40,130.21 1 0
helixtrack.ru/core/internal/models/document_mappings.go:130.21,132.3 1 0
helixtrack.ru/core/internal/models/document_mappings.go:136.42,142.2 2 8
helixtrack.ru/core/internal/models/document_mappings.go:145.42,147.2 1 8
helixtrack.ru/core/internal/models/document_other.go:19.49,20.18 1 6
helixtrack.ru/core/internal/models/document_other.go:20.18,22.3 1 1
helixtrack.ru/core/internal/models/document_other.go:23.2,23.26 1 5
helixtrack.ru/core/internal/models/document_other.go:23.26,25.3 1 1
helixtrack.ru/core/internal/models/document_other.go:26.2,26.21 1 4
helixtrack.ru/core/internal/models/document_other.go:26.21,28.3 1 1
helixtrack.ru/core/internal/models/document_other.go:29.2,29.22 1 3
helixtrack.ru/core/internal/models/document_other.go:29.22,31.3 1 1
helixtrack.ru/core/internal/models/document_other.go:32.2,32.22 1 2
helixtrack.ru/core/internal/models/document_other.go:32.22,34.3 1 1
helixtrack.ru/core/internal/models/document_other.go:35.2,35.12 1 1
helixtrack.ru/core/internal/models/document_other.go:39.48,40.22 1 0
helixtrack.ru/core/internal/models/document_other.go:40.22,42.3 1 0
helixtrack.ru/core/internal/models/document_other.go:59.49,60.18 1 14
helixtrack.ru/core/internal/models/document_other.go:60.18,62.3 1 1
helixtrack.ru/core/internal/models/document_other.go:63.2,63.26 1 13
helixtrack.ru/core/internal/models/document_other.go:63.26,65.3 1 1
helixtrack.ru/core/internal/models/document_other.go:66.2,66.26 1 12
helixtrack.ru/core/internal/models/document_other.go:66.26,68.3 1 1
helixtrack.ru/core/internal/models/document_other.go:69.2,69.24 1 11
helixtrack.ru/core/internal/models/document_other.go:69.24,71.3 1 1
helixtrack.ru/core/internal/models/document_other.go:72.2,72.24 1 10
helixtrack.ru/core/internal/models/document_other.go:72.24,74.3 1 1
helixtrack.ru/core/internal/models/document_other.go:75.2,75.22 1 9
helixtrack.ru/core/internal/models/document_other.go:75.22,77.3 1 1
helixtrack.ru/core/internal/models/document_other.go:78.2,78.22 1 8
helixtrack.ru/core/internal/models/document_other.go:78.22,80.3 1 1
helixtrack.ru/core/internal/models/document_other.go:81.2,81.12 1 7
helixtrack.ru/core/internal/models/document_other.go:85.48,86.22 1 0
helixtrack.ru/core/internal/models/document_other.go:86.22,88.3 1 0
helixtrack.ru/core/internal/models/document_other.go:103.50,104.17 1 16
helixtrack.ru/core/internal/models/document_other.go:104.17,106.3 1 1
helixtrack.ru/core/internal/models/document_other.go:107.2,107.31 1 15
helixtrack.ru/core/internal/models/document_other.go:107.31,109.3 1 1
helixtrack.ru/core/internal/models/document_other.go:110.2,110.31 1 14
helixtrack.ru/core/internal/models/document_other.go:110.31,112.3 1 1
helixtrack.ru/core/internal/models/document_other.go:113.2,113.48 1 13
helixtrack.ru/core/internal/models/document_other.go:113.48,115.3 1 1
helixtrack.ru/core/internal/models/document_other.go:116.2,116.31 1 12
helixtrack.ru/core/internal/models/document_other.go:116.31,118.3 1 1
helixtrack.ru/core/internal/models/document_other.go:119.2,119.21 1 11
helixtrack.ru/core/internal/models/document_other.go:119.21,121.3 1 1
helixtrack.ru/core/internal/models/document_other.go:122.2,122.21 1 10
helixtrack.ru/core/internal/models/document_other.go:122.21,124.3 1 1
helixtrack.ru/core/internal/models/document_other.go:125.2,125.12 1 9
helixtrack.ru/core/internal/models/document_other.go:129.49,130.21 1 0
helixtrack.ru/core/internal/models/document_other.go:130.21,132.3 1 0
helixtrack.ru/core/internal/models/document_space.go:23.43,24.17 1 14
helixtrack.ru/core/internal/models/document_space.go:24.17,26.3 1 1
helixtrack.ru/core/internal/models/document_space.go:27.2,27.18 1 13
helixtrack.ru/core/internal/models/document_space.go:27.18,29.3 1 1
helixtrack.ru/core/internal/models/document_space.go:30.2,30.19 1 12
helixtrack.ru/core/internal/models/document_space.go:30.19,32.3 1 1
helixtrack.ru/core/internal/models/document_space.go:33.2,33.22 1 11
helixtrack.ru/core/internal/models/document_space.go:33.22,35.3 1 1
helixtrack.ru/core/internal/models/document_space.go:36.2,36.21 1 10
helixtrack.ru/core/internal/models/document_space.go:36.21,38.3 1 1
helixtrack.ru/core/internal/models/document_space.go:39.2,39.22 1 9
helixtrack.ru/core/internal/models/document_space.go:39.22,41.3 1 1
helixtrack.ru/core/internal/models/document_space.go:42.2,42.12 1 8
helixtrack.ru/core/internal/models/document_space.go:46.42,48.21 2 2
helixtrack.ru/core/internal/models/document_space.go:48.21,50.3 1 1
helixtrack.ru/core/internal/models/document_space.go:51.2,51.19 1 2
helixtrack.ru/core/internal/models/document_space.go:68.42,69.17 1 10
helixtrack.ru/core/internal/models/document_space.go:69.17,71.3 1 1
helixtrack.ru/core/internal/models/document_space.go:72.2,72.18 1 9
helixtrack.ru/core/internal/models/document_space.go:72.18,74.3 1 1
helixtrack.ru/core/internal/models/document_space.go:75.2,75.19 1 8
helixtrack.ru/core/internal/models/document_space.go:75.19,77.3 1 1
helixtrack.ru/core/internal/models/document_space.go:78.2,78.21 1 7
helixtrack.ru/core/internal/models/document_space.go:78.21,80.3 1 1
helixtrack.ru/core/internal/models/document_space.go:81.2,81.22 1 6
helixtrack.ru/core/internal/models/document_space.go:81.22,83.3 1 1
helixtrack.ru/core/internal/models/document_space.go:84.2,84.12 1 5
helixtrack.ru/core/internal/models/document_space.go:88.41,90.21 2 2
helixtrack.ru/core/internal/models/document_space.go:90.21,92.3 1 1
helixtrack.ru/core/internal/models/document_space.go:93.2,93.19 1 2
helixtrack.ru/core/internal/models/document_template.go:26.46,27.17 1 9
helixtrack.ru/core/internal/models/document_template.go:27.17,29.3 1 1
helixtrack.ru/core/internal/models/document_template.go:30.2,30.19 1 8
helixtrack.ru/core/internal/models/document_template.go:30.19,32.3 1 1
helixtrack.ru/core/internal/models/document_template.go:33.2,33.21 1 7
helixtrack.ru/core/internal/models/document_template.go:33.21,35.3 1 1
helixtrack.ru/core/internal/models/document_template.go:36.2,36.30 1 6
helixtrack.ru/core/internal/models/document_template.go:36.30,38.3 1 1
helixtrack.ru/core/internal/models/document_template.go:39.2,39.24 1 5
helixtrack.ru/core/internal/models/document_template.go:39.24,41.3 1 1
helixtrack.ru/core/internal/models/document_template.go:42.2,42.21 1 4
helixtrack.ru/core/internal/models/document_template.go:42.21,44.3 1 1
helixtrack.ru/core/internal/models/document_template.go:45.2,45.22 1 3
helixtrack.ru/core/internal/models/document_template.go:45.22,47.3 1 1
helixtrack.ru/core/internal/models/document_template.go:48.2,48.12 1 2
helixtrack.ru/core/internal/models/document_template.go:52.45,54.21 2 2
helixtrack.ru/core/internal/models/document_template.go:54.21,56.3 1 1
helixtrack.ru/core/internal/models/document_template.go:57.2,57.19 1 2
helixtrack.ru/core/internal/models/document_template.go:61.49,63.2 1 17
helixtrack.ru/core/internal/models/document_template.go:81.47,82.17 1 8
helixtrack.ru/core/internal/models/document_template.go:82.17,84.3 1 1
helixtrack.ru/core/internal/models/document_template.go:85.2,85.19 1 7
helixtrack.ru/core/internal/models/document_template.go:85.19,87.3 1 1
helixtrack.ru/core/internal/models/document_template.go:88.2,88.25 1 6
helixtrack.ru/core/internal/models/document_template.go:88.25,90.3 1 1
helixtrack.ru/core/internal/models/document_template.go:91.2,91.24 1 5
helixtrack.ru/core/internal/models/document_template.go:91.24,93.3 1 1
helixtrack.ru/core/internal/models/document_template.go:94.2,94.21 1 4
helixtrack.ru/core/internal/models/document_template.go:94.21,96.3 1 1
helixtrack.ru/core/internal/models/document_template.go:97.2,97.22 1 3
helixtrack.ru/core/internal/models/document_template.go:97.22,99.3 1 1
helixtrack.ru/core/internal/models/document_template.go:100.2,100.12 1 2
helixtrack.ru/core/internal/models/document_template.go:104.46,106.21 2 2
helixtrack.ru/core/internal/models/document_template.go:106.21,108.3 1 1
helixtrack.ru/core/internal/models/document_template.go:109.2,109.19 1 2
helixtrack.ru/core/internal/models/document_version.go:23.45,24.17 1 8
helixtrack.ru/core/internal/models/document_version.go:24.17,26.3 1 1
helixtrack.ru/core/internal/models/document_version.go:27.2,27.25 1 7
helixtrack.ru/core/internal/models/document_version.go:27.25,29.3 1 1
helixtrack.ru/core/internal/models/document_version.go:30.2,30.26 1 6
helixtrack.ru/core/internal/models/document_version.go:30.26,32.3 1 1
helixtrack.ru/core/internal/models/document_version.go:33.2,33.21 1 5
helixtrack.ru/core/internal/models/document_version.go:33.21,35.3 1 1
helixtrack.ru/core/internal/models/document_version.go:36.2,36.21 1 4
helixtrack.ru/core/internal/models/document_version.go:36.21,38.3 1 1
helixtrack.ru/core/internal/models/document_version.go:39.2,39.12 1 3
helixtrack.ru/core/internal/models/document_version.go:43.44,44.21 1 2
helixtrack.ru/core/internal/models/document_version.go:44.21,46.3 1 1
helixtrack.ru/core/internal/models/document_version.go:60.51,61.18 1 7
helixtrack.ru/core/internal/models/document_version.go:61.18,63.3 1 1
helixtrack.ru/core/internal/models/document_version.go:64.2,64.25 1 6
helixtrack.ru/core/internal/models/document_version.go:64.25,66.3 1 1
helixtrack.ru/core/internal/models/document_version.go:67.2,67.21 1 5
helixtrack.ru/core/internal/models/document_version.go:67.21,69.3 1 1
helixtrack.ru/core/internal/models/document_version.go:70.2,70.22 1 4
helixtrack.ru/core/internal/models/document_version.go:70.22,72.3 1 1
helixtrack.ru/core/internal/models/document_version.go:73.2,73.22 1 3
helixtrack.ru/core/internal/models/document_version.go:73.22,75.3 1 1
helixtrack.ru/core/internal/models/document_version.go:76.2,76.12 1 2
helixtrack.ru/core/internal/models/document_version.go:80.50,81.22 1 0
helixtrack.ru/core/internal/models/document_version.go:81.22,83.3 1 0
helixtrack.ru/core/internal/models/document_version.go:96.49,97.18 1 6
helixtrack.ru/core/internal/models/document_version.go:97.18,99.3 1 1
helixtrack.ru/core/internal/models/document_version.go:100.2,100.25 1 5
helixtrack.ru/core/internal/models/document_version.go:100.25,102.3 1 1
helixtrack.ru/core/internal/models/document_version.go:103.2,103.19 1 4
helixtrack.ru/core/internal/models/document_version.go:103.19,105.3 1 1
helixtrack.ru/core/internal/models/document_version.go:106.2,106.22 1 3
helixtrack.ru/core/internal/models/document_version.go:106.22,108.3 1 1
helixtrack.ru/core/internal/models/document_version.go:109.2,109.22 1 2
helixtrack.ru/core/internal/models/document_version.go:109.22,111.3 1 1
helixtrack.ru/core/internal/models/document_version.go:112.2,112.12 1 1
helixtrack.ru/core/internal/models/document_version.go:116.48,117.22 1 0
helixtrack.ru/core/internal/models/document_version.go:117.22,119.3 1 0
helixtrack.ru/core/internal/models/document_version.go:134.53,135.18 1 7
helixtrack.ru/core/internal/models/document_version.go:135.18,137.3 1 1
helixtrack.ru/core/internal/models/document_version.go:138.2,138.25 1 6
helixtrack.ru/core/internal/models/document_version.go:138.25,140.3 1 1
helixtrack.ru/core/internal/models/document_version.go:141.2,141.22 1 5
helixtrack.ru/core/internal/models/document_version.go:141.22,143.3 1 1
helixtrack.ru/core/internal/models/document_version.go:144.2,144.23 1 4
helixtrack.ru/core/internal/models/document_version.go:144.23,146.3 1 1
helixtrack.ru/core/internal/models/document_version.go:147.2,147.22 1 3
helixtrack.ru/core/internal/models/document_version.go:147.22,149.3 1 1
helixtrack.ru/core/internal/models/document_version.go:150.2,150.23 1 2
helixtrack.ru/core/internal/models/document_version.go:150.23,152.3 1 1
helixtrack.ru/core/internal/models/document_version.go:153.2,153.12 1 1
helixtrack.ru/core/internal/models/document_version.go:157.52,159.22 2 2
helixtrack.ru/core/internal/models/document_version.go:159.22,161.3 1 1
helixtrack.ru/core/internal/models/document_version.go:162.2,162.20 1 2
helixtrack.ru/core/internal/models/document_version.go:176.53,177.18 1 7
helixtrack.ru/core/internal/models/document_version.go:177.18,179.3 1 1
helixtrack.ru/core/internal/models/document_version.go:180.2,180.25 1 6
helixtrack.ru/core/internal/models/document_version.go:180.25,182.3 1 1
helixtrack.ru/core/internal/models/document_version.go:183.2,183.31 1 5
helixtrack.ru/core/internal/models/document_version.go:183.31,185.3 1 1
helixtrack.ru/core/internal/models/document_version.go:186.2,186.32 1 4
helixtrack.ru/core/internal/models/document_version.go:186.32,188.3 1 1
helixtrack.ru/core/internal/models/document_version.go:189.2,189.22 1 3
helixtrack.ru/core/internal/models/document_version.go:189.22,191.3 1 1
helixtrack.ru/core/internal/models/document_version.go:192.2,192.12 1 2
helixtrack.ru/core/internal/models/document_version.go:196.52,197.22 1 0
helixtrack.ru/core/internal/models/document_version.go:197.22,199.3 1 0
helixtrack.ru/core/internal/models/document_version.go:214.50,215.18 1 15
helixtrack.ru/core/internal/models/document_version.go:215.18,217.3 1 1
helixtrack.ru/core/internal/models/document_version.go:218.2,218.26 1 14
helixtrack.ru/core/internal/models/document_version.go:218.26,220.3 1 1
helixtrack.ru/core/internal/models/document_version.go:221.2,221.25 1 13
helixtrack.ru/core/internal/models/document_version.go:221.25,223.3 1 1
helixtrack.ru/core/internal/models/document_version.go:224.2,224.23 1 12
helixtrack.ru/core/internal/models/document_version.go:224.23,226.3 1 1
helixtrack.ru/core/internal/models/document_version.go:227.2,227.38 1 11
helixtrack.ru/core/internal/models/document_version.go:227.38,229.3 1 1
helixtrack.ru/core/internal/models/document_version.go:230.2,230.24 1 10
helixtrack.ru/core/internal/models/document_version.go:230.24,232.3 1 1
helixtrack.ru/core/internal/models/document_version.go:233.2,236.31 2 9
helixtrack.ru/core/internal/models/document_version.go:236.31,238.3 1 1
helixtrack.ru/core/internal/models/document_version.go:239.2,239.27 1 8
helixtrack.ru/core/internal/models/document_version.go:239.27,241.3 1 1
helixtrack.ru/core/internal/models/document_version.go:242.2,242.22 1 7
helixtrack.ru/core/internal/models/document_version.go:242.22,244.3 1 1
helixtrack.ru/core/internal/models/document_version.go:245.2,245.12 1 6
helixtrack.ru/core/internal/models/document_version.go:249.49,250.22 1 0
helixtrack.ru/core/internal/models/document_version.go:250.22,252.3 1 0
helixtrack.ru/core/internal/models/epic.go:32.36,34.2 1 0
helixtrack.ru/core/internal/models/epic.go:37.34,38.46 1 0
helixtrack.ru/core/internal/models/epic.go:38.46,40.3 1 0
helixtrack.ru/core/internal/models/epic.go:41.2,41.23 1 0
helixtrack.ru/core/internal/models/epic.go:45.33,46.23 1 0
helixtrack.ru/core/internal/models/epic.go:46.23,48.3 1 0
helixtrack.ru/core/internal/models/epic.go:49.2,49.11 1 0
helixtrack.ru/core/internal/models/epic.go:53.31,55.2 1 0
helixtrack.ru/core/internal/models/errors.go:69.39,70.40 1 49
helixtrack.ru/core/internal/models/errors.go:70.40,72.3 1 48
helixtrack.ru/core/internal/models/errors.go:73.2,73.24 1 1
helixtrack.ru/core/internal/models/event.go:152.115,164.2 1 8
helixtrack.ru/core/internal/models/event.go:167.58,170.2 2 5
helixtrack.ru/core/internal/models/event.go:173.61,175.29 1 15
helixtrack.ru/core/internal/models/event.go:175.29,177.37 2 3
helixtrack.ru/core/internal/models/event.go:177.37,178.20 1 4
helixtrack.ru/core/internal/models/event.go:178.20,180.10 2 2
helixtrack.ru/core/internal/models/event.go:183.3,183.15 1 3
helixtrack.ru/core/internal/models/event.go:183.15,185.4 1 1
helixtrack.ru/core/internal/models/event.go:189.2,189.30 1 14
helixtrack.ru/core/internal/models/event.go:189.30,191.38 2 3
helixtrack.ru/core/internal/models/event.go:191.38,192.22 1 4
helixtrack.ru/core/internal/models/event.go:192.22,194.10 2 2
helixtrack.ru/core/internal/models/event.go:197.3,197.15 1 3
helixtrack.ru/core/internal/models/event.go:197.15,199.4 1 1
helixtrack.ru/core/internal/models/event.go:203.2,203.28 1 13
helixtrack.ru/core/internal/models/event.go:203.28,205.37 2 3
helixtrack.ru/core/internal/models/event.go:205.37,206.25 1 4
helixtrack.ru/core/internal/models/event.go:206.25,208.10 2 2
helixtrack.ru/core/internal/models/event.go:211.3,211.15 1 3
helixtrack.ru/core/internal/models/event.go:211.15,213.4 1 1
helixtrack.ru/core/internal/models/event.go:217.2,217.46 1 12
helixtrack.ru/core/internal/models/event.go:217.46,219.3 1 1
helixtrack.ru/core/internal/models/event.go:222.2,222.26 1 11
helixtrack.ru/core/internal/models/event.go:222.26,223.39 1 6
helixtrack.ru/core/internal/models/event.go:223.39,224.15 1 6
helixtrack.ru/core/internal/models/event.go:225.21,226.37 1 3
helixtrack.ru/core/internal/models/event.go:226.37,228.6 1 1
helixtrack.ru/core/internal/models/event.go:229.26,230.42 1 1
helixtrack.ru/core/internal/models/event.go:230.42,232.6 1 0
helixtrack.ru/core/internal/models/event.go:233.18,234.34 1 1
helixtrack.ru/core/internal/models/event.go:234.34,236.6 1 0
helixtrack.ru/core/internal/models/event.go:237.21,238.37 1 1
helixtrack.ru/core/internal/models/event.go:238.37,240.6 1 0
helixtrack.ru/core/internal/models/event.go:245.2,245.13 1 10
helixtrack.ru/core/internal/models/event.go:249.31,253.2 1 8
helixtrack.ru/core/internal/models/event.go:256.44,265.2 1 23
helixtrack.ru/core/internal/models/event.go:268.62,269.16 1 23
helixtrack.ru/core/internal/models/event.go:270.20,271.36 1 16
helixtrack.ru/core/internal/models/event.go:272.20,273.36 1 3
helixtrack.ru/core/internal/models/event.go:274.20,275.36 1 2
helixtrack.ru/core/internal/models/event.go:276.18,277.34 1 1
helixtrack.ru/core/internal/models/event.go:278.10,279.28 1 1
helixtrack.ru/core/internal/models/event.go:283.50,284.16 1 16
helixtrack.ru/core/internal/models/event.go:285.16,286.28 1 1
helixtrack.ru/core/internal/models/event.go:287.17,288.29 1 1
helixtrack.ru/core/internal/models/event.go:289.17,290.29 1 1
helixtrack.ru/core/internal/models/event.go:291.18,292.30 1 1
helixtrack.ru/core/internal/models/event.go:293.20,294.32 1 1
helixtrack.ru/core/internal/models/event.go:295.17,296.29 1 1
helixtrack.ru/core/internal/models/event.go:297.16,298.26 1 1
helixtrack.ru/core/internal/models/event.go:299.21,300.33 1 1
helixtrack.ru/core/internal/models/event.go:301.15,302.27 1 1
helixtrack.ru/core/internal/models/event.go:303.15,304.27 1 1
helixtrack.ru/core/internal/models/event.go:305.18,306.30 1 1
helixtrack.ru/core/internal/models/event.go:307.17,308.29 1 1
helixtrack.ru/core/internal/models/event.go:309.22,310.34 1 1
helixtrack.ru/core/internal/models/event.go:311.14,312.26 1 1
helixtrack.ru/core/internal/models/event.go:313.14,314.26 1 1
helixtrack.ru/core/internal/models/event.go:315.10,316.28 1 1
helixtrack.ru/core/internal/models/event.go:320.50,321.16 1 3
helixtrack.ru/core/internal/models/event.go:322.16,323.28 1 1
helixtrack.ru/core/internal/models/event.go:324.17,325.29 1 1
helixtrack.ru/core/internal/models/event.go:326.17,327.29 1 0
helixtrack.ru/core/internal/models/event.go:328.18,329.30 1 1
helixtrack.ru/core/internal/models/event.go:330.20,331.32 1 0
helixtrack.ru/core/internal/models/event.go:332.17,333.29 1 0
helixtrack.ru/core/internal/models/event.go:334.16,335.28 1 0
helixtrack.ru/core/internal/models/event.go:336.21,337.33 1 0
helixtrack.ru/core/internal/models/event.go:338.15,339.27 1 0
helixtrack.ru/core/internal/models/event.go:340.15,341.27 1 0
helixtrack.ru/core/internal/models/event.go:342.18,343.30 1 0
helixtrack.ru/core/internal/models/event.go:344.17,345.29 1 0
helixtrack.ru/core/internal/models/event.go:346.22,347.34 1 0
helixtrack.ru/core/internal/models/event.go:348.14,349.26 1 0
helixtrack.ru/core/internal/models/event.go:350.14,351.26 1 0
helixtrack.ru/core/internal/models/event.go:352.10,353.28 1 0
helixtrack.ru/core/internal/models/event.go:357.50,358.16 1 2
helixtrack.ru/core/internal/models/event.go:359.16,360.28 1 1
helixtrack.ru/core/internal/models/event.go:361.17,362.29 1 1
helixtrack.ru/core/internal/models/event.go:363.17,364.29 1 0
helixtrack.ru/core/internal/models/event.go:365.18,366.30 1 0
helixtrack.ru/core/internal/models/event.go:367.20,368.32 1 0
helixtrack.ru/core/internal/models/event.go:369.17,370.29 1 0
helixtrack.ru/core/internal/models/event.go:371.16,372.28 1 0
helixtrack.ru/core/internal/models/event.go:373.21,374.33 1 0
helixtrack.ru/core/internal/models/event.go:375.15,376.27 1 0
helixtrack.ru/core/internal/models/event.go:377.15,378.27 1 0
helixtrack.ru/core/internal/models/event.go:379.18,380.30 1 0
helixtrack.ru/core/internal/models/event.go:381.17,382.29 1 0
helixtrack.ru/core/internal/models/event.go:383.22,384.34 1 0
helixtrack.ru/core/internal/models/event.go:385.14,386.26 1 0
helixtrack.ru/core/internal/models/event.go:387.14,388.26 1 0
helixtrack.ru/core/internal/models/event.go:389.10,390.28 1 0
helixtrack.ru/core/internal/models/event.go:394.48,395.16 1 1
helixtrack.ru/core/internal/models/event.go:396.16,397.25 1 1
helixtrack.ru/core/internal/models/event.go:398.17,399.26 1 0
helixtrack.ru/core/internal/models/event.go:400.17,401.26 1 0
helixtrack.ru/core/internal/models/event.go:402.18,403.27 1 0
helixtrack.ru/core/internal/models/event.go:404.20,405.29 1 0
helixtrack.ru/core/internal/models/event.go:406.17,407.26 1 0
helixtrack.ru/core/internal/models/event.go:408.21,409.30 1 0
helixtrack.ru/core/internal/models/event.go:410.10,411.25 1 0
helixtrack.ru/core/internal/models/extension.go:27.36,29.2 1 0
helixtrack.ru/core/internal/models/extension.go:32.38,34.2 1 0
helixtrack.ru/core/internal/models/filter.go:39.55,40.21 1 4
helixtrack.ru/core/internal/models/filter.go:40.21,42.3 1 1
helixtrack.ru/core/internal/models/filter.go:43.2,43.21 1 3
helixtrack.ru/core/internal/models/filter.go:43.21,45.3 1 1
helixtrack.ru/core/internal/models/filter.go:46.2,46.24 1 2
helixtrack.ru/core/internal/models/filter.go:46.24,48.3 1 1
helixtrack.ru/core/internal/models/filter.go:49.2,49.24 1 1
helixtrack.ru/core/internal/models/filter.go:53.99,54.16 1 9
helixtrack.ru/core/internal/models/filter.go:54.16,56.3 1 1
helixtrack.ru/core/internal/models/filter.go:58.2,58.31 1 8
helixtrack.ru/core/internal/models/filter.go:58.31,59.20 1 18
helixtrack.ru/core/internal/models/filter.go:59.20,60.12 1 2
helixtrack.ru/core/internal/models/filter.go:62.3,62.53 1 16
helixtrack.ru/core/internal/models/filter.go:62.53,64.4 1 2
helixtrack.ru/core/internal/models/filter.go:65.3,65.53 1 14
helixtrack.ru/core/internal/models/filter.go:65.53,67.4 1 2
helixtrack.ru/core/internal/models/filter.go:68.3,68.62 1 12
helixtrack.ru/core/internal/models/filter.go:68.62,70.4 1 1
helixtrack.ru/core/internal/models/filter.go:73.2,73.14 1 3
helixtrack.ru/core/internal/models/history.go:123.47,126.2 1 0
helixtrack.ru/core/internal/models/history.go:129.154,137.2 1 0
helixtrack.ru/core/internal/models/history.go:140.91,141.16 1 0
helixtrack.ru/core/internal/models/history.go:142.20,143.26 1 0
helixtrack.ru/core/internal/models/history.go:144.20,145.26 1 0
helixtrack.ru/core/internal/models/history.go:146.20,148.36 2 0
helixtrack.ru/core/internal/models/history.go:148.36,149.46 1 0
helixtrack.ru/core/internal/models/history.go:149.46,150.25 1 0
helixtrack.ru/core/internal/models/history.go:150.25,152.6 1 0
helixtrack.ru/core/internal/models/history.go:153.10,155.5 1 0
helixtrack.ru/core/internal/models/history.go:157.3,157.28 1 0
helixtrack.ru/core/internal/models/history.go:157.28,158.42 1 0
helixtrack.ru/core/internal/models/history.go:158.42,160.5 1 0
helixtrack.ru/core/internal/models/history.go:162.3,162.24 1 0
helixtrack.ru/core/internal/models/history.go:162.24,164.4 1 0
helixtrack.ru/core/internal/models/history.go:165.3,165.72 1 0
helixtrack.ru/core/internal/models/history.go:166.10,167.26 1 0
helixtrack.ru/core/internal/models/jwt.go:61.71,63.2 1 25
helixtrack.ru/core/internal/models/jwt.go:66.42,67.11 1 7
helixtrack.ru/core/internal/models/jwt.go:68.22,69.16 1 2
helixtrack.ru/core/internal/models/jwt.go:70.22,71.16 1 1
helixtrack.ru/core/internal/models/jwt.go:72.24,73.18 1 1
helixtrack.ru/core/internal/models/jwt.go:74.24,75.18 1 1
helixtrack.ru/core/internal/models/jwt.go:76.24,77.18 1 1
helixtrack.ru/core/internal/models/jwt.go:78.10,79.19 1 1
helixtrack.ru/core/internal/models/jwt.go:84.57,85.32 1 12
helixtrack.ru/core/internal/models/jwt.go:86.14,87.24 1 4
helixtrack.ru/core/internal/models/jwt.go:88.16,89.26 1 1
helixtrack.ru/core/internal/models/jwt.go:90.16,91.26 1 2
helixtrack.ru/core/internal/models/jwt.go:92.23,93.26 1 3
helixtrack.ru/core/internal/models/jwt.go:94.10,95.24 1 2
helixtrack.ru/core/internal/models/jwt.go:100.50,102.2 1 4
helixtrack.ru/core/internal/models/jwt.go:105.45,107.2 1 18
helixtrack.ru/core/internal/models/jwt.go:110.49,114.41 3 7
helixtrack.ru/core/internal/models/jwt.go:114.41,116.3 1 3
helixtrack.ru/core/internal/models/jwt.go:118.2,118.35 1 4
helixtrack.ru/core/internal/models/jwt.go:118.35,119.28 1 5
helixtrack.ru/core/internal/models/jwt.go:119.28,121.4 1 1
helixtrack.ru/core/internal/models/jwt.go:124.2,124.13 1 3
helixtrack.ru/core/internal/models/jwt.go:128.64,132.45 2 15
helixtrack.ru/core/internal/models/jwt.go:132.45,134.3 1 3
helixtrack.ru/core/internal/models/jwt.go:135.2,135.129 1 12
helixtrack.ru/core/internal/models/jwt.go:135.129,137.3 1 4
helixtrack.ru/core/internal/models/jwt.go:138.2,138.88 1 8
helixtrack.ru/core/internal/models/jwt.go:138.88,140.3 1 3
helixtrack.ru/core/internal/models/jwt.go:142.2,142.23 1 5
helixtrack.ru/core/internal/models/jwt.go:146.54,147.14 1 4
helixtrack.ru/core/internal/models/jwt.go:147.14,149.3 1 0
helixtrack.ru/core/internal/models/jwt.go:152.2,155.53 3 4
helixtrack.ru/core/internal/models/label.go:75.41,76.19 1 0
helixtrack.ru/core/internal/models/label.go:76.19,78.3 1 0
helixtrack.ru/core/internal/models/label.go:79.2,79.24 1 0
helixtrack.ru/core/internal/models/label.go:83.32,85.2 1 0
helixtrack.ru/core/internal/models/label.go:88.50,89.20 1 0
helixtrack.ru/core/internal/models/label.go:89.20,91.3 1 0
helixtrack.ru/core/internal/models/label.go:92.2,92.27 1 0
helixtrack.ru/core/internal/models/label.go:96.41,98.2 1 0
helixtrack.ru/core/internal/models/mention.go:21.34,23.2 1 0
helixtrack.ru/core/internal/models/mention.go:26.46,28.2 1 0
helixtrack.ru/core/internal/models/mention.go:31.60,32.41 1 0
helixtrack.ru/core/internal/models/mention.go:32.41,33.19 1 0
helixtrack.ru/core/internal/models/mention.go:33.19,35.4 1 0
helixtrack.ru/core/internal/models/mention.go:37.2,37.14 1 0
helixtrack.ru/core/internal/models/notification.go:61.47,63.2 1 0
helixtrack.ru/core/internal/models/notification.go:66.56,68.2 1 0
helixtrack.ru/core/internal/models/notification.go:71.54,86.2 2 0
helixtrack.ru/core/internal/models/notification.go:89.57,99.2 2 0
helixtrack.ru/core/internal/models/notification.go:102.56,106.2 1 0
helixtrack.ru/core/internal/models/notification.go:109.57,113.2 1 0
helixtrack.ru/core/internal/models/permission.go:45.58,48.2 1 0
helixtrack.ru/core/internal/models/permission.go:51.58,53.36 2 0
helixtrack.ru/core/internal/models/permission.go:53.36,54.24 1 0
helixtrack.ru/core/internal/models/permission.go:54.24,56.4 1 0
helixtrack.ru/core/internal/models/permission.go:58.2,58.14 1 0
helixtrack.ru/core/internal/models/priority.go:35.40,37.2 1 14
helixtrack.ru/core/internal/models/priority.go:40.44,41.19 1 8
helixtrack.ru/core/internal/models/priority.go:41.19,43.3 1 7
helixtrack.ru/core/internal/models/priority.go:44.2,44.27 1 1
helixtrack.ru/core/internal/models/project.go:19.81,32.2 2 0
helixtrack.ru/core/internal/models/project_category.go:26.43,28.2 1 0
helixtrack.ru/core/internal/models/project_category.go:31.52,32.20 1 0
helixtrack.ru/core/internal/models/project_category.go:32.20,34.3 1 0
helixtrack.ru/core/internal/models/project_category.go:35.2,35.24 1 0
helixtrack.ru/core/internal/models/project_role.go:25.40,27.2 1 0
helixtrack.ru/core/internal/models/project_role.go:30.49,32.2 1 0
[...]
helixtrack.ru/core/internal/services/health_checker.go:51.15,54.3 2 1
helixtrack.ru/core/internal/services/health_checker.go:55.2,63.12 6 1
helixtrack.ru/core/internal/services/health_checker.go:67.32,69.16 2 2
helixtrack.ru/core/internal/services/health_checker.go:69.16,72.3 2 1
helixtrack.ru/core/internal/services/health_checker.go:73.2,79.47 5 1
helixtrack.ru/core/internal/services/health_checker.go:83.42,87.2 3 3
helixtrack.ru/core/internal/services/health_checker.go:90.37,99.6 5 1
helixtrack.ru/core/internal/services/health_checker.go:99.6,100.10 1 1
helixtrack.ru/core/internal/services/health_checker.go:101.19,102.24 1 0
helixtrack.ru/core/internal/services/health_checker.go:103.21,104.10 1 1
helixtrack.ru/core/internal/services/health_checker.go:110.44,121.16 4 1
helixtrack.ru/core/internal/services/health_checker.go:121.16,124.3 2 1
helixtrack.ru/core/internal/services/health_checker.go:125.2,137.18 3 0
helixtrack.ru/core/internal/services/health_checker.go:137.18,150.17 3 0
helixtrack.ru/core/internal/services/health_checker.go:150.17,152.12 2 0
helixtrack.ru/core/internal/services/health_checker.go:155.3,155.35 1 0
helixtrack.ru/core/internal/services/health_checker.go:159.2,160.31 2 0
helixtrack.ru/core/internal/services/health_checker.go:160.31,170.6 2 0
helixtrack.ru/core/internal/services/health_checker.go:170.6,173.4 2 0
helixtrack.ru/core/internal/services/health_checker.go:176.2,176.11 1 0
helixtrack.ru/core/internal/services/health_checker.go:180.106,196.16 7 0
helixtrack.ru/core/internal/services/health_checker.go:196.16,199.3 2 0
helixtrack.ru/core/internal/services/health_checker.go:201.2,204.16 3 0
helixtrack.ru/core/internal/services/health_checker.go:204.16,207.3 2 0
helixtrack.ru/core/internal/services/health_checker.go:208.2,214.13 4 0
helixtrack.ru/core/internal/services/health_checker.go:214.13,216.3 1 0
helixtrack.ru/core/internal/services/health_checker.go:216.8,218.3 1 0
helixtrack.ru/core/internal/services/health_checker.go:220.2,221.14 2 0
helixtrack.ru/core/internal/services/health_checker.go:221.14,223.3 1 0
helixtrack.ru/core/internal/services/health_checker.go:225.2,225.96 1 0
helixtrack.ru/core/internal/services/health_checker.go:236.3,242.13 4 0
helixtrack.ru/core/internal/services/health_checker.go:242.13,244.3 1 0
helixtrack.ru/core/internal/services/health_checker.go:244.8,245.41 1 0
helixtrack.ru/core/internal/services/health_checker.go:245.41,247.4 1 0
helixtrack.ru/core/internal/services/health_checker.go:247.9,251.18 3 0
helixtrack.ru/core/internal/services/health_checker.go:251.18,253.5 1 0
helixtrack.ru/core/internal/services/health_checker.go:253.10,255.5 1 0
helixtrack.ru/core/internal/services/health_checker.go:260.2,270.16 3 0
helixtrack.ru/core/internal/services/health_checker.go:270.16,276.3 2 0
helixtrack.ru/core/internal/services/health_checker.go:279.2,279.93 1 0
helixtrack.ru/core/internal/services/health_checker.go:279.93,285.3 1 0
helixtrack.ru/core/internal/services/health_checker.go:288.2,305.16 4 0
helixtrack.ru/core/internal/services/health_checker.go:305.16,311.3 2 0
helixtrack.ru/core/internal/services/health_checker.go:314.2,314.13 1 0
helixtrack.ru/core/internal/services/health_checker.go:314.13,320.3 1 0
helixtrack.ru/core/internal/services/health_checker.go:320.8,327.3 1 0
helixtrack.ru/core/internal/services/health_checker.go:331.65,345.16 6 0
helixtrack.ru/core/internal/services/health_checker.go:345.16,347.3 1 0
helixtrack.ru/core/internal/services/health_checker.go:350.2,352.12 2 0
helixtrack.ru/core/internal/services/health_checker.go:356.115,368.16 4 1
helixtrack.ru/core/internal/services/health_checker.go:368.16,370.3 1 1
helixtrack.ru/core/internal/services/health_checker.go:371.2,375.18 3 0
helixtrack.ru/core/internal/services/health_checker.go:375.18,390.17 4 0
helixtrack.ru/core/internal/services/health_checker.go:390.17,392.4 1 0
helixtrack.ru/core/internal/services/health_checker.go:394.3,395.33 2 0
helixtrack.ru/core/internal/services/health_checker.go:398.2,398.20 1 0
helixtrack.ru/core/internal/services/jwt_service.go:19.75,20.21 1 0
helixtrack.ru/core/internal/services/jwt_service.go:20.21,22.3 1 0
helixtrack.ru/core/internal/services/jwt_service.go:23.2,23.18 1 0
helixtrack.ru/core/internal/services/jwt_service.go:23.18,25.3 1 0
helixtrack.ru/core/internal/services/jwt_service.go:26.2,26.22 1 0
helixtrack.ru/core/internal/services/jwt_service.go:26.22,28.3 1 0
helixtrack.ru/core/internal/services/jwt_service.go:30.2,34.3 1 0
helixtrack.ru/core/internal/services/jwt_service.go:38.88,58.16 6 0
helixtrack.ru/core/internal/services/jwt_service.go:58.16,60.3 1 0
helixtrack.ru/core/internal/services/jwt_service.go:62.2,62.25 1 0
helixtrack.ru/core/internal/services/jwt_service.go:66.83,67.114 1 0
helixtrack.ru/core/internal/services/jwt_service.go:67.114,69.58 1 0
helixtrack.ru/core/internal/services/jwt_service.go:69.58,71.4 1 0
helixtrack.ru/core/internal/services/jwt_service.go:72.3,72.34 1 0
helixtrack.ru/core/internal/services/jwt_service.go:75.2,75.16 1 0
helixtrack.ru/core/internal/services/jwt_service.go:75.16,77.3 1 0
helixtrack.ru/core/internal/services/jwt_service.go:79.2,79.71 1 0
helixtrack.ru/core/internal/services/jwt_service.go:79.71,81.3 1 0
helixtrack.ru/core/internal/services/jwt_service.go:83.2,83.48 1 0
helixtrack.ru/core/internal/services/network_discovery.go:35.81,49.2 1 5
helixtrack.ru/core/internal/services/network_discovery.go:52.49,56.15 3 2
helixtrack.ru/core/internal/services/network_discovery.go:56.15,58.3 1 0
helixtrack.ru/core/internal/services/network_discovery.go:60.2,66.16 3 2
helixtrack.ru/core/internal/services/network_discovery.go:66.16,68.3 1 0
helixtrack.ru/core/internal/services/network_discovery.go:70.2,78.12 5 2
helixtrack.ru/core/internal/services/network_discovery.go:82.48,86.16 3 2
helixtrack.ru/core/internal/services/network_discovery.go:86.16,88.3 1 0
helixtrack.ru/core/internal/services/network_discovery.go:90.2,94.19 3 2
helixtrack.ru/core/internal/services/network_discovery.go:94.19,97.3 2 2
helixtrack.ru/core/internal/services/network_discovery.go:99.2,101.12 2 2
helixtrack.ru/core/internal/services/network_discovery.go:105.52,109.2 3 2
helixtrack.ru/core/internal/services/network_discovery.go:112.98,115.16 2 1
helixtrack.ru/core/internal/services/network_discovery.go:115.16,117.3 1 0
helixtrack.ru/core/internal/services/network_discovery.go:119.2,120.16 2 1
helixtrack.ru/core/internal/services/network_discovery.go:120.16,122.3 1 0
helixtrack.ru/core/internal/services/network_discovery.go:123.2,127.16 3 1
helixtrack.ru/core/internal/services/network_discovery.go:127.16,129.3 1 0
helixtrack.ru/core/internal/services/network_discovery.go:131.2,135.16 4 1
helixtrack.ru/core/internal/services/network_discovery.go:135.16,137.3 1 0
helixtrack.ru/core/internal/services/network_discovery.go:140.2,145.6 4 1
helixtrack.ru/core/internal/services/network_discovery.go:145.6,147.17 2 1
helixtrack.ru/core/internal/services/network_discovery.go:147.17,148.61 1 1
helixtrack.ru/core/internal/services/network_discovery.go:148.61,149.10 1 1
helixtrack.ru/core/internal/services/network_discovery.go:151.4,151.62 1 0
helixtrack.ru/core/internal/services/network_discovery.go:154.3,155.63 2 0
helixtrack.ru/core/internal/services/network_discovery.go:155.63,156.12 1 0
helixtrack.ru/core/internal/services/network_discovery.go:159.3,159.40 1 0
helixtrack.ru/core/internal/services/network_discovery.go:162.2,162.22 1 1
helixtrack.ru/core/internal/services/network_discovery.go:166.51,171.16 4 2
helixtrack.ru/core/internal/services/network_discovery.go:171.16,174.3 2 0
helixtrack.ru/core/internal/services/network_discovery.go:176.2,177.16 2 2
helixtrack.ru/core/internal/services/network_discovery.go:177.16,180.3 2 0
helixtrack.ru/core/internal/services/network_discovery.go:182.2,182.6 1 2
helixtrack.ru/core/internal/services/network_discovery.go:182.6,183.10 1 2
helixtrack.ru/core/internal/services/network_discovery.go:184.19,186.18 2 0
helixtrack.ru/core/internal/services/network_discovery.go:186.18,189.5 2 0
helixtrack.ru/core/internal/services/network_discovery.go:190.4,193.18 3 0
helixtrack.ru/core/internal/services/network_discovery.go:193.18,195.5 1 0
helixtrack.ru/core/internal/services/network_discovery.go:201.58,203.2 1 4
helixtrack.ru/core/internal/services/network_discovery.go:206.56,208.2 1 4
helixtrack.ru/core/internal/services/network_discovery.go:211.59,213.2 1 3
helixtrack.ru/core/internal/services/network_discovery.go:216.56,228.2 6 2
helixtrack.ru/core/internal/services/permission_service.go:35.88,43.2 1 17
helixtrack.ru/core/internal/services/permission_service.go:64.158,65.16 1 9
helixtrack.ru/core/internal/services/permission_service.go:65.16,68.3 1 2
helixtrack.ru/core/internal/services/permission_service.go:70.2,77.16 3 7
helixtrack.ru/core/internal/services/permission_service.go:77.16,79.3 1 0
helixtrack.ru/core/internal/services/permission_service.go:81.2,82.16 2 7
helixtrack.ru/core/internal/services/permission_service.go:82.16,84.3 1 0
helixtrack.ru/core/internal/services/permission_service.go:86.2,89.16 3 7
helixtrack.ru/core/internal/services/permission_service.go:89.16,91.3 1 0
helixtrack.ru/core/internal/services/permission_service.go:92.2,94.38 2 7
helixtrack.ru/core/internal/services/permission_service.go:94.38,97.3 2 3
helixtrack.ru/core/internal/services/permission_service.go:99.2,100.70 2 4
helixtrack.ru/core/internal/services/permission_service.go:100.70,102.3 1 0
helixtrack.ru/core/internal/services/permission_service.go:104.2,104.31 1 4
helixtrack.ru/core/internal/services/permission_service.go:108.119,109.16 1 5
helixtrack.ru/core/internal/services/permission_service.go:109.16,112.3 1 2
helixtrack.ru/core/internal/services/permission_service.go:114.2,115.16 2 3
helixtrack.ru/core/internal/services/permission_service.go:115.16,117.3 1 0
helixtrack.ru/core/internal/services/permission_service.go:119.2,120.16 2 3
helixtrack.ru/core/internal/services/permission_service.go:120.16,122.3 1 0
helixtrack.ru/core/internal/services/permission_service.go:123.2,125.38 2 3
helixtrack.ru/core/internal/services/permission_service.go:125.38,128.3 2 1
helixtrack.ru/core/internal/services/permission_service.go:130.2,131.69 2 2
helixtrack.ru/core/internal/services/permission_service.go:131.69,133.3 1 0
helixtrack.ru/core/internal/services/permission_service.go:135.2,135.34 1 2
helixtrack.ru/core/internal/services/permission_service.go:139.50,141.2 1 5
helixtrack.ru/core/internal/services/permission_service.go:151.64,156.2 1 14
helixtrack.ru/core/internal/services/permission_service.go:159.99,160.36 1 12
helixtrack.ru/core/internal/services/permission_service.go:160.36,162.3 1 7
helixtrack.ru/core/internal/services/permission_service.go:163.2,163.71 1 12
helixtrack.ru/core/internal/services/permission_service.go:167.159,168.16 1 15
helixtrack.ru/core/internal/services/permission_service.go:168.16,171.3 1 1
helixtrack.ru/core/internal/services/permission_service.go:173.2,174.13 2 14
helixtrack.ru/core/internal/services/permission_service.go:174.13,176.3 1 1
helixtrack.ru/core/internal/services/permission_service.go:179.2,179.33 1 13
helixtrack.ru/core/internal/services/permission_service.go:179.33,180.19 1 18
helixtrack.ru/core/internal/services/permission_service.go:180.19,181.12 1 1
helixtrack.ru/core/internal/services/permission_service.go:185.3,185.99 1 17
helixtrack.ru/core/internal/services/permission_service.go:185.99,187.47 1 12
helixtrack.ru/core/internal/services/permission_service.go:187.47,189.5 1 8
helixtrack.ru/core/internal/services/permission_service.go:193.2,193.19 1 5
helixtrack.ru/core/internal/services/permission_service.go:197.120,198.16 1 4
helixtrack.ru/core/internal/services/permission_service.go:198.16,200.3 1 1
helixtrack.ru/core/internal/services/permission_service.go:202.2,203.13 2 3
helixtrack.ru/core/internal/services/permission_service.go:203.13,205.3 1 1
helixtrack.ru/core/internal/services/permission_service.go:208.2,209.33 2 2
helixtrack.ru/core/internal/services/permission_service.go:209.33,210.20 1 5
helixtrack.ru/core/internal/services/permission_service.go:210.20,212.4 1 4
helixtrack.ru/core/internal/services/permission_service.go:215.2,215.25 1 2
helixtrack.ru/core/internal/services/permission_service.go:219.51,221.2 1 3
helixtrack.ru/core/internal/services/permission_service.go:230.158,231.34 1 3
helixtrack.ru/core/internal/services/permission_service.go:231.34,233.3 1 2
helixtrack.ru/core/internal/services/permission_service.go:234.2,234.18 1 1
helixtrack.ru/core/internal/services/permission_service.go:237.119,238.37 1 3
helixtrack.ru/core/internal/services/permission_service.go:238.37,240.3 1 2
helixtrack.ru/core/internal/services/permission_service.go:241.2,241.35 1 1
helixtrack.ru/core/internal/services/permission_service.go:244.50,245.28 1 2
helixtrack.ru/core/internal/services/permission_service.go:245.28,247.3 1 1
helixtrack.ru/core/internal/services/permission_service.go:248.2,248.14 1 1
helixtrack.ru/core/internal/server/server.go:41.53,44.16 2 14
helixtrack.ru/core/internal/server/server.go:44.16,46.3 1 0
helixtrack.ru/core/internal/server/server.go:49.2,72.16 7 14
helixtrack.ru/core/internal/server/server.go:72.16,74.3 1 0
helixtrack.ru/core/internal/server/server.go:77.2,80.21 4 14
helixtrack.ru/core/internal/server/server.go:80.21,83.3 2 14
helixtrack.ru/core/internal/server/server.go:84.2,91.30 5 14
helixtrack.ru/core/internal/server/server.go:91.30,101.3 5 1
helixtrack.ru/core/internal/server/server.go:101.8,104.3 2 13
helixtrack.ru/core/internal/server/server.go:106.2,121.20 3 14
helixtrack.ru/core/internal/server/server.go:125.32,137.59 6 14
helixtrack.ru/core/internal/server/server.go:137.59,139.3 1 0
helixtrack.ru/core/internal/server/server.go:142.2,142.63 1 14
helixtrack.ru/core/internal/server/server.go:142.63,144.3 1 0
helixtrack.ru/core/internal/server/server.go:147.2,147.72 1 14
helixtrack.ru/core/internal/server/server.go:147.72,149.3 1 0
helixtrack.ru/core/internal/server/server.go:152.2,152.71 1 14
helixtrack.ru/core/internal/server/server.go:152.71,154.3 1 0
helixtrack.ru/core/internal/server/server.go:154.8,156.3 1 14
helixtrack.ru/core/internal/server/server.go:159.2,165.57 5 14
helixtrack.ru/core/internal/server/server.go:165.57,173.3 4 1
helixtrack.ru/core/internal/server/server.go:176.2,177.2 2 14
helixtrack.ru/core/internal/server/server.go:177.2,181.3 3 14
helixtrack.ru/core/internal/server/server.go:184.2,185.2 2 14
helixtrack.ru/core/internal/server/server.go:185.2,193.3 7 14
helixtrack.ru/core/internal/server/server.go:196.2,196.42 1 14
helixtrack.ru/core/internal/server/server.go:196.42,206.48 5 3
helixtrack.ru/core/internal/server/server.go:206.48,217.4 3 1
helixtrack.ru/core/internal/server/server.go:219.3,222.37 2 2
helixtrack.ru/core/internal/server/server.go:222.37,228.24 3 1
helixtrack.ru/core/internal/server/server.go:228.24,230.59 1 0
helixtrack.ru/core/internal/server/server.go:230.59,232.6 1 0
helixtrack.ru/core/internal/server/server.go:236.4,236.22 1 1
helixtrack.ru/core/internal/server/server.go:236.22,238.5 1 1
helixtrack.ru/core/internal/server/server.go:241.4,241.22 1 1
helixtrack.ru/core/internal/server/server.go:241.22,248.5 2 1
helixtrack.ru/core/internal/server/server.go:251.4,253.18 3 0
helixtrack.ru/core/internal/server/server.go:253.18,260.5 2 0
helixtrack.ru/core/internal/server/server.go:263.4,264.38 2 0
helixtrack.ru/core/internal/server/server.go:268.3,271.22 2 1
helixtrack.ru/core/internal/server/server.go:275.2,275.45 1 14
helixtrack.ru/core/internal/server/server.go:275.45,279.3 1 3
helixtrack.ru/core/internal/server/server.go:281.2,281.19 1 14
helixtrack.ru/core/internal/server/server.go:285.54,286.30 1 14
helixtrack.ru/core/internal/server/server.go:286.30,302.3 6 7
helixtrack.ru/core/internal/server/server.go:306.51,307.30 1 14
helixtrack.ru/core/internal/server/server.go:307.30,312.36 4 7
helixtrack.ru/core/internal/server/server.go:312.36,315.4 2 1
helixtrack.ru/core/internal/server/server.go:317.3,317.11 1 6
helixtrack.ru/core/internal/server/server.go:322.32,324.24 1 3
helixtrack.ru/core/internal/server/server.go:324.24,325.45 1 0
helixtrack.ru/core/internal/server/server.go:325.45,327.4 1 0
helixtrack.ru/core/internal/server/server.go:328.3,328.43 1 0
helixtrack.ru/core/internal/server/server.go:332.2,332.58 1 3
helixtrack.ru/core/internal/server/server.go:332.58,334.3 1 0
helixtrack.ru/core/internal/server/server.go:335.2,339.16 3 3
helixtrack.ru/core/internal/server/server.go:339.16,341.3 1 3
helixtrack.ru/core/internal/server/server.go:344.2,352.12 5 0
helixtrack.ru/core/internal/server/server.go:356.58,358.21 2 3
helixtrack.ru/core/internal/server/server.go:358.21,360.3 1 0
helixtrack.ru/core/internal/server/server.go:362.2,365.53 3 3
helixtrack.ru/core/internal/server/server.go:365.53,367.19 2 5
helixtrack.ru/core/internal/server/server.go:367.19,369.4 1 0
helixtrack.ru/core/internal/server/server.go:371.3,387.21 5 5
helixtrack.ru/core/internal/server/server.go:387.21,393.4 2 0
helixtrack.ru/core/internal/server/server.go:393.9,395.4 1 5
helixtrack.ru/core/internal/server/server.go:398.3,398.44 1 5
helixtrack.ru/core/internal/server/server.go:398.44,407.12 5 2
helixtrack.ru/core/internal/server/server.go:410.3,410.17 1 3
helixtrack.ru/core/internal/server/server.go:410.17,412.4 1 3
helixtrack.ru/core/internal/server/server.go:415.3,415.19 1 0
helixtrack.ru/core/internal/server/server.go:418.2,418.121 1 0
helixtrack.ru/core/internal/server/server.go:422.51,423.16 1 11
helixtrack.ru/core/internal/server/server.go:423.16,425.3 1 1
helixtrack.ru/core/internal/server/server.go:428.2,431.79 2 10
helixtrack.ru/core/internal/server/server.go:435.38,441.2 1 20
helixtrack.ru/core/internal/server/server.go:444.46,445.43 1 5
helixtrack.ru/core/internal/server/server.go:445.43,446.35 1 46
helixtrack.ru/core/internal/server/server.go:446.35,448.4 1 0
helixtrack.ru/core/internal/server/server.go:450.2,450.14 1 5
helixtrack.ru/core/internal/server/server.go:454.58,456.20 1 7
helixtrack.ru/core/internal/server/server.go:456.20,458.3 1 1
helixtrack.ru/core/internal/server/server.go:461.2,462.38 2 6
helixtrack.ru/core/internal/server/server.go:462.38,463.21 1 28
helixtrack.ru/core/internal/server/server.go:463.21,465.9 2 5
helixtrack.ru/core/internal/server/server.go:469.2,469.49 1 6
helixtrack.ru/core/internal/server/server.go:469.49,471.3 1 2
helixtrack.ru/core/internal/server/server.go:474.2,475.45 2 4
helixtrack.ru/core/internal/server/server.go:475.45,476.39 1 16
helixtrack.ru/core/internal/server/server.go:476.39,478.4 1 16
helixtrack.ru/core/internal/server/server.go:478.9,479.9 1 0
helixtrack.ru/core/internal/server/server.go:483.2,483.13 1 4
helixtrack.ru/core/internal/server/server.go:487.53,508.55 3 1
helixtrack.ru/core/internal/server/server.go:508.55,511.3 2 1
helixtrack.ru/core/internal/server/server.go:514.2,517.3 1 1
helixtrack.ru/core/internal/server/server.go:521.31,523.2 1 1
helixtrack.ru/core/internal/server/server.go:526.54,530.24 2 4
helixtrack.ru/core/internal/server/server.go:530.24,532.44 2 0
helixtrack.ru/core/internal/server/server.go:532.44,534.4 1 0
helixtrack.ru/core/internal/server/server.go:538.2,539.57 2 4
helixtrack.ru/core/internal/server/server.go:539.57,541.3 1 0
helixtrack.ru/core/internal/server/server.go:544.2,544.38 1 4
helixtrack.ru/core/internal/server/server.go:544.38,547.3 2 4
helixtrack.ru/core/internal/server/server.go:549.2,549.25 1 4
helixtrack.ru/core/internal/server/server.go:549.25,550.52 1 3
helixtrack.ru/core/internal/server/server.go:550.52,553.4 2 0
helixtrack.ru/core/internal/server/server.go:556.2,556.17 1 4
helixtrack.ru/core/internal/server/server.go:556.17,557.38 1 4
helixtrack.ru/core/internal/server/server.go:557.38,560.4 2 0
helixtrack.ru/core/internal/server/server.go:563.2,564.12 2 4
helixtrack.ru/core/internal/server/server.go:568.42,570.2 1 1
helixtrack.ru/core/internal/server/server.go:573.63,575.2 1 0
