mode: set
helixtrack.ru/chat/internal/handlers/chatroom_handler.go:13.104,15.16 2 1
helixtrack.ru/chat/internal/handlers/chatroom_handler.go:15.16,18.3 2 0
helixtrack.ru/chat/internal/handlers/chatroom_handler.go:21.2,28.34 7 1
helixtrack.ru/chat/internal/handlers/chatroom_handler.go:28.34,31.3 2 1
helixtrack.ru/chat/internal/handlers/chatroom_handler.go:34.2,44.23 2 1
helixtrack.ru/chat/internal/handlers/chatroom_handler.go:44.23,46.17 2 1
helixtrack.ru/chat/internal/handlers/chatroom_handler.go:46.17,49.4 2 0
helixtrack.ru/chat/internal/handlers/chatroom_handler.go:50.3,50.28 1 1
helixtrack.ru/chat/internal/handlers/chatroom_handler.go:54.2,58.43 2 1
helixtrack.ru/chat/internal/handlers/chatroom_handler.go:58.43,61.3 2 1
helixtrack.ru/chat/internal/handlers/chatroom_handler.go:64.2,64.71 1 1
helixtrack.ru/chat/internal/handlers/chatroom_handler.go:64.71,68.3 3 1
helixtrack.ru/chat/internal/handlers/chatroom_handler.go:71.2,78.78 2 1
helixtrack.ru/chat/internal/handlers/chatroom_handler.go:78.78,80.3 1 0
helixtrack.ru/chat/internal/handlers/chatroom_handler.go:82.2,88.43 2 1
helixtrack.ru/chat/internal/handlers/chatroom_handler.go:92.102,94.16 2 1
helixtrack.ru/chat/internal/handlers/chatroom_handler.go:94.16,97.3 2 0
helixtrack.ru/chat/internal/handlers/chatroom_handler.go:99.2,100.25 2 1
helixtrack.ru/chat/internal/handlers/chatroom_handler.go:100.25,103.3 2 1
helixtrack.ru/chat/internal/handlers/chatroom_handler.go:106.2,107.16 2 1
helixtrack.ru/chat/internal/handlers/chatroom_handler.go:107.16,108.32 1 1
helixtrack.ru/chat/internal/handlers/chatroom_handler.go:108.32,110.4 1 0
helixtrack.ru/chat/internal/handlers/chatroom_handler.go:110.9,113.4 2 1
helixtrack.ru/chat/internal/handlers/chatroom_handler.go:114.3,114.9 1 1
helixtrack.ru/chat/internal/handlers/chatroom_handler.go:118.2,119.16 2 1
helixtrack.ru/chat/internal/handlers/chatroom_handler.go:119.16,122.3 2 1
helixtrack.ru/chat/internal/handlers/chatroom_handler.go:124.2,124.43 1 1
helixtrack.ru/chat/internal/handlers/chatroom_handler.go:128.102,134.31 4 1
helixtrack.ru/chat/internal/handlers/chatroom_handler.go:134.31,136.3 1 1
helixtrack.ru/chat/internal/handlers/chatroom_handler.go:137.2,137.16 1 1
helixtrack.ru/chat/internal/handlers/chatroom_handler.go:137.16,139.3 1 0
helixtrack.ru/chat/internal/handlers/chatroom_handler.go:142.2,143.16 2 1
helixtrack.ru/chat/internal/handlers/chatroom_handler.go:143.16,147.3 3 1
helixtrack.ru/chat/internal/handlers/chatroom_handler.go:149.2,159.26 2 1
helixtrack.ru/chat/internal/handlers/chatroom_handler.go:159.26,161.3 1 0
helixtrack.ru/chat/internal/handlers/chatroom_handler.go:163.2,163.47 1 1
helixtrack.ru/chat/internal/handlers/chatroom_handler.go:167.104,169.16 2 1
helixtrack.ru/chat/internal/handlers/chatroom_handler.go:169.16,172.3 2 0
helixtrack.ru/chat/internal/handlers/chatroom_handler.go:174.2,175.25 2 1
helixtrack.ru/chat/internal/handlers/chatroom_handler.go:175.25,178.3 2 1
helixtrack.ru/chat/internal/handlers/chatroom_handler.go:181.2,182.16 2 1
helixtrack.ru/chat/internal/handlers/chatroom_handler.go:182.16,183.32 1 1
helixtrack.ru/chat/internal/handlers/chatroom_handler.go:183.32,185.4 1 0
helixtrack.ru/chat/internal/handlers/chatroom_handler.go:185.9,187.4 1 1
helixtrack.ru/chat/internal/handlers/chatroom_handler.go:188.3,188.9 1 1
helixtrack.ru/chat/internal/handlers/chatroom_handler.go:192.2,193.120 2 1
helixtrack.ru/chat/internal/handlers/chatroom_handler.go:193.120,196.3 2 1
helixtrack.ru/chat/internal/handlers/chatroom_handler.go:199.2,199.45 1 1
helixtrack.ru/chat/internal/handlers/chatroom_handler.go:199.45,201.3 1 1
helixtrack.ru/chat/internal/handlers/chatroom_handler.go:202.2,202.59 1 1
helixtrack.ru/chat/internal/handlers/chatroom_handler.go:202.59,204.3 1 1
helixtrack.ru/chat/internal/handlers/chatroom_handler.go:205.2,205.54 1 1
helixtrack.ru/chat/internal/handlers/chatroom_handler.go:205.54,207.3 1 0
helixtrack.ru/chat/internal/handlers/chatroom_handler.go:208.2,208.56 1 1
helixtrack.ru/chat/internal/handlers/chatroom_handler.go:208.56,210.3 1 0
helixtrack.ru/chat/internal/handlers/chatroom_handler.go:213.2,213.71 1 1
helixtrack.ru/chat/internal/handlers/chatroom_handler.go:213.71,217.3 3 0
helixtrack.ru/chat/internal/handlers/chatroom_handler.go:219.2,224.43 2 1
helixtrack.ru/chat/internal/handlers/chatroom_handler.go:228.104,230.16 2 1
helixtrack.ru/chat/internal/handlers/chatroom_handler.go:230.16,233.3 2 0
helixtrack.ru/chat/internal/handlers/chatroom_handler.go:235.2,236.25 2 1
helixtrack.ru/chat/internal/handlers/chatroom_handler.go:236.25,239.3 2 1
helixtrack.ru/chat/internal/handlers/chatroom_handler.go:242.2,243.67 2 1
helixtrack.ru/chat/internal/handlers/chatroom_handler.go:243.67,246.3 2 1
helixtrack.ru/chat/internal/handlers/chatroom_handler.go:249.2,249.73 1 1
helixtrack.ru/chat/internal/handlers/chatroom_handler.go:249.73,250.32 1 0
helixtrack.ru/chat/internal/handlers/chatroom_handler.go:250.32,252.4 1 0
helixtrack.ru/chat/internal/handlers/chatroom_handler.go:252.9,255.4 2 0
helixtrack.ru/chat/internal/handlers/chatroom_handler.go:256.3,256.9 1 0
helixtrack.ru/chat/internal/handlers/chatroom_handler.go:259.2,264.61 2 1
helixtrack.ru/chat/internal/handlers/chatroom_handler.go:268.109,270.16 2 1
helixtrack.ru/chat/internal/handlers/chatroom_handler.go:270.16,273.3 2 0
helixtrack.ru/chat/internal/handlers/chatroom_handler.go:275.2,276.29 2 1
helixtrack.ru/chat/internal/handlers/chatroom_handler.go:276.29,279.3 2 1
helixtrack.ru/chat/internal/handlers/chatroom_handler.go:281.2,282.27 2 1
helixtrack.ru/chat/internal/handlers/chatroom_handler.go:282.27,285.3 2 1
helixtrack.ru/chat/internal/handlers/chatroom_handler.go:288.2,289.16 2 1
helixtrack.ru/chat/internal/handlers/chatroom_handler.go:289.16,290.32 1 1
helixtrack.ru/chat/internal/handlers/chatroom_handler.go:290.32,292.4 1 0
helixtrack.ru/chat/internal/handlers/chatroom_handler.go:292.9,295.4 2 1
helixtrack.ru/chat/internal/handlers/chatroom_handler.go:296.3,296.9 1 1
helixtrack.ru/chat/internal/handlers/chatroom_handler.go:299.2,299.43 1 1
helixtrack.ru/chat/internal/handlers/handler.go:21.82,26.2 1 1
helixtrack.ru/chat/internal/handlers/handler.go:29.44,32.47 2 1
helixtrack.ru/chat/internal/handlers/handler.go:32.47,36.3 3 0
helixtrack.ru/chat/internal/handlers/handler.go:39.2,40.25 2 1
helixtrack.ru/chat/internal/handlers/handler.go:40.25,43.3 2 0
helixtrack.ru/chat/internal/handlers/handler.go:46.2,47.16 2 1
helixtrack.ru/chat/internal/handlers/handler.go:47.16,50.3 2 0
helixtrack.ru/chat/internal/handlers/handler.go:52.2,58.16 2 1
helixtrack.ru/chat/internal/handlers/handler.go:60.24,61.35 1 1
helixtrack.ru/chat/internal/handlers/handler.go:62.22,63.33 1 1
helixtrack.ru/chat/internal/handlers/handler.go:64.22,65.33 1 1
helixtrack.ru/chat/internal/handlers/handler.go:66.24,67.35 1 1
helixtrack.ru/chat/internal/handlers/handler.go:68.24,69.35 1 1
helixtrack.ru/chat/internal/handlers/handler.go:70.29,71.40 1 1
helixtrack.ru/chat/internal/handlers/handler.go:74.21,75.32 1 1
helixtrack.ru/chat/internal/handlers/handler.go:76.21,77.32 1 1
helixtrack.ru/chat/internal/handlers/handler.go:78.21,79.32 1 0
helixtrack.ru/chat/internal/handlers/handler.go:80.23,81.34 1 1
helixtrack.ru/chat/internal/handlers/handler.go:82.23,83.34 1 1
helixtrack.ru/chat/internal/handlers/handler.go:84.22,85.33 1 1
helixtrack.ru/chat/internal/handlers/handler.go:86.22,87.33 1 0
helixtrack.ru/chat/internal/handlers/handler.go:88.23,89.34 1 1
helixtrack.ru/chat/internal/handlers/handler.go:90.20,91.31 1 1
helixtrack.ru/chat/internal/handlers/handler.go:92.22,93.33 1 1
helixtrack.ru/chat/internal/handlers/handler.go:94.31,95.42 1 1
helixtrack.ru/chat/internal/handlers/handler.go:98.24,99.35 1 1
helixtrack.ru/chat/internal/handlers/handler.go:100.27,101.38 1 1
helixtrack.ru/chat/internal/handlers/handler.go:102.25,103.36 1 1
helixtrack.ru/chat/internal/handlers/handler.go:104.31,105.42 1 1
helixtrack.ru/chat/internal/handlers/handler.go:106.25,107.36 1 1
helixtrack.ru/chat/internal/handlers/handler.go:108.27,109.38 1 1
helixtrack.ru/chat/internal/handlers/handler.go:112.21,113.32 1 0
helixtrack.ru/chat/internal/handlers/handler.go:114.20,115.31 1 0
helixtrack.ru/chat/internal/handlers/handler.go:116.24,117.35 1 0
helixtrack.ru/chat/internal/handlers/handler.go:118.21,119.32 1 0
helixtrack.ru/chat/internal/handlers/handler.go:120.25,121.36 1 0
helixtrack.ru/chat/internal/handlers/handler.go:122.24,123.35 1 0
helixtrack.ru/chat/internal/handlers/handler.go:124.21,125.32 1 0
helixtrack.ru/chat/internal/handlers/handler.go:126.24,127.35 1 0
helixtrack.ru/chat/internal/handlers/handler.go:128.22,129.33 1 0
helixtrack.ru/chat/internal/handlers/handler.go:132.26,133.37 1 0
helixtrack.ru/chat/internal/handlers/handler.go:134.26,135.37 1 0
helixtrack.ru/chat/internal/handlers/handler.go:136.24,137.35 1 0
helixtrack.ru/chat/internal/handlers/handler.go:139.10,143.5 1 0
helixtrack.ru/chat/internal/handlers/handler.go:148.77,150.9 2 1
helixtrack.ru/chat/internal/handlers/handler.go:150.9,152.3 1 0
helixtrack.ru/chat/internal/handlers/handler.go:153.2,153.18 1 1
helixtrack.ru/chat/internal/handlers/handler.go:157.69,160.2 2 1
helixtrack.ru/chat/internal/handlers/handler.go:163.63,164.28 1 1
helixtrack.ru/chat/internal/handlers/handler.go:165.11,166.17 1 0
helixtrack.ru/chat/internal/handlers/handler.go:167.15,168.22 1 1
helixtrack.ru/chat/internal/handlers/handler.go:169.14,171.18 1 0
helixtrack.ru/chat/internal/handlers/handler.go:172.10,173.18 1 1
helixtrack.ru/chat/internal/handlers/handler.go:178.65,181.2 2 1
helixtrack.ru/chat/internal/handlers/message_handler.go:16.101,18.16 2 1
helixtrack.ru/chat/internal/handlers/message_handler.go:18.16,21.3 2 0
helixtrack.ru/chat/internal/handlers/message_handler.go:23.2,24.32 2 1
helixtrack.ru/chat/internal/handlers/message_handler.go:24.32,27.3 2 1
helixtrack.ru/chat/internal/handlers/message_handler.go:29.2,30.16 2 1
helixtrack.ru/chat/internal/handlers/message_handler.go:30.16,33.3 2 0
helixtrack.ru/chat/internal/handlers/message_handler.go:35.2,36.26 2 1
helixtrack.ru/chat/internal/handlers/message_handler.go:36.26,39.3 2 1
helixtrack.ru/chat/internal/handlers/message_handler.go:41.2,42.23 2 1
helixtrack.ru/chat/internal/handlers/message_handler.go:42.23,44.3 1 1
helixtrack.ru/chat/internal/handlers/message_handler.go:47.2,48.16 2 1
helixtrack.ru/chat/internal/handlers/message_handler.go:48.16,51.3 2 1
helixtrack.ru/chat/internal/handlers/message_handler.go:54.2,65.64 2 1
helixtrack.ru/chat/internal/handlers/message_handler.go:65.64,67.3 1 1
helixtrack.ru/chat/internal/handlers/message_handler.go:69.2,69.42 1 1
helixtrack.ru/chat/internal/handlers/message_handler.go:69.42,72.3 2 0
helixtrack.ru/chat/internal/handlers/message_handler.go:75.2,82.42 2 1
helixtrack.ru/chat/internal/handlers/message_handler.go:82.42,85.3 2 0
helixtrack.ru/chat/internal/handlers/message_handler.go:88.2,88.73 1 1
helixtrack.ru/chat/internal/handlers/message_handler.go:88.73,92.3 3 1
helixtrack.ru/chat/internal/handlers/message_handler.go:94.2,102.46 2 1
helixtrack.ru/chat/internal/handlers/message_handler.go:106.101,108.16 2 1
helixtrack.ru/chat/internal/handlers/message_handler.go:108.16,111.3 2 0
helixtrack.ru/chat/internal/handlers/message_handler.go:113.2,114.32 2 1
helixtrack.ru/chat/internal/handlers/message_handler.go:114.32,117.3 2 0
helixtrack.ru/chat/internal/handlers/message_handler.go:119.2,120.16 2 1
helixtrack.ru/chat/internal/handlers/message_handler.go:120.16,123.3 2 0
helixtrack.ru/chat/internal/handlers/message_handler.go:126.2,127.16 2 1
helixtrack.ru/chat/internal/handlers/message_handler.go:127.16,130.3 2 0
helixtrack.ru/chat/internal/handlers/message_handler.go:133.2,139.57 2 1
helixtrack.ru/chat/internal/handlers/message_handler.go:139.57,141.3 1 1
helixtrack.ru/chat/internal/handlers/message_handler.go:143.2,143.61 1 1
helixtrack.ru/chat/internal/handlers/message_handler.go:143.61,145.3 1 1
helixtrack.ru/chat/internal/handlers/message_handler.go:148.2,149.16 2 1
helixtrack.ru/chat/internal/handlers/message_handler.go:149.16,153.3 3 0
helixtrack.ru/chat/internal/handlers/message_handler.go:155.2,165.42 2 1
helixtrack.ru/chat/internal/handlers/message_handler.go:165.42,167.3 1 0
helixtrack.ru/chat/internal/handlers/message_handler.go:169.2,169.47 1 1
helixtrack.ru/chat/internal/handlers/message_handler.go:173.101,175.16 2 0
helixtrack.ru/chat/internal/handlers/message_handler.go:175.16,178.3 2 0
helixtrack.ru/chat/internal/handlers/message_handler.go:180.2,181.28 2 0
helixtrack.ru/chat/internal/handlers/message_handler.go:181.28,184.3 2 0
helixtrack.ru/chat/internal/handlers/message_handler.go:187.2,188.16 2 0
helixtrack.ru/chat/internal/handlers/message_handler.go:188.16,189.32 1 0
helixtrack.ru/chat/internal/handlers/message_handler.go:189.32,191.4 1 0
helixtrack.ru/chat/internal/handlers/message_handler.go:191.9,194.4 2 0
helixtrack.ru/chat/internal/handlers/message_handler.go:195.3,195.9 1 0
helixtrack.ru/chat/internal/handlers/message_handler.go:199.2,201.16 3 0
helixtrack.ru/chat/internal/handlers/message_handler.go:201.16,204.3 2 0
helixtrack.ru/chat/internal/handlers/message_handler.go:206.2,206.46 1 0
helixtrack.ru/chat/internal/handlers/message_handler.go:210.103,212.16 2 1
helixtrack.ru/chat/internal/handlers/message_handler.go:212.16,215.3 2 0
helixtrack.ru/chat/internal/handlers/message_handler.go:217.2,218.28 2 1
helixtrack.ru/chat/internal/handlers/message_handler.go:218.28,221.3 2 1
helixtrack.ru/chat/internal/handlers/message_handler.go:223.2,224.26 2 1
helixtrack.ru/chat/internal/handlers/message_handler.go:224.26,227.3 2 1
helixtrack.ru/chat/internal/handlers/message_handler.go:230.2,231.16 2 1
helixtrack.ru/chat/internal/handlers/message_handler.go:231.16,232.32 1 0
helixtrack.ru/chat/internal/handlers/message_handler.go:232.32,234.4 1 0
helixtrack.ru/chat/internal/handlers/message_handler.go:234.9,236.4 1 0
helixtrack.ru/chat/internal/handlers/message_handler.go:237.3,237.9 1 0
helixtrack.ru/chat/internal/handlers/message_handler.go:241.2,241.39 1 1
helixtrack.ru/chat/internal/handlers/message_handler.go:241.39,244.3 2 1
helixtrack.ru/chat/internal/handlers/message_handler.go:247.2,248.16 2 1
helixtrack.ru/chat/internal/handlers/message_handler.go:248.16,252.3 2 0
helixtrack.ru/chat/internal/handlers/message_handler.go:254.2,264.84 2 1
helixtrack.ru/chat/internal/handlers/message_handler.go:264.84,267.3 1 0
helixtrack.ru/chat/internal/handlers/message_handler.go:270.2,273.64 3 1
helixtrack.ru/chat/internal/handlers/message_handler.go:273.64,275.3 1 0
helixtrack.ru/chat/internal/handlers/message_handler.go:278.2,278.73 1 1
helixtrack.ru/chat/internal/handlers/message_handler.go:278.73,282.3 3 0
helixtrack.ru/chat/internal/handlers/message_handler.go:284.2,292.46 2 1
helixtrack.ru/chat/internal/handlers/message_handler.go:296.103,298.16 2 1
helixtrack.ru/chat/internal/handlers/message_handler.go:298.16,301.3 2 0
helixtrack.ru/chat/internal/handlers/message_handler.go:303.2,304.28 2 1
helixtrack.ru/chat/internal/handlers/message_handler.go:304.28,307.3 2 0
helixtrack.ru/chat/internal/handlers/message_handler.go:310.2,311.16 2 1
helixtrack.ru/chat/internal/handlers/message_handler.go:311.16,312.32 1 0
helixtrack.ru/chat/internal/handlers/message_handler.go:312.32,314.4 1 0
helixtrack.ru/chat/internal/handlers/message_handler.go:314.9,316.4 1 0
helixtrack.ru/chat/internal/handlers/message_handler.go:317.3,317.9 1 0
helixtrack.ru/chat/internal/handlers/message_handler.go:321.2,321.39 1 1
helixtrack.ru/chat/internal/handlers/message_handler.go:321.39,325.121 3 1
helixtrack.ru/chat/internal/handlers/message_handler.go:325.121,328.4 2 1
helixtrack.ru/chat/internal/handlers/message_handler.go:332.2,332.75 1 1
helixtrack.ru/chat/internal/handlers/message_handler.go:332.75,336.3 3 0
helixtrack.ru/chat/internal/handlers/message_handler.go:338.2,345.61 2 1
helixtrack.ru/chat/internal/handlers/message_handler.go:349.102,351.16 2 1
helixtrack.ru/chat/internal/handlers/message_handler.go:351.16,354.3 2 0
helixtrack.ru/chat/internal/handlers/message_handler.go:356.2,357.32 2 1
helixtrack.ru/chat/internal/handlers/message_handler.go:357.32,360.3 2 0
helixtrack.ru/chat/internal/handlers/message_handler.go:362.2,363.30 2 1
helixtrack.ru/chat/internal/handlers/message_handler.go:363.30,366.3 2 1
helixtrack.ru/chat/internal/handlers/message_handler.go:368.2,369.26 2 1
helixtrack.ru/chat/internal/handlers/message_handler.go:369.26,372.3 2 0
helixtrack.ru/chat/internal/handlers/message_handler.go:374.2,375.16 2 1
helixtrack.ru/chat/internal/handlers/message_handler.go:375.16,378.3 2 0
helixtrack.ru/chat/internal/handlers/message_handler.go:380.2,381.16 2 1
helixtrack.ru/chat/internal/handlers/message_handler.go:381.16,384.3 2 0
helixtrack.ru/chat/internal/handlers/message_handler.go:387.2,388.16 2 1
helixtrack.ru/chat/internal/handlers/message_handler.go:388.16,391.3 2 0
helixtrack.ru/chat/internal/handlers/message_handler.go:394.2,395.16 2 1
helixtrack.ru/chat/internal/handlers/message_handler.go:395.16,399.3 3 1
helixtrack.ru/chat/internal/handlers/message_handler.go:402.2,412.64 2 1
helixtrack.ru/chat/internal/handlers/message_handler.go:412.64,414.3 1 0
helixtrack.ru/chat/internal/handlers/message_handler.go:417.2,417.73 1 1
helixtrack.ru/chat/internal/handlers/message_handler.go:417.73,421.3 3 0
helixtrack.ru/chat/internal/handlers/message_handler.go:423.2,429.46 2 1
helixtrack.ru/chat/internal/handlers/message_handler.go:433.102,435.16 2 0
helixtrack.ru/chat/internal/handlers/message_handler.go:435.16,438.3 2 0
helixtrack.ru/chat/internal/handlers/message_handler.go:441.2,445.31 3 0
helixtrack.ru/chat/internal/handlers/message_handler.go:449.103,451.16 2 1
helixtrack.ru/chat/internal/handlers/message_handler.go:451.16,454.3 2 0
helixtrack.ru/chat/internal/handlers/message_handler.go:456.2,457.32 2 1
helixtrack.ru/chat/internal/handlers/message_handler.go:457.32,460.3 2 0
helixtrack.ru/chat/internal/handlers/message_handler.go:462.2,463.24 2 1
helixtrack.ru/chat/internal/handlers/message_handler.go:463.24,466.3 2 1
helixtrack.ru/chat/internal/handlers/message_handler.go:469.2,470.16 2 1
helixtrack.ru/chat/internal/handlers/message_handler.go:470.16,473.3 2 0
helixtrack.ru/chat/internal/handlers/message_handler.go:475.2,476.31 2 1
helixtrack.ru/chat/internal/handlers/message_handler.go:476.31,478.3 1 1
helixtrack.ru/chat/internal/handlers/message_handler.go:480.2,481.16 2 1
helixtrack.ru/chat/internal/handlers/message_handler.go:481.16,483.3 1 0
helixtrack.ru/chat/internal/handlers/message_handler.go:486.2,487.16 2 1
helixtrack.ru/chat/internal/handlers/message_handler.go:487.16,491.3 3 0
helixtrack.ru/chat/internal/handlers/message_handler.go:493.2,503.26 2 1
helixtrack.ru/chat/internal/handlers/message_handler.go:503.26,505.3 1 0
helixtrack.ru/chat/internal/handlers/message_handler.go:507.2,507.47 1 1
helixtrack.ru/chat/internal/handlers/message_handler.go:511.100,513.16 2 1
helixtrack.ru/chat/internal/handlers/message_handler.go:513.16,516.3 2 0
helixtrack.ru/chat/internal/handlers/message_handler.go:518.2,519.28 2 1
helixtrack.ru/chat/internal/handlers/message_handler.go:519.28,522.3 2 1
helixtrack.ru/chat/internal/handlers/message_handler.go:525.2,526.16 2 1
helixtrack.ru/chat/internal/handlers/message_handler.go:526.16,527.32 1 0
helixtrack.ru/chat/internal/handlers/message_handler.go:527.32,529.4 1 0
helixtrack.ru/chat/internal/handlers/message_handler.go:529.9,532.4 2 0
helixtrack.ru/chat/internal/handlers/message_handler.go:533.3,533.9 1 0
helixtrack.ru/chat/internal/handlers/message_handler.go:537.2,541.56 3 1
helixtrack.ru/chat/internal/handlers/message_handler.go:541.56,544.3 2 1
helixtrack.ru/chat/internal/handlers/message_handler.go:547.2,550.73 3 1
helixtrack.ru/chat/internal/handlers/message_handler.go:550.73,554.3 3 0
helixtrack.ru/chat/internal/handlers/message_handler.go:556.2,561.46 2 1
helixtrack.ru/chat/internal/handlers/message_handler.go:565.102,567.16 2 1
helixtrack.ru/chat/internal/handlers/message_handler.go:567.16,570.3 2 0
helixtrack.ru/chat/internal/handlers/message_handler.go:572.2,573.28 2 1
helixtrack.ru/chat/internal/handlers/message_handler.go:573.28,576.3 2 0
helixtrack.ru/chat/internal/handlers/message_handler.go:579.2,580.16 2 1
helixtrack.ru/chat/internal/handlers/message_handler.go:580.16,581.32 1 0
helixtrack.ru/chat/internal/handlers/message_handler.go:581.32,583.4 1 0
helixtrack.ru/chat/internal/handlers/message_handler.go:583.9,586.4 2 0
helixtrack.ru/chat/internal/handlers/message_handler.go:587.3,587.9 1 0
helixtrack.ru/chat/internal/handlers/message_handler.go:591.2,595.56 3 1
helixtrack.ru/chat/internal/handlers/message_handler.go:595.56,598.3 2 1
helixtrack.ru/chat/internal/handlers/message_handler.go:601.2,604.73 3 1
helixtrack.ru/chat/internal/handlers/message_handler.go:604.73,608.3 3 0
helixtrack.ru/chat/internal/handlers/message_handler.go:610.2,615.46 2 1
helixtrack.ru/chat/internal/handlers/message_handler.go:619.111,621.16 2 1
helixtrack.ru/chat/internal/handlers/message_handler.go:621.16,624.3 2 0
helixtrack.ru/chat/internal/handlers/message_handler.go:626.2,627.28 2 1
helixtrack.ru/chat/internal/handlers/message_handler.go:627.28,630.3 2 1
helixtrack.ru/chat/internal/handlers/message_handler.go:633.2,634.16 2 1
helixtrack.ru/chat/internal/handlers/message_handler.go:634.16,635.32 1 1
helixtrack.ru/chat/internal/handlers/message_handler.go:635.32,637.4 1 1
helixtrack.ru/chat/internal/handlers/message_handler.go:637.9,640.4 2 0
helixtrack.ru/chat/internal/handlers/message_handler.go:641.3,641.9 1 1
helixtrack.ru/chat/internal/handlers/message_handler.go:645.2,647.16 3 1
helixtrack.ru/chat/internal/handlers/message_handler.go:647.16,650.3 2 1
helixtrack.ru/chat/internal/handlers/message_handler.go:653.2,654.16 2 1
helixtrack.ru/chat/internal/handlers/message_handler.go:654.16,658.3 3 1
helixtrack.ru/chat/internal/handlers/message_handler.go:661.2,662.16 2 1
helixtrack.ru/chat/internal/handlers/message_handler.go:662.16,665.3 2 0
helixtrack.ru/chat/internal/handlers/message_handler.go:669.2,673.38 2 1
helixtrack.ru/chat/internal/handlers/message_handler.go:673.38,678.3 1 1
helixtrack.ru/chat/internal/handlers/message_handler.go:680.2,692.47 3 1
helixtrack.ru/chat/internal/handlers/participant_handler.go:13.104,15.16 2 1
helixtrack.ru/chat/internal/handlers/participant_handler.go:15.16,18.3 2 0
helixtrack.ru/chat/internal/handlers/participant_handler.go:20.2,21.32 2 1
helixtrack.ru/chat/internal/handlers/participant_handler.go:21.32,24.3 2 1
helixtrack.ru/chat/internal/handlers/participant_handler.go:26.2,27.28 2 1
helixtrack.ru/chat/internal/handlers/participant_handler.go:27.28,30.3 2 1
helixtrack.ru/chat/internal/handlers/participant_handler.go:32.2,33.16 2 1
helixtrack.ru/chat/internal/handlers/participant_handler.go:33.16,36.3 2 0
helixtrack.ru/chat/internal/handlers/participant_handler.go:38.2,39.16 2 1
helixtrack.ru/chat/internal/handlers/participant_handler.go:39.16,42.3 2 0
helixtrack.ru/chat/internal/handlers/participant_handler.go:45.2,46.134 2 1
helixtrack.ru/chat/internal/handlers/participant_handler.go:46.134,49.3 2 1
helixtrack.ru/chat/internal/handlers/participant_handler.go:52.2,53.48 2 1
helixtrack.ru/chat/internal/handlers/participant_handler.go:53.48,55.3 1 1
helixtrack.ru/chat/internal/handlers/participant_handler.go:58.2,65.78 2 1
helixtrack.ru/chat/internal/handlers/participant_handler.go:65.78,69.3 3 1
helixtrack.ru/chat/internal/handlers/participant_handler.go:71.2,79.50 2 1
helixtrack.ru/chat/internal/handlers/participant_handler.go:83.107,85.16 2 1
helixtrack.ru/chat/internal/handlers/participant_handler.go:85.16,88.3 2 0
helixtrack.ru/chat/internal/handlers/participant_handler.go:90.2,91.32 2 1
helixtrack.ru/chat/internal/handlers/participant_handler.go:91.32,94.3 2 0
helixtrack.ru/chat/internal/handlers/participant_handler.go:96.2,97.28 2 1
helixtrack.ru/chat/internal/handlers/participant_handler.go:97.28,100.3 2 0
helixtrack.ru/chat/internal/handlers/participant_handler.go:103.2,104.73 2 1
helixtrack.ru/chat/internal/handlers/participant_handler.go:104.73,107.3 2 1
helixtrack.ru/chat/internal/handlers/participant_handler.go:110.2,110.41 1 1
helixtrack.ru/chat/internal/handlers/participant_handler.go:110.41,112.135 2 1
helixtrack.ru/chat/internal/handlers/participant_handler.go:112.135,115.4 2 1
helixtrack.ru/chat/internal/handlers/participant_handler.go:119.2,119.94 1 1
helixtrack.ru/chat/internal/handlers/participant_handler.go:119.94,120.32 1 0
helixtrack.ru/chat/internal/handlers/participant_handler.go:120.32,122.4 1 0
helixtrack.ru/chat/internal/handlers/participant_handler.go:122.9,125.4 2 0
helixtrack.ru/chat/internal/handlers/participant_handler.go:126.3,126.9 1 0
helixtrack.ru/chat/internal/handlers/participant_handler.go:129.2,137.61 2 1
helixtrack.ru/chat/internal/handlers/participant_handler.go:141.105,143.16 2 1
helixtrack.ru/chat/internal/handlers/participant_handler.go:143.16,146.3 2 0
helixtrack.ru/chat/internal/handlers/participant_handler.go:148.2,149.32 2 1
helixtrack.ru/chat/internal/handlers/participant_handler.go:149.32,152.3 2 1
helixtrack.ru/chat/internal/handlers/participant_handler.go:155.2,156.16 2 1
helixtrack.ru/chat/internal/handlers/participant_handler.go:156.16,159.3 2 0
helixtrack.ru/chat/internal/handlers/participant_handler.go:162.2,163.16 2 1
helixtrack.ru/chat/internal/handlers/participant_handler.go:163.16,167.3 3 0
helixtrack.ru/chat/internal/handlers/participant_handler.go:169.2,169.67 1 1
helixtrack.ru/chat/internal/handlers/participant_handler.go:173.111,175.16 2 1
helixtrack.ru/chat/internal/handlers/participant_handler.go:175.16,178.3 2 0
helixtrack.ru/chat/internal/handlers/participant_handler.go:180.2,181.32 2 1
helixtrack.ru/chat/internal/handlers/participant_handler.go:181.32,184.3 2 0
helixtrack.ru/chat/internal/handlers/participant_handler.go:186.2,187.28 2 1
helixtrack.ru/chat/internal/handlers/participant_handler.go:187.28,190.3 2 0
helixtrack.ru/chat/internal/handlers/participant_handler.go:192.2,193.26 2 1
helixtrack.ru/chat/internal/handlers/participant_handler.go:193.26,196.3 2 1
helixtrack.ru/chat/internal/handlers/participant_handler.go:199.2,200.134 2 1
helixtrack.ru/chat/internal/handlers/participant_handler.go:200.134,203.3 2 1
helixtrack.ru/chat/internal/handlers/participant_handler.go:206.2,207.16 2 1
helixtrack.ru/chat/internal/handlers/participant_handler.go:207.16,208.32 1 0
helixtrack.ru/chat/internal/handlers/participant_handler.go:208.32,210.4 1 0
helixtrack.ru/chat/internal/handlers/participant_handler.go:210.9,212.4 1 0
helixtrack.ru/chat/internal/handlers/participant_handler.go:213.3,213.9 1 0
helixtrack.ru/chat/internal/handlers/participant_handler.go:217.2,219.81 2 1
helixtrack.ru/chat/internal/handlers/participant_handler.go:219.81,223.3 3 0
helixtrack.ru/chat/internal/handlers/participant_handler.go:225.2,234.50 2 1
helixtrack.ru/chat/internal/handlers/participant_handler.go:238.105,240.16 2 1
helixtrack.ru/chat/internal/handlers/participant_handler.go:240.16,243.3 2 0
helixtrack.ru/chat/internal/handlers/participant_handler.go:245.2,246.32 2 1
helixtrack.ru/chat/internal/handlers/participant_handler.go:246.32,249.3 2 0
helixtrack.ru/chat/internal/handlers/participant_handler.go:251.2,252.28 2 1
helixtrack.ru/chat/internal/handlers/participant_handler.go:252.28,255.3 2 0
helixtrack.ru/chat/internal/handlers/participant_handler.go:258.2,259.16 2 1
helixtrack.ru/chat/internal/handlers/participant_handler.go:259.16,262.3 2 0
helixtrack.ru/chat/internal/handlers/participant_handler.go:264.2,266.62 1 1
helixtrack.ru/chat/internal/handlers/participant_handler.go:266.62,269.3 2 1
helixtrack.ru/chat/internal/handlers/participant_handler.go:272.2,273.16 2 1
helixtrack.ru/chat/internal/handlers/participant_handler.go:273.16,274.32 1 0
helixtrack.ru/chat/internal/handlers/participant_handler.go:274.32,276.4 1 0
helixtrack.ru/chat/internal/handlers/participant_handler.go:276.9,278.4 1 0
helixtrack.ru/chat/internal/handlers/participant_handler.go:279.3,279.9 1 0
helixtrack.ru/chat/internal/handlers/participant_handler.go:283.2,285.81 2 1
helixtrack.ru/chat/internal/handlers/participant_handler.go:285.81,289.3 3 0
helixtrack.ru/chat/internal/handlers/participant_handler.go:291.2,297.50 2 1
helixtrack.ru/chat/internal/handlers/participant_handler.go:301.107,303.16 2 1
helixtrack.ru/chat/internal/handlers/participant_handler.go:303.16,306.3 2 0
helixtrack.ru/chat/internal/handlers/participant_handler.go:308.2,309.32 2 1
helixtrack.ru/chat/internal/handlers/participant_handler.go:309.32,312.3 2 0
helixtrack.ru/chat/internal/handlers/participant_handler.go:314.2,315.28 2 1
helixtrack.ru/chat/internal/handlers/participant_handler.go:315.28,318.3 2 0
helixtrack.ru/chat/internal/handlers/participant_handler.go:321.2,322.16 2 1
helixtrack.ru/chat/internal/handlers/participant_handler.go:322.16,325.3 2 0
helixtrack.ru/chat/internal/handlers/participant_handler.go:327.2,329.62 1 1
helixtrack.ru/chat/internal/handlers/participant_handler.go:329.62,332.3 2 1
helixtrack.ru/chat/internal/handlers/participant_handler.go:335.2,336.16 2 1
helixtrack.ru/chat/internal/handlers/participant_handler.go:336.16,337.32 1 0
helixtrack.ru/chat/internal/handlers/participant_handler.go:337.32,339.4 1 0
helixtrack.ru/chat/internal/handlers/participant_handler.go:339.9,341.4 1 0
helixtrack.ru/chat/internal/handlers/participant_handler.go:342.3,342.9 1 0
helixtrack.ru/chat/internal/handlers/participant_handler.go:346.2,348.81 2 1
helixtrack.ru/chat/internal/handlers/participant_handler.go:348.81,352.3 3 0
helixtrack.ru/chat/internal/handlers/participant_handler.go:354.2,360.50 2 1
helixtrack.ru/chat/internal/handlers/realtime_handler.go:13.101,15.16 2 0
helixtrack.ru/chat/internal/handlers/realtime_handler.go:15.16,18.3 2 0
helixtrack.ru/chat/internal/handlers/realtime_handler.go:20.2,21.32 2 0
helixtrack.ru/chat/internal/handlers/realtime_handler.go:21.32,24.3 2 0
helixtrack.ru/chat/internal/handlers/realtime_handler.go:26.2,27.16 2 0
helixtrack.ru/chat/internal/handlers/realtime_handler.go:27.16,30.3 2 0
helixtrack.ru/chat/internal/handlers/realtime_handler.go:33.2,39.74 2 0
helixtrack.ru/chat/internal/handlers/realtime_handler.go:39.74,43.3 3 0
helixtrack.ru/chat/internal/handlers/realtime_handler.go:47.2,47.60 1 0
helixtrack.ru/chat/internal/handlers/realtime_handler.go:51.100,53.16 2 0
helixtrack.ru/chat/internal/handlers/realtime_handler.go:53.16,56.3 2 0
helixtrack.ru/chat/internal/handlers/realtime_handler.go:58.2,59.32 2 0
helixtrack.ru/chat/internal/handlers/realtime_handler.go:59.32,62.3 2 0
helixtrack.ru/chat/internal/handlers/realtime_handler.go:65.2,65.102 1 0
helixtrack.ru/chat/internal/handlers/realtime_handler.go:65.102,67.3 1 0
helixtrack.ru/chat/internal/handlers/realtime_handler.go:71.2,71.61 1 0
helixtrack.ru/chat/internal/handlers/realtime_handler.go:75.104,77.16 2 0
helixtrack.ru/chat/internal/handlers/realtime_handler.go:77.16,80.3 2 0
helixtrack.ru/chat/internal/handlers/realtime_handler.go:82.2,83.28 2 0
helixtrack.ru/chat/internal/handlers/realtime_handler.go:83.28,86.3 2 0
helixtrack.ru/chat/internal/handlers/realtime_handler.go:88.2,103.43 4 0
helixtrack.ru/chat/internal/handlers/realtime_handler.go:103.43,106.3 2 0
helixtrack.ru/chat/internal/handlers/realtime_handler.go:108.2,108.75 1 0
helixtrack.ru/chat/internal/handlers/realtime_handler.go:108.75,112.3 3 0
helixtrack.ru/chat/internal/handlers/realtime_handler.go:116.2,116.47 1 0
helixtrack.ru/chat/internal/handlers/realtime_handler.go:120.101,122.16 2 0
helixtrack.ru/chat/internal/handlers/realtime_handler.go:122.16,125.3 2 0
helixtrack.ru/chat/internal/handlers/realtime_handler.go:127.2,128.28 2 0
helixtrack.ru/chat/internal/handlers/realtime_handler.go:128.28,131.3 2 0
helixtrack.ru/chat/internal/handlers/realtime_handler.go:134.2,135.16 2 0
helixtrack.ru/chat/internal/handlers/realtime_handler.go:135.16,136.32 1 0
helixtrack.ru/chat/internal/handlers/realtime_handler.go:136.32,138.4 1 0
helixtrack.ru/chat/internal/handlers/realtime_handler.go:138.9,141.4 2 0
helixtrack.ru/chat/internal/handlers/realtime_handler.go:142.3,142.9 1 0
helixtrack.ru/chat/internal/handlers/realtime_handler.go:145.2,145.47 1 0
helixtrack.ru/chat/internal/handlers/realtime_handler.go:149.105,151.16 2 0
helixtrack.ru/chat/internal/handlers/realtime_handler.go:151.16,154.3 2 0
helixtrack.ru/chat/internal/handlers/realtime_handler.go:156.2,157.31 2 0
helixtrack.ru/chat/internal/handlers/realtime_handler.go:157.31,160.3 2 0
helixtrack.ru/chat/internal/handlers/realtime_handler.go:162.2,163.16 2 0
helixtrack.ru/chat/internal/handlers/realtime_handler.go:163.16,166.3 2 0
helixtrack.ru/chat/internal/handlers/realtime_handler.go:169.2,174.77 2 0
helixtrack.ru/chat/internal/handlers/realtime_handler.go:174.77,178.3 3 0
helixtrack.ru/chat/internal/handlers/realtime_handler.go:182.2,182.46 1 0
helixtrack.ru/chat/internal/handlers/realtime_handler.go:186.104,188.16 2 0
helixtrack.ru/chat/internal/handlers/realtime_handler.go:188.16,191.3 2 0
helixtrack.ru/chat/internal/handlers/realtime_handler.go:193.2,194.31 2 0
helixtrack.ru/chat/internal/handlers/realtime_handler.go:194.31,197.3 2 0
helixtrack.ru/chat/internal/handlers/realtime_handler.go:200.2,201.16 2 0
helixtrack.ru/chat/internal/handlers/realtime_handler.go:201.16,205.3 3 0
helixtrack.ru/chat/internal/handlers/realtime_handler.go:207.2,207.47 1 0
helixtrack.ru/chat/internal/handlers/realtime_handler.go:211.101,213.16 2 0
helixtrack.ru/chat/internal/handlers/realtime_handler.go:213.16,216.3 2 0
helixtrack.ru/chat/internal/handlers/realtime_handler.go:218.2,219.31 2 0
helixtrack.ru/chat/internal/handlers/realtime_handler.go:219.31,222.3 2 0
helixtrack.ru/chat/internal/handlers/realtime_handler.go:224.2,225.24 2 0
helixtrack.ru/chat/internal/handlers/realtime_handler.go:225.24,228.3 2 0
helixtrack.ru/chat/internal/handlers/realtime_handler.go:230.2,231.16 2 0
helixtrack.ru/chat/internal/handlers/realtime_handler.go:231.16,234.3 2 0
helixtrack.ru/chat/internal/handlers/realtime_handler.go:237.2,243.75 2 0
helixtrack.ru/chat/internal/handlers/realtime_handler.go:243.75,247.3 3 0
helixtrack.ru/chat/internal/handlers/realtime_handler.go:249.2,257.47 2 0
helixtrack.ru/chat/internal/handlers/realtime_handler.go:261.104,263.16 2 0
helixtrack.ru/chat/internal/handlers/realtime_handler.go:263.16,266.3 2 0
helixtrack.ru/chat/internal/handlers/realtime_handler.go:268.2,269.31 2 0
helixtrack.ru/chat/internal/handlers/realtime_handler.go:269.31,272.3 2 0
helixtrack.ru/chat/internal/handlers/realtime_handler.go:274.2,275.24 2 0
helixtrack.ru/chat/internal/handlers/realtime_handler.go:275.24,278.3 2 0
helixtrack.ru/chat/internal/handlers/realtime_handler.go:281.2,281.110 1 0
helixtrack.ru/chat/internal/handlers/realtime_handler.go:281.110,285.3 3 0
helixtrack.ru/chat/internal/handlers/realtime_handler.go:287.2,295.61 2 0
helixtrack.ru/chat/internal/handlers/realtime_handler.go:299.102,301.16 2 0
helixtrack.ru/chat/internal/handlers/realtime_handler.go:301.16,304.3 2 0
helixtrack.ru/chat/internal/handlers/realtime_handler.go:306.2,307.31 2 0
helixtrack.ru/chat/internal/handlers/realtime_handler.go:307.31,310.3 2 0
helixtrack.ru/chat/internal/handlers/realtime_handler.go:313.2,314.16 2 0
helixtrack.ru/chat/internal/handlers/realtime_handler.go:314.16,318.3 3 0
helixtrack.ru/chat/internal/handlers/realtime_handler.go:320.2,320.48 1 0
helixtrack.ru/chat/internal/handlers/realtime_handler.go:324.106,327.2 1 0
helixtrack.ru/chat/internal/handlers/realtime_handler.go:330.106,332.16 2 0
helixtrack.ru/chat/internal/handlers/realtime_handler.go:332.16,335.3 2 0
helixtrack.ru/chat/internal/handlers/realtime_handler.go:337.2,338.31 2 0
helixtrack.ru/chat/internal/handlers/realtime_handler.go:338.31,341.3 2 0
helixtrack.ru/chat/internal/handlers/realtime_handler.go:344.2,344.81 1 0
helixtrack.ru/chat/internal/handlers/realtime_handler.go:344.81,345.32 1 0
helixtrack.ru/chat/internal/handlers/realtime_handler.go:345.32,347.4 1 0
helixtrack.ru/chat/internal/handlers/realtime_handler.go:347.9,350.4 2 0
helixtrack.ru/chat/internal/handlers/realtime_handler.go:351.3,351.9 1 0
helixtrack.ru/chat/internal/handlers/realtime_handler.go:354.2,359.61 2 0
helixtrack.ru/chat/internal/handlers/realtime_handler.go:363.104,365.16 2 0
helixtrack.ru/chat/internal/handlers/realtime_handler.go:365.16,368.3 2 0
helixtrack.ru/chat/internal/handlers/realtime_handler.go:370.2,371.28 2 0
helixtrack.ru/chat/internal/handlers/realtime_handler.go:371.28,374.3 2 0
helixtrack.ru/chat/internal/handlers/realtime_handler.go:377.2,378.16 2 0
helixtrack.ru/chat/internal/handlers/realtime_handler.go:378.16,382.3 3 0
helixtrack.ru/chat/internal/handlers/realtime_handler.go:384.2,384.50 1 0
helixtrack.ru/chat/internal/handlers/test_helpers.go:83.38,84.24 1 0
helixtrack.ru/chat/internal/handlers/test_helpers.go:84.24,86.3 1 0
helixtrack.ru/chat/internal/handlers/test_helpers.go:87.2,87.12 1 0
helixtrack.ru/chat/internal/handlers/test_helpers.go:90.37,91.23 1 0
helixtrack.ru/chat/internal/handlers/test_helpers.go:91.23,93.3 1 0
helixtrack.ru/chat/internal/handlers/test_helpers.go:94.2,94.12 1 0
helixtrack.ru/chat/internal/handlers/test_helpers.go:97.70,98.26 1 0
helixtrack.ru/chat/internal/handlers/test_helpers.go:98.26,100.3 1 0
helixtrack.ru/chat/internal/handlers/test_helpers.go:101.2,101.17 1 0
helixtrack.ru/chat/internal/handlers/test_helpers.go:105.89,106.33 1 1
helixtrack.ru/chat/internal/handlers/test_helpers.go:106.33,108.3 1 1
helixtrack.ru/chat/internal/handlers/test_helpers.go:109.2,109.12 1 0
helixtrack.ru/chat/internal/handlers/test_helpers.go:112.95,113.31 1 1
helixtrack.ru/chat/internal/handlers/test_helpers.go:113.31,115.3 1 1
helixtrack.ru/chat/internal/handlers/test_helpers.go:116.2,116.17 1 0
helixtrack.ru/chat/internal/handlers/test_helpers.go:119.110,120.31 1 1
helixtrack.ru/chat/internal/handlers/test_helpers.go:120.31,122.3 1 1
helixtrack.ru/chat/internal/handlers/test_helpers.go:123.2,123.20 1 0
helixtrack.ru/chat/internal/handlers/test_helpers.go:126.89,127.33 1 1
helixtrack.ru/chat/internal/handlers/test_helpers.go:127.33,129.3 1 1
helixtrack.ru/chat/internal/handlers/test_helpers.go:130.2,130.12 1 0
helixtrack.ru/chat/internal/handlers/test_helpers.go:133.77,134.33 1 1
helixtrack.ru/chat/internal/handlers/test_helpers.go:134.33,136.3 1 1
helixtrack.ru/chat/internal/handlers/test_helpers.go:137.2,137.12 1 0
helixtrack.ru/chat/internal/handlers/test_helpers.go:140.120,141.38 1 1
helixtrack.ru/chat/internal/handlers/test_helpers.go:141.38,143.3 1 1
helixtrack.ru/chat/internal/handlers/test_helpers.go:144.2,144.17 1 0
helixtrack.ru/chat/internal/handlers/test_helpers.go:148.90,149.32 1 1
helixtrack.ru/chat/internal/handlers/test_helpers.go:149.32,151.3 1 1
helixtrack.ru/chat/internal/handlers/test_helpers.go:152.2,152.12 1 0
helixtrack.ru/chat/internal/handlers/test_helpers.go:155.93,156.30 1 1
helixtrack.ru/chat/internal/handlers/test_helpers.go:156.30,158.3 1 1
helixtrack.ru/chat/internal/handlers/test_helpers.go:159.2,159.17 1 0
helixtrack.ru/chat/internal/handlers/test_helpers.go:162.121,163.30 1 1
helixtrack.ru/chat/internal/handlers/test_helpers.go:163.30,165.3 1 1
helixtrack.ru/chat/internal/handlers/test_helpers.go:166.2,166.20 1 0
helixtrack.ru/chat/internal/handlers/test_helpers.go:169.90,170.32 1 1
helixtrack.ru/chat/internal/handlers/test_helpers.go:170.32,172.3 1 1
helixtrack.ru/chat/internal/handlers/test_helpers.go:173.2,173.12 1 0
helixtrack.ru/chat/internal/handlers/test_helpers.go:176.76,177.32 1 1
helixtrack.ru/chat/internal/handlers/test_helpers.go:177.32,179.3 1 1
helixtrack.ru/chat/internal/handlers/test_helpers.go:180.2,180.12 1 0
helixtrack.ru/chat/internal/handlers/test_helpers.go:183.136,184.32 1 1
helixtrack.ru/chat/internal/handlers/test_helpers.go:184.32,186.3 1 1
helixtrack.ru/chat/internal/handlers/test_helpers.go:187.2,187.20 1 0
helixtrack.ru/chat/internal/handlers/test_helpers.go:191.103,192.33 1 1
helixtrack.ru/chat/internal/handlers/test_helpers.go:192.33,194.3 1 1
helixtrack.ru/chat/internal/handlers/test_helpers.go:195.2,195.12 1 0
helixtrack.ru/chat/internal/handlers/test_helpers.go:198.96,199.36 1 1
helixtrack.ru/chat/internal/handlers/test_helpers.go:199.36,201.3 1 1
helixtrack.ru/chat/internal/handlers/test_helpers.go:202.2,202.12 1 0
helixtrack.ru/chat/internal/handlers/test_helpers.go:205.120,206.33 1 1
helixtrack.ru/chat/internal/handlers/test_helpers.go:206.33,208.3 1 1
helixtrack.ru/chat/internal/handlers/test_helpers.go:209.2,209.17 1 0
helixtrack.ru/chat/internal/handlers/test_helpers.go:212.115,213.34 1 1
helixtrack.ru/chat/internal/handlers/test_helpers.go:213.34,215.3 1 1
helixtrack.ru/chat/internal/handlers/test_helpers.go:216.2,216.17 1 0
helixtrack.ru/chat/internal/handlers/test_helpers.go:219.106,220.36 1 1
helixtrack.ru/chat/internal/handlers/test_helpers.go:220.36,222.3 1 0
helixtrack.ru/chat/internal/handlers/test_helpers.go:223.2,223.12 1 1
helixtrack.ru/chat/internal/handlers/test_helpers.go:226.129,227.40 1 0
helixtrack.ru/chat/internal/handlers/test_helpers.go:227.40,229.3 1 0
helixtrack.ru/chat/internal/handlers/test_helpers.go:230.2,230.12 1 0
helixtrack.ru/chat/internal/handlers/test_helpers.go:233.106,234.34 1 0
helixtrack.ru/chat/internal/handlers/test_helpers.go:234.34,236.3 1 0
helixtrack.ru/chat/internal/handlers/test_helpers.go:237.2,237.12 1 0
helixtrack.ru/chat/internal/handlers/test_helpers.go:241.97,242.33 1 0
helixtrack.ru/chat/internal/handlers/test_helpers.go:242.33,244.3 1 0
helixtrack.ru/chat/internal/handlers/test_helpers.go:245.2,245.12 1 0
helixtrack.ru/chat/internal/handlers/test_helpers.go:248.102,249.30 1 0
helixtrack.ru/chat/internal/handlers/test_helpers.go:249.30,251.3 1 0
helixtrack.ru/chat/internal/handlers/test_helpers.go:252.2,252.17 1 0
helixtrack.ru/chat/internal/handlers/test_helpers.go:255.115,256.38 1 0
helixtrack.ru/chat/internal/handlers/test_helpers.go:256.38,258.3 1 0
helixtrack.ru/chat/internal/handlers/test_helpers.go:259.2,259.17 1 0
helixtrack.ru/chat/internal/handlers/test_helpers.go:263.99,264.31 1 0
helixtrack.ru/chat/internal/handlers/test_helpers.go:264.31,266.3 1 0
helixtrack.ru/chat/internal/handlers/test_helpers.go:267.2,267.12 1 0
helixtrack.ru/chat/internal/handlers/test_helpers.go:270.91,271.31 1 0
helixtrack.ru/chat/internal/handlers/test_helpers.go:271.31,273.3 1 0
helixtrack.ru/chat/internal/handlers/test_helpers.go:274.2,274.12 1 0
helixtrack.ru/chat/internal/handlers/test_helpers.go:277.115,278.34 1 0
helixtrack.ru/chat/internal/handlers/test_helpers.go:278.34,280.3 1 0
helixtrack.ru/chat/internal/handlers/test_helpers.go:281.2,281.17 1 0
helixtrack.ru/chat/internal/handlers/test_helpers.go:285.105,286.36 1 0
helixtrack.ru/chat/internal/handlers/test_helpers.go:286.36,288.3 1 0
helixtrack.ru/chat/internal/handlers/test_helpers.go:289.2,289.12 1 0
helixtrack.ru/chat/internal/handlers/test_helpers.go:292.116,293.33 1 0
helixtrack.ru/chat/internal/handlers/test_helpers.go:293.33,295.3 1 0
helixtrack.ru/chat/internal/handlers/test_helpers.go:296.2,296.17 1 0
helixtrack.ru/chat/internal/handlers/test_helpers.go:299.128,300.39 1 0
helixtrack.ru/chat/internal/handlers/test_helpers.go:300.39,302.3 1 0
helixtrack.ru/chat/internal/handlers/test_helpers.go:303.2,303.17 1 0
helixtrack.ru/chat/internal/handlers/test_helpers.go:307.100,308.33 1 0
helixtrack.ru/chat/internal/handlers/test_helpers.go:308.33,310.3 1 0
helixtrack.ru/chat/internal/handlers/test_helpers.go:311.2,311.12 1 0
helixtrack.ru/chat/internal/handlers/test_helpers.go:314.99,315.33 1 0
helixtrack.ru/chat/internal/handlers/test_helpers.go:315.33,317.3 1 0
helixtrack.ru/chat/internal/handlers/test_helpers.go:318.2,318.12 1 0
helixtrack.ru/chat/internal/handlers/test_helpers.go:321.111,322.31 1 0
helixtrack.ru/chat/internal/handlers/test_helpers.go:322.31,324.3 1 0
helixtrack.ru/chat/internal/handlers/test_helpers.go:325.2,325.17 1 0
helixtrack.ru/chat/internal/handlers/test_helpers.go:329.106,330.35 1 0
helixtrack.ru/chat/internal/handlers/test_helpers.go:330.35,332.3 1 0
helixtrack.ru/chat/internal/handlers/test_helpers.go:333.2,333.12 1 0
helixtrack.ru/chat/internal/handlers/test_helpers.go:336.79,337.35 1 0
helixtrack.ru/chat/internal/handlers/test_helpers.go:337.35,339.3 1 0
helixtrack.ru/chat/internal/handlers/test_helpers.go:340.2,340.12 1 0
helixtrack.ru/chat/internal/handlers/test_helpers.go:343.115,344.33 1 0
helixtrack.ru/chat/internal/handlers/test_helpers.go:344.33,346.3 1 0
helixtrack.ru/chat/internal/handlers/test_helpers.go:347.2,347.17 1 0
helixtrack.ru/chat/internal/handlers/test_helpers.go:351.112,352.43 1 1
helixtrack.ru/chat/internal/handlers/test_helpers.go:352.43,354.3 1 1
helixtrack.ru/chat/internal/handlers/test_helpers.go:355.2,355.12 1 1
helixtrack.ru/chat/internal/handlers/test_helpers.go:358.124,359.41 1 1
helixtrack.ru/chat/internal/handlers/test_helpers.go:359.41,361.3 1 1
helixtrack.ru/chat/internal/handlers/test_helpers.go:362.2,362.17 1 0
helixtrack.ru/chat/internal/handlers/test_helpers.go:365.114,366.40 1 0
helixtrack.ru/chat/internal/handlers/test_helpers.go:366.40,368.3 1 0
helixtrack.ru/chat/internal/handlers/test_helpers.go:369.2,369.17 1 0
helixtrack.ru/chat/internal/handlers/test_helpers.go:372.100,373.42 1 1
helixtrack.ru/chat/internal/handlers/test_helpers.go:373.42,375.3 1 1
helixtrack.ru/chat/internal/handlers/test_helpers.go:376.2,376.15 1 1
helixtrack.ru/chat/internal/handlers/test_helpers.go:386.116,387.30 1 0
helixtrack.ru/chat/internal/handlers/test_helpers.go:387.30,389.3 1 0
helixtrack.ru/chat/internal/handlers/test_helpers.go:390.2,390.17 1 0
helixtrack.ru/chat/internal/handlers/test_helpers.go:393.135,394.39 1 0
helixtrack.ru/chat/internal/handlers/test_helpers.go:394.39,396.3 1 0
helixtrack.ru/chat/internal/handlers/test_helpers.go:397.2,397.18 1 0
helixtrack.ru/chat/internal/handlers/test_helpers.go:400.141,401.35 1 0
helixtrack.ru/chat/internal/handlers/test_helpers.go:401.35,403.3 1 0
helixtrack.ru/chat/internal/handlers/test_helpers.go:404.2,404.17 1 0
helixtrack.ru/chat/internal/handlers/test_helpers.go:416.48,427.2 4 1
helixtrack.ru/chat/internal/handlers/test_helpers.go:430.124,437.17 5 1
helixtrack.ru/chat/internal/handlers/test_helpers.go:437.17,439.3 1 1
helixtrack.ru/chat/internal/handlers/test_helpers.go:441.2,444.13 3 1
helixtrack.ru/chat/internal/handlers/test_helpers.go:448.91,458.2 5 1
helixtrack.ru/chat/internal/handlers/test_helpers.go:461.135,468.28 5 1
helixtrack.ru/chat/internal/handlers/test_helpers.go:468.28,470.3 1 1
helixtrack.ru/chat/internal/handlers/test_helpers.go:472.2,472.17 1 1
helixtrack.ru/chat/internal/handlers/test_helpers.go:476.80,489.2 2 1
helixtrack.ru/chat/internal/handlers/test_helpers.go:492.99,508.2 3 1
helixtrack.ru/chat/internal/handlers/test_helpers.go:511.118,520.2 2 1
