mode: atomic
github.com/helixtrack/attachments-service/internal/storage/adapters/adapter.go:70.48,71.22 1 0
github.com/helixtrack/attachments-service/internal/storage/adapters/adapter.go:71.22,73.3 1 0
github.com/helixtrack/attachments-service/internal/storage/adapters/adapter.go:77.46,79.2 1 0
github.com/helixtrack/attachments-service/internal/storage/adapters/adapter.go:82.38,84.2 1 0
github.com/helixtrack/attachments-service/internal/storage/adapters/adapter.go:99.39,100.18 1 0
github.com/helixtrack/attachments-service/internal/storage/adapters/adapter.go:100.18,102.3 1 0
github.com/helixtrack/attachments-service/internal/storage/adapters/adapter.go:103.2,103.50 1 0
github.com/helixtrack/attachments-service/internal/storage/adapters/adapter.go:106.39,108.2 1 0
github.com/helixtrack/attachments-service/internal/storage/adapters/adapter.go:111.71,117.2 1 0
github.com/helixtrack/attachments-service/internal/storage/adapters/helpers.go:9.51,11.2 1 0
github.com/helixtrack/attachments-service/internal/storage/adapters/local.go:21.82,23.52 1 0
github.com/helixtrack/attachments-service/internal/storage/adapters/local.go:23.52,25.3 1 0
github.com/helixtrack/attachments-service/internal/storage/adapters/local.go:28.2,29.69 2 0
github.com/helixtrack/attachments-service/internal/storage/adapters/local.go:29.69,31.3 1 0
github.com/helixtrack/attachments-service/internal/storage/adapters/local.go:32.2,37.8 2 0
github.com/helixtrack/attachments-service/internal/storage/adapters/local.go:42.87,43.19 1 0
github.com/helixtrack/attachments-service/internal/storage/adapters/local.go:43.19,45.3 1 0
github.com/helixtrack/attachments-service/internal/storage/adapters/local.go:48.2,52.52 4 0
github.com/helixtrack/attachments-service/internal/storage/adapters/local.go:52.52,54.3 1 0
github.com/helixtrack/attachments-service/internal/storage/adapters/local.go:57.2,60.45 2 0
github.com/helixtrack/attachments-service/internal/storage/adapters/local.go:60.45,66.3 2 0
github.com/helixtrack/attachments-service/internal/storage/adapters/local.go:69.2,71.16 3 0
github.com/helixtrack/attachments-service/internal/storage/adapters/local.go:71.16,73.3 1 0
github.com/helixtrack/attachments-service/internal/storage/adapters/local.go:76.2,79.16 3 0
github.com/helixtrack/attachments-service/internal/storage/adapters/local.go:79.16,82.3 2 0
github.com/helixtrack/attachments-service/internal/storage/adapters/local.go:85.2,85.21 1 0
github.com/helixtrack/attachments-service/internal/storage/adapters/local.go:85.21,88.3 2 0
github.com/helixtrack/attachments-service/internal/storage/adapters/local.go:91.2,91.54 1 0
github.com/helixtrack/attachments-service/internal/storage/adapters/local.go:91.54,94.3 2 0
github.com/helixtrack/attachments-service/internal/storage/adapters/local.go:96.2,102.41 2 0
github.com/helixtrack/attachments-service/internal/storage/adapters/local.go:106.69,110.16 3 0
github.com/helixtrack/attachments-service/internal/storage/adapters/local.go:110.16,111.25 1 0
github.com/helixtrack/attachments-service/internal/storage/adapters/local.go:111.25,113.4 1 0
github.com/helixtrack/attachments-service/internal/storage/adapters/local.go:114.3,114.53 1 0
github.com/helixtrack/attachments-service/internal/storage/adapters/local.go:117.2,117.18 1 0
github.com/helixtrack/attachments-service/internal/storage/adapters/local.go:121.50,124.44 2 0
github.com/helixtrack/attachments-service/internal/storage/adapters/local.go:124.44,125.25 1 0
github.com/helixtrack/attachments-service/internal/storage/adapters/local.go:125.25,127.4 1 0
github.com/helixtrack/attachments-service/internal/storage/adapters/local.go:128.3,128.50 1 0
github.com/helixtrack/attachments-service/internal/storage/adapters/local.go:131.2,138.12 3 0
github.com/helixtrack/attachments-service/internal/storage/adapters/local.go:142.58,146.16 3 0
github.com/helixtrack/attachments-service/internal/storage/adapters/local.go:146.16,148.3 1 0
github.com/helixtrack/attachments-service/internal/storage/adapters/local.go:149.2,149.24 1 0
github.com/helixtrack/attachments-service/internal/storage/adapters/local.go:149.24,151.3 1 0
github.com/helixtrack/attachments-service/internal/storage/adapters/local.go:152.2,152.54 1 0
github.com/helixtrack/attachments-service/internal/storage/adapters/local.go:156.60,160.16 3 0
github.com/helixtrack/attachments-service/internal/storage/adapters/local.go:160.16,161.25 1 0
github.com/helixtrack/attachments-service/internal/storage/adapters/local.go:161.25,163.4 1 0
github.com/helixtrack/attachments-service/internal/storage/adapters/local.go:164.3,164.51 1 0
github.com/helixtrack/attachments-service/internal/storage/adapters/local.go:167.2,167.25 1 0
github.com/helixtrack/attachments-service/internal/storage/adapters/local.go:171.72,175.16 3 0
github.com/helixtrack/attachments-service/internal/storage/adapters/local.go:175.16,176.25 1 0
github.com/helixtrack/attachments-service/internal/storage/adapters/local.go:176.25,181.4 1 0
github.com/helixtrack/attachments-service/internal/storage/adapters/local.go:182.3,182.53 1 0
github.com/helixtrack/attachments-service/internal/storage/adapters/local.go:185.2,190.8 1 0
github.com/helixtrack/attachments-service/internal/storage/adapters/local.go:194.37,197.67 2 0
github.com/helixtrack/attachments-service/internal/storage/adapters/local.go:197.67,199.3 1 0
github.com/helixtrack/attachments-service/internal/storage/adapters/local.go:202.2,203.12 2 0
github.com/helixtrack/attachments-service/internal/storage/adapters/local.go:207.61,209.58 2 0
github.com/helixtrack/attachments-service/internal/storage/adapters/local.go:209.58,211.3 1 0
github.com/helixtrack/attachments-service/internal/storage/adapters/local.go:214.2,225.22 6 0
github.com/helixtrack/attachments-service/internal/storage/adapters/local.go:229.41,231.2 1 0
github.com/helixtrack/attachments-service/internal/storage/adapters/local.go:234.64,236.82 1 0
github.com/helixtrack/attachments-service/internal/storage/adapters/local.go:236.82,238.3 1 0
github.com/helixtrack/attachments-service/internal/storage/adapters/local.go:241.2,241.48 1 0
github.com/helixtrack/attachments-service/internal/storage/adapters/local.go:245.64,247.16 2 0
github.com/helixtrack/attachments-service/internal/storage/adapters/local.go:247.16,250.3 1 0
github.com/helixtrack/attachments-service/internal/storage/adapters/local.go:251.2,251.16 1 0
github.com/helixtrack/attachments-service/internal/storage/adapters/local.go:255.58,259.63 2 0
github.com/helixtrack/attachments-service/internal/storage/adapters/local.go:259.63,261.3 1 0
github.com/helixtrack/attachments-service/internal/storage/adapters/local.go:264.2,265.36 2 0
github.com/helixtrack/attachments-service/internal/storage/adapters/local.go:265.36,267.3 1 0
github.com/helixtrack/attachments-service/internal/storage/adapters/local.go:270.2,270.39 1 0
github.com/helixtrack/attachments-service/internal/storage/adapters/local.go:270.39,276.3 2 0
github.com/helixtrack/attachments-service/internal/storage/adapters/local.go:278.2,283.25 2 0
github.com/helixtrack/attachments-service/internal/storage/adapters/local.go:287.54,290.88 2 0
github.com/helixtrack/attachments-service/internal/storage/adapters/local.go:290.88,291.17 1 0
github.com/helixtrack/attachments-service/internal/storage/adapters/local.go:291.17,293.4 1 0
github.com/helixtrack/attachments-service/internal/storage/adapters/local.go:296.3,296.44 1 0
github.com/helixtrack/attachments-service/internal/storage/adapters/local.go:296.44,298.4 1 0
github.com/helixtrack/attachments-service/internal/storage/adapters/local.go:300.3,302.13 3 0
github.com/helixtrack/attachments-service/internal/storage/adapters/local.go:305.2,305.16 1 0
github.com/helixtrack/attachments-service/internal/storage/adapters/local.go:305.16,307.3 1 0
github.com/helixtrack/attachments-service/internal/storage/adapters/local.go:309.2,309.19 1 0
github.com/helixtrack/attachments-service/internal/storage/adapters/local.go:313.65,319.88 2 0
github.com/helixtrack/attachments-service/internal/storage/adapters/local.go:319.88,320.17 1 0
github.com/helixtrack/attachments-service/internal/storage/adapters/local.go:320.17,322.4 1 0
github.com/helixtrack/attachments-service/internal/storage/adapters/local.go:325.3,325.44 1 0
github.com/helixtrack/attachments-service/internal/storage/adapters/local.go:325.44,327.4 1 0
github.com/helixtrack/attachments-service/internal/storage/adapters/local.go:329.3,331.13 3 0
github.com/helixtrack/attachments-service/internal/storage/adapters/local.go:334.2,334.16 1 0
github.com/helixtrack/attachments-service/internal/storage/adapters/local.go:334.16,336.3 1 0
github.com/helixtrack/attachments-service/internal/storage/adapters/local.go:338.2,338.19 1 0
github.com/helixtrack/attachments-service/internal/storage/adapters/local.go:348.56,353.16 3 0
github.com/helixtrack/attachments-service/internal/storage/adapters/local.go:353.16,355.3 1 0
github.com/helixtrack/attachments-service/internal/storage/adapters/local.go:358.2,358.46 1 0
github.com/helixtrack/attachments-service/internal/storage/adapters/local.go:358.46,360.3 1 0
github.com/helixtrack/attachments-service/internal/storage/adapters/local.go:362.2,362.12 1 0
github.com/helixtrack/attachments-service/internal/storage/adapters/local.go:366.60,372.16 4 0
github.com/helixtrack/attachments-service/internal/storage/adapters/local.go:372.16,374.3 1 0
github.com/helixtrack/attachments-service/internal/storage/adapters/local.go:375.2,379.50 3 0
github.com/helixtrack/attachments-service/internal/storage/adapters/local.go:379.50,381.3 1 0
github.com/helixtrack/attachments-service/internal/storage/adapters/local.go:384.2,385.16 2 0
github.com/helixtrack/attachments-service/internal/storage/adapters/local.go:385.16,387.3 1 0
github.com/helixtrack/attachments-service/internal/storage/adapters/local.go:388.2,391.53 2 0
github.com/helixtrack/attachments-service/internal/storage/adapters/local.go:391.53,393.3 1 0
github.com/helixtrack/attachments-service/internal/storage/adapters/local.go:395.2,400.12 2 0
github.com/helixtrack/attachments-service/internal/storage/adapters/local.go:404.78,407.63 2 0
github.com/helixtrack/attachments-service/internal/storage/adapters/local.go:407.63,409.3 1 0
github.com/helixtrack/attachments-service/internal/storage/adapters/local.go:411.2,411.12 1 0
github.com/helixtrack/attachments-service/internal/storage/adapters/minio.go:36.104,37.16 1 0
github.com/helixtrack/attachments-service/internal/storage/adapters/minio.go:37.16,39.3 1 0
github.com/helixtrack/attachments-service/internal/storage/adapters/minio.go:41.2,41.24 1 0
github.com/helixtrack/attachments-service/internal/storage/adapters/minio.go:41.24,43.3 1 0
github.com/helixtrack/attachments-service/internal/storage/adapters/minio.go:45.2,45.22 1 0
github.com/helixtrack/attachments-service/internal/storage/adapters/minio.go:45.22,47.3 1 0
github.com/helixtrack/attachments-service/internal/storage/adapters/minio.go:50.2,64.16 3 0
github.com/helixtrack/attachments-service/internal/storage/adapters/minio.go:64.16,66.3 1 0
github.com/helixtrack/attachments-service/internal/storage/adapters/minio.go:68.2,76.8 2 0
github.com/helixtrack/attachments-service/internal/storage/adapters/minio.go:80.41,82.2 1 0
github.com/helixtrack/attachments-service/internal/storage/adapters/minio.go:85.62,87.12 2 0
github.com/helixtrack/attachments-service/internal/storage/adapters/minio.go:87.12,89.3 1 0
github.com/helixtrack/attachments-service/internal/storage/adapters/minio.go:92.2,92.25 1 0
github.com/helixtrack/attachments-service/internal/storage/adapters/minio.go:92.25,94.3 1 0
github.com/helixtrack/attachments-service/internal/storage/adapters/minio.go:96.2,96.49 1 0
github.com/helixtrack/attachments-service/internal/storage/adapters/minio.go:100.33,102.2 1 0
github.com/helixtrack/attachments-service/internal/storage/adapters/minio.go:105.64,108.16 2 0
github.com/helixtrack/attachments-service/internal/storage/adapters/minio.go:108.16,112.3 1 0
github.com/helixtrack/attachments-service/internal/storage/adapters/minio.go:114.2,114.12 1 0
github.com/helixtrack/attachments-service/internal/storage/adapters/minio.go:118.64,123.16 2 0
github.com/helixtrack/attachments-service/internal/storage/adapters/minio.go:123.16,125.3 1 0
github.com/helixtrack/attachments-service/internal/storage/adapters/minio.go:127.2,131.12 2 0
github.com/helixtrack/attachments-service/internal/storage/adapters/minio.go:135.64,140.16 2 0
github.com/helixtrack/attachments-service/internal/storage/adapters/minio.go:140.16,142.3 1 0
github.com/helixtrack/attachments-service/internal/storage/adapters/minio.go:144.2,148.12 2 0
github.com/helixtrack/attachments-service/internal/storage/adapters/minio.go:152.82,158.16 2 0
github.com/helixtrack/attachments-service/internal/storage/adapters/minio.go:158.16,160.3 1 0
github.com/helixtrack/attachments-service/internal/storage/adapters/minio.go:162.2,166.12 2 0
github.com/helixtrack/attachments-service/internal/storage/adapters/minio.go:170.77,175.16 2 0
github.com/helixtrack/attachments-service/internal/storage/adapters/minio.go:175.16,177.3 1 0
github.com/helixtrack/attachments-service/internal/storage/adapters/minio.go:179.2,179.41 1 0
github.com/helixtrack/attachments-service/internal/storage/adapters/s3.go:53.95,54.16 1 0
github.com/helixtrack/attachments-service/internal/storage/adapters/s3.go:54.16,56.3 1 0
github.com/helixtrack/attachments-service/internal/storage/adapters/s3.go:58.2,58.22 1 0
github.com/helixtrack/attachments-service/internal/storage/adapters/s3.go:58.22,60.3 1 0
github.com/helixtrack/attachments-service/internal/storage/adapters/s3.go:62.2,62.22 1 0
github.com/helixtrack/attachments-service/internal/storage/adapters/s3.go:62.22,64.3 1 0
github.com/helixtrack/attachments-service/internal/storage/adapters/s3.go:67.2,68.16 2 0
github.com/helixtrack/attachments-service/internal/storage/adapters/s3.go:68.16,70.3 1 0
github.com/helixtrack/attachments-service/internal/storage/adapters/s3.go:73.2,73.57 1 0
github.com/helixtrack/attachments-service/internal/storage/adapters/s3.go:73.57,74.25 1 0
github.com/helixtrack/attachments-service/internal/storage/adapters/s3.go:74.25,76.4 1 0
github.com/helixtrack/attachments-service/internal/storage/adapters/s3.go:77.3,77.23 1 0
github.com/helixtrack/attachments-service/internal/storage/adapters/s3.go:77.23,79.4 1 0
github.com/helixtrack/attachments-service/internal/storage/adapters/s3.go:82.2,92.56 2 0
github.com/helixtrack/attachments-service/internal/storage/adapters/s3.go:92.56,94.3 1 0
github.com/helixtrack/attachments-service/internal/storage/adapters/s3.go:96.2,102.21 2 0
github.com/helixtrack/attachments-service/internal/storage/adapters/s3.go:106.77,120.16 3 0
github.com/helixtrack/attachments-service/internal/storage/adapters/s3.go:120.16,122.3 1 0
github.com/helixtrack/attachments-service/internal/storage/adapters/s3.go:124.2,124.20 1 0
github.com/helixtrack/attachments-service/internal/storage/adapters/s3.go:128.67,133.16 2 0
github.com/helixtrack/attachments-service/internal/storage/adapters/s3.go:133.16,135.3 1 0
github.com/helixtrack/attachments-service/internal/storage/adapters/s3.go:137.2,137.12 1 0
github.com/helixtrack/attachments-service/internal/storage/adapters/s3.go:141.84,142.19 1 0
github.com/helixtrack/attachments-service/internal/storage/adapters/s3.go:142.19,144.3 1 0
github.com/helixtrack/attachments-service/internal/storage/adapters/s3.go:147.2,156.16 4 0
github.com/helixtrack/attachments-service/internal/storage/adapters/s3.go:156.16,163.3 2 0
github.com/helixtrack/attachments-service/internal/storage/adapters/s3.go:166.2,168.16 3 0
github.com/helixtrack/attachments-service/internal/storage/adapters/s3.go:168.16,170.3 1 0
github.com/helixtrack/attachments-service/internal/storage/adapters/s3.go:172.2,172.21 1 0
github.com/helixtrack/attachments-service/internal/storage/adapters/s3.go:172.21,174.3 1 0
github.com/helixtrack/attachments-service/internal/storage/adapters/s3.go:177.2,185.41 2 0
github.com/helixtrack/attachments-service/internal/storage/adapters/s3.go:185.41,187.3 1 0
github.com/helixtrack/attachments-service/internal/storage/adapters/s3.go:190.2,190.33 1 0
github.com/helixtrack/attachments-service/internal/storage/adapters/s3.go:190.33,192.3 1 0
github.com/helixtrack/attachments-service/internal/storage/adapters/s3.go:195.2,196.16 2 0
github.com/helixtrack/attachments-service/internal/storage/adapters/s3.go:196.16,198.3 1 0
github.com/helixtrack/attachments-service/internal/storage/adapters/s3.go:200.2,206.17 2 0
github.com/helixtrack/attachments-service/internal/storage/adapters/s3.go:210.66,218.16 3 0
github.com/helixtrack/attachments-service/internal/storage/adapters/s3.go:218.16,220.3 1 0
github.com/helixtrack/attachments-service/internal/storage/adapters/s3.go:222.2,222.25 1 0
github.com/helixtrack/attachments-service/internal/storage/adapters/s3.go:226.47,234.16 3 0
github.com/helixtrack/attachments-service/internal/storage/adapters/s3.go:234.16,236.3 1 0
github.com/helixtrack/attachments-service/internal/storage/adapters/s3.go:238.2,242.12 2 0
github.com/helixtrack/attachments-service/internal/storage/adapters/s3.go:246.55,254.16 3 0
github.com/helixtrack/attachments-service/internal/storage/adapters/s3.go:254.16,256.27 1 0
github.com/helixtrack/attachments-service/internal/storage/adapters/s3.go:256.27,258.4 1 0
github.com/helixtrack/attachments-service/internal/storage/adapters/s3.go:259.3,259.53 1 0
github.com/helixtrack/attachments-service/internal/storage/adapters/s3.go:262.2,262.18 1 0
github.com/helixtrack/attachments-service/internal/storage/adapters/s3.go:266.57,274.16 3 0
github.com/helixtrack/attachments-service/internal/storage/adapters/s3.go:274.16,275.27 1 0
github.com/helixtrack/attachments-service/internal/storage/adapters/s3.go:275.27,277.4 1 0
github.com/helixtrack/attachments-service/internal/storage/adapters/s3.go:278.3,278.47 1 0
github.com/helixtrack/attachments-service/internal/storage/adapters/s3.go:281.2,281.47 1 0
github.com/helixtrack/attachments-service/internal/storage/adapters/s3.go:285.69,293.16 3 0
github.com/helixtrack/attachments-service/internal/storage/adapters/s3.go:293.16,294.27 1 0
github.com/helixtrack/attachments-service/internal/storage/adapters/s3.go:294.27,299.4 1 0
github.com/helixtrack/attachments-service/internal/storage/adapters/s3.go:300.3,300.53 1 0
github.com/helixtrack/attachments-service/internal/storage/adapters/s3.go:303.2,304.32 2 0
github.com/helixtrack/attachments-service/internal/storage/adapters/s3.go:304.32,306.3 1 0
github.com/helixtrack/attachments-service/internal/storage/adapters/s3.go:308.2,313.8 1 0
github.com/helixtrack/attachments-service/internal/storage/adapters/s3.go:317.34,319.2 1 0
github.com/helixtrack/attachments-service/internal/storage/adapters/s3.go:323.58,332.2 1 0
github.com/helixtrack/attachments-service/internal/storage/adapters/s3.go:335.38,337.2 1 0
github.com/helixtrack/attachments-service/internal/storage/adapters/s3.go:340.50,348.20 4 0
github.com/helixtrack/attachments-service/internal/storage/adapters/s3.go:348.20,350.3 1 0
github.com/helixtrack/attachments-service/internal/storage/adapters/s3.go:353.2,355.12 2 0
github.com/helixtrack/attachments-service/internal/storage/adapters/s3.go:359.91,367.35 3 0
github.com/helixtrack/attachments-service/internal/storage/adapters/s3.go:367.35,369.3 1 0
github.com/helixtrack/attachments-service/internal/storage/adapters/s3.go:371.2,371.16 1 0
github.com/helixtrack/attachments-service/internal/storage/adapters/s3.go:371.16,373.3 1 0
github.com/helixtrack/attachments-service/internal/storage/adapters/s3.go:375.2,380.25 2 0
github.com/helixtrack/attachments-service/internal/storage/adapters/s3.go:384.97,394.35 4 0
github.com/helixtrack/attachments-service/internal/storage/adapters/s3.go:394.35,396.3 1 0
github.com/helixtrack/attachments-service/internal/storage/adapters/s3.go:398.2,398.16 1 0
github.com/helixtrack/attachments-service/internal/storage/adapters/s3.go:398.16,400.3 1 0
github.com/helixtrack/attachments-service/internal/storage/adapters/s3.go:402.2,407.25 2 0
github.com/helixtrack/attachments-service/internal/storage/adapters/s3.go:411.51,418.53 5 0
github.com/helixtrack/attachments-service/internal/storage/adapters/s3.go:418.53,420.3 1 0
github.com/helixtrack/attachments-service/internal/storage/adapters/s3.go:422.2,422.6 1 0
github.com/helixtrack/attachments-service/internal/storage/adapters/s3.go:422.6,430.17 3 0
github.com/helixtrack/attachments-service/internal/storage/adapters/s3.go:430.17,432.4 1 0
github.com/helixtrack/attachments-service/internal/storage/adapters/s3.go:434.3,434.39 1 0
github.com/helixtrack/attachments-service/internal/storage/adapters/s3.go:434.39,436.4 1 0
github.com/helixtrack/attachments-service/internal/storage/adapters/s3.go:438.3,438.38 1 0
github.com/helixtrack/attachments-service/internal/storage/adapters/s3.go:438.38,439.9 1 0
github.com/helixtrack/attachments-service/internal/storage/adapters/s3.go:442.3,442.51 1 0
github.com/helixtrack/attachments-service/internal/storage/adapters/s3.go:445.2,445.19 1 0
github.com/helixtrack/attachments-service/internal/storage/adapters/s3.go:449.62,451.16 2 0
github.com/helixtrack/attachments-service/internal/storage/adapters/s3.go:451.16,453.3 1 0
github.com/helixtrack/attachments-service/internal/storage/adapters/s3.go:455.2,462.28 3 0
github.com/helixtrack/attachments-service/internal/storage/adapters/s3.go:462.28,468.17 2 0
github.com/helixtrack/attachments-service/internal/storage/adapters/s3.go:468.17,473.12 2 0
github.com/helixtrack/attachments-service/internal/storage/adapters/s3.go:476.3,476.56 1 0
github.com/helixtrack/attachments-service/internal/storage/adapters/s3.go:479.2,479.19 1 0
github.com/helixtrack/attachments-service/internal/storage/adapters/s3.go:483.57,494.16 4 0
github.com/helixtrack/attachments-service/internal/storage/adapters/s3.go:494.16,496.3 1 0
github.com/helixtrack/attachments-service/internal/storage/adapters/s3.go:498.2,503.12 2 0
github.com/helixtrack/attachments-service/internal/storage/adapters/s3.go:507.38,508.16 1 0
github.com/helixtrack/attachments-service/internal/storage/adapters/s3.go:508.16,510.3 1 0
github.com/helixtrack/attachments-service/internal/storage/adapters/s3.go:512.2,515.34 2 0
github.com/helixtrack/attachments-service/internal/config/config.go:132.41,134.16 2 0
github.com/helixtrack/attachments-service/internal/config/config.go:134.16,136.3 1 0
github.com/helixtrack/attachments-service/internal/config/config.go:138.2,139.51 2 0
github.com/helixtrack/attachments-service/internal/config/config.go:139.51,141.3 1 0
github.com/helixtrack/attachments-service/internal/config/config.go:144.2,147.39 2 0
github.com/helixtrack/attachments-service/internal/config/config.go:147.39,149.3 1 0
github.com/helixtrack/attachments-service/internal/config/config.go:152.2,154.18 2 0
github.com/helixtrack/attachments-service/internal/config/config.go:158.38,159.50 1 0
github.com/helixtrack/attachments-service/internal/config/config.go:159.50,161.3 1 0
github.com/helixtrack/attachments-service/internal/config/config.go:162.2,162.62 1 0
github.com/helixtrack/attachments-service/internal/config/config.go:162.62,164.3 1 0
github.com/helixtrack/attachments-service/internal/config/config.go:165.2,165.59 1 0
github.com/helixtrack/attachments-service/internal/config/config.go:165.59,167.3 1 0
github.com/helixtrack/attachments-service/internal/config/config.go:171.35,173.50 1 0
github.com/helixtrack/attachments-service/internal/config/config.go:173.50,175.3 1 0
github.com/helixtrack/attachments-service/internal/config/config.go:177.2,177.35 1 0
github.com/helixtrack/attachments-service/internal/config/config.go:177.35,178.54 1 0
github.com/helixtrack/attachments-service/internal/config/config.go:178.54,180.4 1 0
github.com/helixtrack/attachments-service/internal/config/config.go:184.2,184.71 1 0
github.com/helixtrack/attachments-service/internal/config/config.go:184.71,186.3 1 0
github.com/helixtrack/attachments-service/internal/config/config.go:188.2,188.37 1 0
github.com/helixtrack/attachments-service/internal/config/config.go:188.37,189.28 1 0
github.com/helixtrack/attachments-service/internal/config/config.go:189.28,191.4 1 0
github.com/helixtrack/attachments-service/internal/config/config.go:192.3,192.32 1 0
github.com/helixtrack/attachments-service/internal/config/config.go:192.32,194.4 1 0
github.com/helixtrack/attachments-service/internal/config/config.go:198.2,198.35 1 0
github.com/helixtrack/attachments-service/internal/config/config.go:198.35,200.3 1 0
github.com/helixtrack/attachments-service/internal/config/config.go:202.2,203.47 2 0
github.com/helixtrack/attachments-service/internal/config/config.go:203.47,204.33 1 0
github.com/helixtrack/attachments-service/internal/config/config.go:204.33,206.4 1 0
github.com/helixtrack/attachments-service/internal/config/config.go:208.2,208.23 1 0
github.com/helixtrack/attachments-service/internal/config/config.go:208.23,210.3 1 0
github.com/helixtrack/attachments-service/internal/config/config.go:211.2,211.22 1 0
github.com/helixtrack/attachments-service/internal/config/config.go:211.22,213.3 1 0
github.com/helixtrack/attachments-service/internal/config/config.go:216.2,216.32 1 0
github.com/helixtrack/attachments-service/internal/config/config.go:216.32,218.3 1 0
github.com/helixtrack/attachments-service/internal/config/config.go:220.2,220.35 1 0
github.com/helixtrack/attachments-service/internal/config/config.go:220.35,222.3 1 0
github.com/helixtrack/attachments-service/internal/config/config.go:224.2,224.43 1 0
github.com/helixtrack/attachments-service/internal/config/config.go:224.43,226.3 1 0
github.com/helixtrack/attachments-service/internal/config/config.go:228.2,228.12 1 0
github.com/helixtrack/attachments-service/internal/config/config.go:232.32,234.26 1 0
github.com/helixtrack/attachments-service/internal/config/config.go:234.26,236.3 1 0
github.com/helixtrack/attachments-service/internal/config/config.go:237.2,237.33 1 0
github.com/helixtrack/attachments-service/internal/config/config.go:237.33,239.3 1 0
github.com/helixtrack/attachments-service/internal/config/config.go:240.2,240.32 1 0
github.com/helixtrack/attachments-service/internal/config/config.go:240.32,242.3 1 0
github.com/helixtrack/attachments-service/internal/config/config.go:243.2,243.33 1 0
github.com/helixtrack/attachments-service/internal/config/config.go:243.33,245.3 1 0
github.com/helixtrack/attachments-service/internal/config/config.go:246.2,246.35 1 0
github.com/helixtrack/attachments-service/internal/config/config.go:246.35,248.3 1 0
github.com/helixtrack/attachments-service/internal/config/config.go:251.2,251.36 1 0
github.com/helixtrack/attachments-service/internal/config/config.go:251.36,253.3 1 0
github.com/helixtrack/attachments-service/internal/config/config.go:254.2,254.37 1 0
github.com/helixtrack/attachments-service/internal/config/config.go:254.37,256.3 1 0
github.com/helixtrack/attachments-service/internal/config/config.go:257.2,257.39 1 0
github.com/helixtrack/attachments-service/internal/config/config.go:257.39,259.3 1 0
github.com/helixtrack/attachments-service/internal/config/config.go:260.2,260.40 1 0
github.com/helixtrack/attachments-service/internal/config/config.go:260.40,262.3 1 0
github.com/helixtrack/attachments-service/internal/config/config.go:263.2,263.30 1 0
github.com/helixtrack/attachments-service/internal/config/config.go:263.30,265.3 1 0
github.com/helixtrack/attachments-service/internal/config/config.go:268.2,268.37 1 0
github.com/helixtrack/attachments-service/internal/config/config.go:268.37,270.3 1 0
github.com/helixtrack/attachments-service/internal/config/config.go:271.2,271.48 1 0
github.com/helixtrack/attachments-service/internal/config/config.go:271.48,273.3 1 0
github.com/helixtrack/attachments-service/internal/config/config.go:274.2,274.41 1 0
github.com/helixtrack/attachments-service/internal/config/config.go:274.41,276.3 1 0
github.com/helixtrack/attachments-service/internal/config/config.go:279.2,279.32 1 0
github.com/helixtrack/attachments-service/internal/config/config.go:279.32,281.3 1 0
github.com/helixtrack/attachments-service/internal/config/config.go:282.2,282.35 1 0
github.com/helixtrack/attachments-service/internal/config/config.go:282.35,284.3 1 0
github.com/helixtrack/attachments-service/internal/config/config.go:285.2,285.49 1 0
github.com/helixtrack/attachments-service/internal/config/config.go:285.49,287.3 1 0
github.com/helixtrack/attachments-service/internal/config/config.go:288.2,288.50 1 0
github.com/helixtrack/attachments-service/internal/config/config.go:288.50,290.3 1 0
github.com/helixtrack/attachments-service/internal/config/config.go:291.2,291.57 1 0
github.com/helixtrack/attachments-service/internal/config/config.go:291.57,293.3 1 0
github.com/helixtrack/attachments-service/internal/config/config.go:294.2,294.59 1 0
github.com/helixtrack/attachments-service/internal/config/config.go:294.59,296.3 1 0
github.com/helixtrack/attachments-service/internal/config/config.go:297.2,297.56 1 0
github.com/helixtrack/attachments-service/internal/config/config.go:297.56,299.3 1 0
github.com/helixtrack/attachments-service/internal/config/config.go:300.2,300.58 1 0
github.com/helixtrack/attachments-service/internal/config/config.go:300.58,302.3 1 0
github.com/helixtrack/attachments-service/internal/config/config.go:303.2,303.58 1 0
github.com/helixtrack/attachments-service/internal/config/config.go:303.58,305.3 1 0
github.com/helixtrack/attachments-service/internal/config/config.go:306.2,306.54 1 0
github.com/helixtrack/attachments-service/internal/config/config.go:306.54,308.3 1 0
github.com/helixtrack/attachments-service/internal/config/config.go:309.2,309.55 1 0
github.com/helixtrack/attachments-service/internal/config/config.go:309.55,311.3 1 0
github.com/helixtrack/attachments-service/internal/config/config.go:312.2,312.52 1 0
github.com/helixtrack/attachments-service/internal/config/config.go:312.52,314.3 1 0
github.com/helixtrack/attachments-service/internal/config/config.go:315.2,315.53 1 0
github.com/helixtrack/attachments-service/internal/config/config.go:315.53,317.3 1 0
github.com/helixtrack/attachments-service/internal/config/config.go:318.2,318.56 1 0
github.com/helixtrack/attachments-service/internal/config/config.go:318.56,320.3 1 0
github.com/helixtrack/attachments-service/internal/config/config.go:323.2,323.27 1 0
github.com/helixtrack/attachments-service/internal/config/config.go:323.27,325.3 1 0
github.com/helixtrack/attachments-service/internal/config/config.go:326.2,326.28 1 0
github.com/helixtrack/attachments-service/internal/config/config.go:326.28,328.3 1 0
github.com/helixtrack/attachments-service/internal/config/config.go:329.2,329.28 1 0
github.com/helixtrack/attachments-service/internal/config/config.go:329.28,331.3 1 0
github.com/helixtrack/attachments-service/internal/config/config.go:334.2,334.35 1 0
github.com/helixtrack/attachments-service/internal/config/config.go:334.35,336.3 1 0
github.com/helixtrack/attachments-service/internal/config/config.go:337.2,337.26 1 0
github.com/helixtrack/attachments-service/internal/config/config.go:337.26,339.3 1 0
github.com/helixtrack/attachments-service/internal/config/config.go:343.42,344.18 1 0
github.com/helixtrack/attachments-service/internal/config/config.go:345.18,355.4 1 0
github.com/helixtrack/attachments-service/internal/config/config.go:356.17,357.20 1 0
github.com/helixtrack/attachments-service/internal/config/config.go:358.10,359.12 1 0
github.com/helixtrack/attachments-service/internal/models/access_log.go:34.45,40.2 1 0
github.com/helixtrack/attachments-service/internal/models/access_log.go:43.38,44.16 1 0
github.com/helixtrack/attachments-service/internal/models/access_log.go:44.16,46.3 1 0
github.com/helixtrack/attachments-service/internal/models/access_log.go:47.2,47.30 1 0
github.com/helixtrack/attachments-service/internal/models/access_log.go:47.30,49.3 1 0
github.com/helixtrack/attachments-service/internal/models/access_log.go:50.2,50.22 1 0
github.com/helixtrack/attachments-service/internal/models/access_log.go:50.22,52.3 1 0
github.com/helixtrack/attachments-service/internal/models/access_log.go:53.2,53.73 1 0
github.com/helixtrack/attachments-service/internal/models/access_log.go:53.73,55.3 1 0
github.com/helixtrack/attachments-service/internal/models/access_log.go:56.2,56.12 1 0
github.com/helixtrack/attachments-service/internal/models/access_log.go:60.47,62.2 1 0
github.com/helixtrack/attachments-service/internal/models/access_log.go:65.46,67.2 1 0
github.com/helixtrack/attachments-service/internal/models/access_log.go:70.46,72.2 1 0
github.com/helixtrack/attachments-service/internal/models/access_log.go:75.45,77.2 1 0
github.com/helixtrack/attachments-service/internal/models/access_log.go:80.45,82.2 1 0
github.com/helixtrack/attachments-service/internal/models/access_log.go:85.41,86.16 1 0
github.com/helixtrack/attachments-service/internal/models/access_log.go:86.16,89.3 2 0
github.com/helixtrack/attachments-service/internal/models/access_log.go:93.45,95.2 1 0
github.com/helixtrack/attachments-service/internal/models/access_log.go:98.38,100.2 1 0
github.com/helixtrack/attachments-service/internal/models/access_log.go:103.36,105.2 1 0
github.com/helixtrack/attachments-service/internal/models/access_log.go:120.71,130.2 2 0
github.com/helixtrack/attachments-service/internal/models/access_log.go:133.41,134.19 1 0
github.com/helixtrack/attachments-service/internal/models/access_log.go:134.19,136.3 1 0
github.com/helixtrack/attachments-service/internal/models/access_log.go:137.2,137.25 1 0
github.com/helixtrack/attachments-service/internal/models/access_log.go:137.25,139.3 1 0
github.com/helixtrack/attachments-service/internal/models/access_log.go:140.2,140.22 1 0
github.com/helixtrack/attachments-service/internal/models/access_log.go:140.22,142.3 1 0
github.com/helixtrack/attachments-service/internal/models/access_log.go:143.2,143.25 1 0
github.com/helixtrack/attachments-service/internal/models/access_log.go:143.25,145.3 1 0
github.com/helixtrack/attachments-service/internal/models/access_log.go:146.2,146.25 1 0
github.com/helixtrack/attachments-service/internal/models/access_log.go:146.25,148.3 1 0
github.com/helixtrack/attachments-service/internal/models/access_log.go:149.2,149.38 1 0
github.com/helixtrack/attachments-service/internal/models/access_log.go:149.38,151.3 1 0
github.com/helixtrack/attachments-service/internal/models/access_log.go:152.2,152.20 1 0
github.com/helixtrack/attachments-service/internal/models/access_log.go:152.20,154.3 1 0
github.com/helixtrack/attachments-service/internal/models/access_log.go:155.2,155.12 1 0
github.com/helixtrack/attachments-service/internal/models/access_log.go:159.41,161.2 1 0
github.com/helixtrack/attachments-service/internal/models/access_log.go:164.43,166.2 1 0
github.com/helixtrack/attachments-service/internal/models/access_log.go:169.39,171.2 1 0
github.com/helixtrack/attachments-service/internal/models/access_log.go:174.55,175.19 1 0
github.com/helixtrack/attachments-service/internal/models/access_log.go:175.19,177.3 1 0
github.com/helixtrack/attachments-service/internal/models/access_log.go:178.2,178.21 1 0
github.com/helixtrack/attachments-service/internal/models/access_log.go:178.21,180.3 1 0
github.com/helixtrack/attachments-service/internal/models/access_log.go:181.2,182.12 2 0
github.com/helixtrack/attachments-service/internal/models/access_log.go:186.52,188.19 2 0
github.com/helixtrack/attachments-service/internal/models/access_log.go:188.19,190.3 1 0
github.com/helixtrack/attachments-service/internal/models/access_log.go:191.2,191.18 1 0
github.com/helixtrack/attachments-service/internal/models/access_log.go:195.51,197.19 2 0
github.com/helixtrack/attachments-service/internal/models/access_log.go:197.19,199.3 1 0
github.com/helixtrack/attachments-service/internal/models/access_log.go:200.2,200.18 1 0
github.com/helixtrack/attachments-service/internal/models/access_log.go:232.48,241.2 1 0
github.com/helixtrack/attachments-service/internal/models/access_log.go:244.39,245.16 1 0
github.com/helixtrack/attachments-service/internal/models/access_log.go:245.16,247.3 1 0
github.com/helixtrack/attachments-service/internal/models/access_log.go:248.2,248.32 1 0
github.com/helixtrack/attachments-service/internal/models/access_log.go:248.32,250.3 1 0
github.com/helixtrack/attachments-service/internal/models/access_log.go:251.2,251.33 1 0
github.com/helixtrack/attachments-service/internal/models/access_log.go:251.33,253.3 1 0
github.com/helixtrack/attachments-service/internal/models/access_log.go:254.2,254.20 1 0
github.com/helixtrack/attachments-service/internal/models/access_log.go:254.20,256.3 1 0
github.com/helixtrack/attachments-service/internal/models/access_log.go:257.2,257.26 1 0
github.com/helixtrack/attachments-service/internal/models/access_log.go:257.26,259.3 1 0
github.com/helixtrack/attachments-service/internal/models/access_log.go:260.2,260.24 1 0
github.com/helixtrack/attachments-service/internal/models/access_log.go:260.24,262.3 1 0
github.com/helixtrack/attachments-service/internal/models/access_log.go:263.2,263.39 1 0
github.com/helixtrack/attachments-service/internal/models/access_log.go:263.39,265.3 1 0
github.com/helixtrack/attachments-service/internal/models/access_log.go:266.2,266.12 1 0
github.com/helixtrack/attachments-service/internal/models/access_log.go:270.33,274.2 3 0
github.com/helixtrack/attachments-service/internal/models/access_log.go:277.38,281.16 4 0
github.com/helixtrack/attachments-service/internal/models/access_log.go:281.16,284.3 2 0
github.com/helixtrack/attachments-service/internal/models/access_log.go:288.43,290.2 1 0
github.com/helixtrack/attachments-service/internal/models/access_log.go:293.41,296.2 2 0
github.com/helixtrack/attachments-service/internal/models/access_log.go:299.42,300.24 1 0
github.com/helixtrack/attachments-service/internal/models/access_log.go:300.24,302.3 1 0
github.com/helixtrack/attachments-service/internal/models/access_log.go:303.2,303.33 1 0
github.com/helixtrack/attachments-service/internal/models/access_log.go:307.39,309.2 1 0
github.com/helixtrack/attachments-service/internal/models/access_log.go:326.40,331.37 2 0
github.com/helixtrack/attachments-service/internal/models/access_log.go:331.37,332.22 1 0
github.com/helixtrack/attachments-service/internal/models/access_log.go:332.22,334.4 1 0
github.com/helixtrack/attachments-service/internal/models/access_log.go:336.2,336.14 1 0
github.com/helixtrack/attachments-service/internal/models/access_log.go:339.42,344.35 2 0
github.com/helixtrack/attachments-service/internal/models/access_log.go:344.35,345.23 1 0
github.com/helixtrack/attachments-service/internal/models/access_log.go:345.23,347.4 1 0
github.com/helixtrack/attachments-service/internal/models/access_log.go:349.2,349.14 1 0
github.com/helixtrack/attachments-service/internal/models/access_log.go:352.43,354.38 2 0
github.com/helixtrack/attachments-service/internal/models/access_log.go:354.38,355.22 1 0
github.com/helixtrack/attachments-service/internal/models/access_log.go:355.22,357.4 1 0
github.com/helixtrack/attachments-service/internal/models/access_log.go:359.2,359.14 1 0
github.com/helixtrack/attachments-service/internal/models/attachment_file.go:37.110,51.2 2 0
github.com/helixtrack/attachments-service/internal/models/attachment_file.go:54.43,55.18 1 0
github.com/helixtrack/attachments-service/internal/models/attachment_file.go:55.18,57.3 1 0
github.com/helixtrack/attachments-service/internal/models/attachment_file.go:58.2,58.23 1 0
github.com/helixtrack/attachments-service/internal/models/attachment_file.go:58.23,60.3 1 0
github.com/helixtrack/attachments-service/internal/models/attachment_file.go:61.2,61.21 1 0
github.com/helixtrack/attachments-service/internal/models/attachment_file.go:61.21,63.3 1 0
github.com/helixtrack/attachments-service/internal/models/attachment_file.go:64.2,64.22 1 0
github.com/helixtrack/attachments-service/internal/models/attachment_file.go:64.22,66.3 1 0
github.com/helixtrack/attachments-service/internal/models/attachment_file.go:67.2,67.28 1 0
github.com/helixtrack/attachments-service/internal/models/attachment_file.go:67.28,69.3 1 0
github.com/helixtrack/attachments-service/internal/models/attachment_file.go:70.2,70.20 1 0
github.com/helixtrack/attachments-service/internal/models/attachment_file.go:70.20,72.3 1 0
github.com/helixtrack/attachments-service/internal/models/attachment_file.go:73.2,73.29 1 0
github.com/helixtrack/attachments-service/internal/models/attachment_file.go:73.29,75.3 1 0
github.com/helixtrack/attachments-service/internal/models/attachment_file.go:76.2,76.48 1 0
github.com/helixtrack/attachments-service/internal/models/attachment_file.go:76.48,78.3 1 0
github.com/helixtrack/attachments-service/internal/models/attachment_file.go:79.2,79.20 1 0
github.com/helixtrack/attachments-service/internal/models/attachment_file.go:79.20,81.3 1 0
github.com/helixtrack/attachments-service/internal/models/attachment_file.go:82.2,82.25 1 0
github.com/helixtrack/attachments-service/internal/models/attachment_file.go:82.25,84.3 1 0
github.com/helixtrack/attachments-service/internal/models/attachment_file.go:85.2,85.12 1 0
github.com/helixtrack/attachments-service/internal/models/attachment_file.go:89.41,94.31 2 0
github.com/helixtrack/attachments-service/internal/models/attachment_file.go:94.31,95.39 1 0
github.com/helixtrack/attachments-service/internal/models/attachment_file.go:95.39,97.4 1 0
github.com/helixtrack/attachments-service/internal/models/attachment_file.go:99.2,99.14 1 0
github.com/helixtrack/attachments-service/internal/models/attachment_file.go:103.44,114.29 2 0
github.com/helixtrack/attachments-service/internal/models/attachment_file.go:114.29,115.39 1 0
github.com/helixtrack/attachments-service/internal/models/attachment_file.go:115.39,117.4 1 0
github.com/helixtrack/attachments-service/internal/models/attachment_file.go:119.2,119.14 1 0
github.com/helixtrack/attachments-service/internal/models/attachment_file.go:123.41,128.31 2 0
github.com/helixtrack/attachments-service/internal/models/attachment_file.go:128.31,129.39 1 0
github.com/helixtrack/attachments-service/internal/models/attachment_file.go:129.39,131.4 1 0
github.com/helixtrack/attachments-service/internal/models/attachment_file.go:133.2,133.14 1 0
github.com/helixtrack/attachments-service/internal/models/attachment_file.go:137.43,142.33 2 0
github.com/helixtrack/attachments-service/internal/models/attachment_file.go:142.33,143.39 1 0
github.com/helixtrack/attachments-service/internal/models/attachment_file.go:143.39,145.4 1 0
github.com/helixtrack/attachments-service/internal/models/attachment_file.go:147.2,147.14 1 0
github.com/helixtrack/attachments-service/internal/models/attachment_file.go:151.56,153.2 1 0
github.com/helixtrack/attachments-service/internal/models/attachment_file.go:156.71,161.2 4 0
github.com/helixtrack/attachments-service/internal/models/attachment_file.go:164.47,166.2 1 0
github.com/helixtrack/attachments-service/internal/models/attachment_file.go:169.49,174.34 2 0
github.com/helixtrack/attachments-service/internal/models/attachment_file.go:174.34,175.18 1 0
github.com/helixtrack/attachments-service/internal/models/attachment_file.go:175.18,177.4 1 0
github.com/helixtrack/attachments-service/internal/models/attachment_file.go:179.2,179.14 1 0
github.com/helixtrack/attachments-service/internal/models/attachment_file.go:183.47,206.58 2 0
github.com/helixtrack/attachments-service/internal/models/attachment_file.go:206.58,208.3 1 0
github.com/helixtrack/attachments-service/internal/models/attachment_file.go:211.2,212.21 2 0
github.com/helixtrack/attachments-service/internal/models/attachment_file.go:212.21,214.3 1 0
github.com/helixtrack/attachments-service/internal/models/attachment_file.go:216.2,216.11 1 0
github.com/helixtrack/attachments-service/internal/models/attachment_file.go:220.38,222.18 2 0
github.com/helixtrack/attachments-service/internal/models/attachment_file.go:222.18,224.3 1 0
github.com/helixtrack/attachments-service/internal/models/attachment_file.go:225.2,226.46 2 0
github.com/helixtrack/attachments-service/internal/models/attachment_file.go:226.46,229.3 2 0
github.com/helixtrack/attachments-service/internal/models/attachment_file.go:230.2,231.72 2 0
github.com/helixtrack/attachments-service/internal/models/attachment_reference.go:41.111,56.2 2 0
github.com/helixtrack/attachments-service/internal/models/attachment_reference.go:59.48,60.16 1 0
github.com/helixtrack/attachments-service/internal/models/attachment_reference.go:60.16,62.3 1 0
github.com/helixtrack/attachments-service/internal/models/attachment_reference.go:63.2,63.22 1 0
github.com/helixtrack/attachments-service/internal/models/attachment_reference.go:63.22,65.3 1 0
github.com/helixtrack/attachments-service/internal/models/attachment_reference.go:66.2,66.27 1 0
github.com/helixtrack/attachments-service/internal/models/attachment_reference.go:66.27,68.3 1 0
github.com/helixtrack/attachments-service/internal/models/attachment_reference.go:69.2,69.24 1 0
github.com/helixtrack/attachments-service/internal/models/attachment_reference.go:69.24,71.3 1 0
github.com/helixtrack/attachments-service/internal/models/attachment_reference.go:72.2,72.38 1 0
github.com/helixtrack/attachments-service/internal/models/attachment_reference.go:72.38,74.3 1 0
github.com/helixtrack/attachments-service/internal/models/attachment_reference.go:75.2,75.22 1 0
github.com/helixtrack/attachments-service/internal/models/attachment_reference.go:75.22,77.3 1 0
github.com/helixtrack/attachments-service/internal/models/attachment_reference.go:78.2,78.22 1 0
github.com/helixtrack/attachments-service/internal/models/attachment_reference.go:78.22,80.3 1 0
github.com/helixtrack/attachments-service/internal/models/attachment_reference.go:81.2,81.27 1 0
github.com/helixtrack/attachments-service/internal/models/attachment_reference.go:81.27,83.3 1 0
github.com/helixtrack/attachments-service/internal/models/attachment_reference.go:84.2,84.24 1 0
github.com/helixtrack/attachments-service/internal/models/attachment_reference.go:84.24,86.3 1 0
github.com/helixtrack/attachments-service/internal/models/attachment_reference.go:87.2,87.19 1 0
github.com/helixtrack/attachments-service/internal/models/attachment_reference.go:87.19,89.3 1 0
github.com/helixtrack/attachments-service/internal/models/attachment_reference.go:90.2,90.20 1 0
github.com/helixtrack/attachments-service/internal/models/attachment_reference.go:90.20,92.3 1 0
github.com/helixtrack/attachments-service/internal/models/attachment_reference.go:93.2,93.21 1 0
github.com/helixtrack/attachments-service/internal/models/attachment_reference.go:93.21,95.3 1 0
github.com/helixtrack/attachments-service/internal/models/attachment_reference.go:96.2,96.12 1 0
github.com/helixtrack/attachments-service/internal/models/attachment_reference.go:100.47,102.20 2 0
github.com/helixtrack/attachments-service/internal/models/attachment_reference.go:102.20,104.3 1 0
github.com/helixtrack/attachments-service/internal/models/attachment_reference.go:105.2,105.18 1 0
github.com/helixtrack/attachments-service/internal/models/attachment_reference.go:109.50,112.2 2 0
github.com/helixtrack/attachments-service/internal/models/attachment_reference.go:115.50,117.15 2 0
github.com/helixtrack/attachments-service/internal/models/attachment_reference.go:117.15,119.3 1 0
github.com/helixtrack/attachments-service/internal/models/attachment_reference.go:122.2,122.27 1 0
github.com/helixtrack/attachments-service/internal/models/attachment_reference.go:122.27,123.15 1 0
github.com/helixtrack/attachments-service/internal/models/attachment_reference.go:123.15,125.4 1 0
github.com/helixtrack/attachments-service/internal/models/attachment_reference.go:128.2,129.32 2 0
github.com/helixtrack/attachments-service/internal/models/attachment_reference.go:133.53,136.27 3 0
github.com/helixtrack/attachments-service/internal/models/attachment_reference.go:136.27,137.15 1 0
github.com/helixtrack/attachments-service/internal/models/attachment_reference.go:137.15,139.4 1 0
github.com/helixtrack/attachments-service/internal/models/attachment_reference.go:141.2,141.33 1 0
github.com/helixtrack/attachments-service/internal/models/attachment_reference.go:141.33,144.3 2 0
github.com/helixtrack/attachments-service/internal/models/attachment_reference.go:148.55,150.27 2 0
github.com/helixtrack/attachments-service/internal/models/attachment_reference.go:150.27,151.15 1 0
github.com/helixtrack/attachments-service/internal/models/attachment_reference.go:151.15,153.4 1 0
github.com/helixtrack/attachments-service/internal/models/attachment_reference.go:155.2,155.14 1 0
github.com/helixtrack/attachments-service/internal/models/attachment_reference.go:159.57,161.20 2 0
github.com/helixtrack/attachments-service/internal/models/attachment_reference.go:161.20,163.3 1 0
github.com/helixtrack/attachments-service/internal/models/attachment_reference.go:164.2,164.11 1 0
github.com/helixtrack/attachments-service/internal/models/attachment_reference.go:168.44,171.2 2 0
github.com/helixtrack/attachments-service/internal/models/attachment_reference.go:174.41,177.2 2 0
github.com/helixtrack/attachments-service/internal/models/attachment_reference.go:180.63,183.2 2 0
github.com/helixtrack/attachments-service/internal/models/attachment_reference.go:186.69,187.23 1 0
github.com/helixtrack/attachments-service/internal/models/attachment_reference.go:187.23,189.3 1 0
github.com/helixtrack/attachments-service/internal/models/attachment_reference.go:189.8,191.3 1 0
github.com/helixtrack/attachments-service/internal/models/attachment_reference.go:192.2,192.32 1 0
github.com/helixtrack/attachments-service/internal/models/attachment_reference.go:196.48,202.31 2 0
github.com/helixtrack/attachments-service/internal/models/attachment_reference.go:202.31,203.22 1 0
github.com/helixtrack/attachments-service/internal/models/attachment_reference.go:203.22,205.4 1 0
github.com/helixtrack/attachments-service/internal/models/attachment_reference.go:207.2,207.14 1 0
github.com/helixtrack/attachments-service/internal/models/attachment_reference.go:211.47,223.25 5 0
github.com/helixtrack/attachments-service/internal/models/attachment_reference.go:223.25,226.21 3 0
github.com/helixtrack/attachments-service/internal/models/attachment_reference.go:226.21,228.4 1 0
github.com/helixtrack/attachments-service/internal/models/attachment_reference.go:229.3,229.43 1 0
github.com/helixtrack/attachments-service/internal/models/attachment_reference.go:232.2,232.17 1 0
github.com/helixtrack/attachments-service/internal/models/attachment_reference.go:236.37,242.2 1 0
github.com/helixtrack/attachments-service/internal/models/quota.go:26.49,37.2 2 0
github.com/helixtrack/attachments-service/internal/models/quota.go:40.40,41.20 1 0
github.com/helixtrack/attachments-service/internal/models/quota.go:41.20,43.3 1 0
github.com/helixtrack/attachments-service/internal/models/quota.go:44.2,44.21 1 0
github.com/helixtrack/attachments-service/internal/models/quota.go:44.21,46.3 1 0
github.com/helixtrack/attachments-service/internal/models/quota.go:47.2,47.21 1 0
github.com/helixtrack/attachments-service/internal/models/quota.go:47.21,49.3 1 0
github.com/helixtrack/attachments-service/internal/models/quota.go:50.2,50.21 1 0
github.com/helixtrack/attachments-service/internal/models/quota.go:50.21,52.3 1 0
github.com/helixtrack/attachments-service/internal/models/quota.go:53.2,53.21 1 0
github.com/helixtrack/attachments-service/internal/models/quota.go:53.21,55.3 1 0
github.com/helixtrack/attachments-service/internal/models/quota.go:56.2,56.30 1 0
github.com/helixtrack/attachments-service/internal/models/quota.go:56.30,58.3 1 0
github.com/helixtrack/attachments-service/internal/models/quota.go:59.2,59.30 1 0
github.com/helixtrack/attachments-service/internal/models/quota.go:59.30,61.3 1 0
github.com/helixtrack/attachments-service/internal/models/quota.go:62.2,62.20 1 0
github.com/helixtrack/attachments-service/internal/models/quota.go:62.20,64.3 1 0
github.com/helixtrack/attachments-service/internal/models/quota.go:65.2,65.12 1 0
github.com/helixtrack/attachments-service/internal/models/quota.go:69.55,71.2 1 0
github.com/helixtrack/attachments-service/internal/models/quota.go:74.76,78.27 3 0
github.com/helixtrack/attachments-service/internal/models/quota.go:78.27,80.3 1 0
github.com/helixtrack/attachments-service/internal/models/quota.go:81.2,81.27 1 0
github.com/helixtrack/attachments-service/internal/models/quota.go:81.27,83.3 1 0
github.com/helixtrack/attachments-service/internal/models/quota.go:85.2,88.12 4 0
github.com/helixtrack/attachments-service/internal/models/quota.go:92.70,97.21 3 0
github.com/helixtrack/attachments-service/internal/models/quota.go:97.21,99.3 1 0
github.com/helixtrack/attachments-service/internal/models/quota.go:100.2,100.21 1 0
github.com/helixtrack/attachments-service/internal/models/quota.go:100.21,102.3 1 0
github.com/helixtrack/attachments-service/internal/models/quota.go:104.2,104.32 1 0
github.com/helixtrack/attachments-service/internal/models/quota.go:108.49,109.21 1 0
github.com/helixtrack/attachments-service/internal/models/quota.go:109.21,111.3 1 0
github.com/helixtrack/attachments-service/internal/models/quota.go:112.2,112.59 1 0
github.com/helixtrack/attachments-service/internal/models/quota.go:116.54,117.21 1 0
github.com/helixtrack/attachments-service/internal/models/quota.go:117.21,119.3 1 0
github.com/helixtrack/attachments-service/internal/models/quota.go:120.2,120.59 1 0
github.com/helixtrack/attachments-service/internal/models/quota.go:124.49,126.19 2 0
github.com/helixtrack/attachments-service/internal/models/quota.go:126.19,128.3 1 0
github.com/helixtrack/attachments-service/internal/models/quota.go:129.2,129.18 1 0
github.com/helixtrack/attachments-service/internal/models/quota.go:133.47,135.19 2 0
github.com/helixtrack/attachments-service/internal/models/quota.go:135.19,137.3 1 0
github.com/helixtrack/attachments-service/internal/models/quota.go:138.2,138.18 1 0
github.com/helixtrack/attachments-service/internal/models/quota.go:142.42,144.2 1 0
github.com/helixtrack/attachments-service/internal/models/quota.go:159.64,170.2 1 0
github.com/helixtrack/attachments-service/internal/models/storage.go:42.110,56.2 2 0
github.com/helixtrack/attachments-service/internal/models/storage.go:59.44,60.16 1 0
github.com/helixtrack/attachments-service/internal/models/storage.go:60.16,62.3 1 0
github.com/helixtrack/attachments-service/internal/models/storage.go:63.2,63.18 1 0
github.com/helixtrack/attachments-service/internal/models/storage.go:63.18,65.3 1 0
github.com/helixtrack/attachments-service/internal/models/storage.go:66.2,66.33 1 0
github.com/helixtrack/attachments-service/internal/models/storage.go:66.33,68.3 1 0
github.com/helixtrack/attachments-service/internal/models/storage.go:69.2,69.26 1 0
github.com/helixtrack/attachments-service/internal/models/storage.go:69.26,71.3 1 0
github.com/helixtrack/attachments-service/internal/models/storage.go:72.2,72.28 1 0
github.com/helixtrack/attachments-service/internal/models/storage.go:72.28,74.3 1 0
github.com/helixtrack/attachments-service/internal/models/storage.go:75.2,75.20 1 0
github.com/helixtrack/attachments-service/internal/models/storage.go:75.20,77.3 1 0
github.com/helixtrack/attachments-service/internal/models/storage.go:78.2,78.23 1 0
github.com/helixtrack/attachments-service/internal/models/storage.go:78.23,80.3 1 0
github.com/helixtrack/attachments-service/internal/models/storage.go:81.2,81.51 1 0
github.com/helixtrack/attachments-service/internal/models/storage.go:81.51,83.3 1 0
github.com/helixtrack/attachments-service/internal/models/storage.go:84.2,84.20 1 0
github.com/helixtrack/attachments-service/internal/models/storage.go:84.20,86.3 1 0
github.com/helixtrack/attachments-service/internal/models/storage.go:87.2,87.12 1 0
github.com/helixtrack/attachments-service/internal/models/storage.go:91.66,93.16 2 0
github.com/helixtrack/attachments-service/internal/models/storage.go:93.16,95.3 1 0
github.com/helixtrack/attachments-service/internal/models/storage.go:96.2,96.26 1 0
github.com/helixtrack/attachments-service/internal/models/storage.go:100.74,102.65 2 0
github.com/helixtrack/attachments-service/internal/models/storage.go:102.65,104.3 1 0
github.com/helixtrack/attachments-service/internal/models/storage.go:105.2,106.12 2 0
github.com/helixtrack/attachments-service/internal/models/storage.go:110.49,111.27 1 0
github.com/helixtrack/attachments-service/internal/models/storage.go:111.27,113.3 1 0
github.com/helixtrack/attachments-service/internal/models/storage.go:114.2,115.44 2 0
github.com/helixtrack/attachments-service/internal/models/storage.go:119.53,120.51 1 0
github.com/helixtrack/attachments-service/internal/models/storage.go:120.51,122.3 1 0
github.com/helixtrack/attachments-service/internal/models/storage.go:123.2,123.66 1 0
github.com/helixtrack/attachments-service/internal/models/storage.go:127.51,129.23 2 0
github.com/helixtrack/attachments-service/internal/models/storage.go:129.23,131.3 1 0
github.com/helixtrack/attachments-service/internal/models/storage.go:132.2,132.32 1 0
github.com/helixtrack/attachments-service/internal/models/storage.go:136.36,139.2 2 0
github.com/helixtrack/attachments-service/internal/models/storage.go:142.37,145.2 2 0
github.com/helixtrack/attachments-service/internal/models/storage.go:165.65,171.2 1 0
github.com/helixtrack/attachments-service/internal/models/storage.go:174.42,175.24 1 0
github.com/helixtrack/attachments-service/internal/models/storage.go:175.24,177.3 1 0
github.com/helixtrack/attachments-service/internal/models/storage.go:178.2,178.36 1 0
github.com/helixtrack/attachments-service/internal/models/storage.go:178.36,180.3 1 0
github.com/helixtrack/attachments-service/internal/models/storage.go:181.2,181.22 1 0
github.com/helixtrack/attachments-service/internal/models/storage.go:181.22,183.3 1 0
github.com/helixtrack/attachments-service/internal/models/storage.go:184.2,184.44 1 0
github.com/helixtrack/attachments-service/internal/models/storage.go:184.44,186.3 1 0
github.com/helixtrack/attachments-service/internal/models/storage.go:187.2,187.54 1 0
github.com/helixtrack/attachments-service/internal/models/storage.go:187.54,189.3 1 0
github.com/helixtrack/attachments-service/internal/models/storage.go:190.2,190.12 1 0
github.com/helixtrack/attachments-service/internal/models/storage.go:194.42,196.2 1 0
github.com/helixtrack/attachments-service/internal/models/storage.go:200.40,205.35 2 0
github.com/helixtrack/attachments-service/internal/models/storage.go:205.35,206.17 1 0
github.com/helixtrack/attachments-service/internal/models/storage.go:206.17,208.4 1 0
github.com/helixtrack/attachments-service/internal/models/storage.go:210.2,210.14 1 0
github.com/helixtrack/attachments-service/internal/models/storage.go:213.33,215.35 2 0
github.com/helixtrack/attachments-service/internal/models/storage.go:215.35,216.17 1 0
github.com/helixtrack/attachments-service/internal/models/storage.go:216.17,218.4 1 0
github.com/helixtrack/attachments-service/internal/models/storage.go:220.2,220.14 1 0
github.com/helixtrack/attachments-service/internal/models/storage.go:223.41,227.38 2 0
github.com/helixtrack/attachments-service/internal/models/storage.go:227.38,228.17 1 0
github.com/helixtrack/attachments-service/internal/models/storage.go:228.17,230.4 1 0
github.com/helixtrack/attachments-service/internal/models/storage.go:232.2,232.14 1 0
